Using pre-set license
Built from '2022.3/staging' branch; Version is '2022.3.16f1 (d2c21f0ef2f1) revision 13812255'; Using compiler version '192829333'; Build Type 'Release'
OS: 'Windows 10  (10.0.19045) 64bit Professional' Language: 'en' Physical Memory: 32498 MB
BatchMode: 1, IsHumanControllingUs: 0, StartBugReporterOnCrash: 0, Is64bit: 1, IsPro: 1

COMMAND LINE ARGUMENTS:
C:\Program Files\Unity\Hub\Editor\2022.3.16f1\Editor\Unity.exe
-adb2
-batchMode
-noUpm
-name
AssetImportWorker0
-projectPath
C:/Users/Zachary Windover/3D Project
-logFile
Logs/AssetImportWorker0.log
-srvPort
50261
Successfully changed project path to: C:/Users/Zachary Windover/3D Project
C:/Users/Zachary Windover/3D Project
[UnityMemory] Configuration Parameters - Can be set up in boot.config
    "memorysetup-bucket-allocator-granularity=16"
    "memorysetup-bucket-allocator-bucket-count=8"
    "memorysetup-bucket-allocator-block-size=33554432"
    "memorysetup-bucket-allocator-block-count=8"
    "memorysetup-main-allocator-block-size=16777216"
    "memorysetup-thread-allocator-block-size=16777216"
    "memorysetup-gfx-main-allocator-block-size=16777216"
    "memorysetup-gfx-thread-allocator-block-size=16777216"
    "memorysetup-cache-allocator-block-size=4194304"
    "memorysetup-typetree-allocator-block-size=2097152"
    "memorysetup-profiler-bucket-allocator-granularity=16"
    "memorysetup-profiler-bucket-allocator-bucket-count=8"
    "memorysetup-profiler-bucket-allocator-block-size=33554432"
    "memorysetup-profiler-bucket-allocator-block-count=8"
    "memorysetup-profiler-allocator-block-size=16777216"
    "memorysetup-profiler-editor-allocator-block-size=1048576"
    "memorysetup-temp-allocator-size-main=16777216"
    "memorysetup-job-temp-allocator-block-size=2097152"
    "memorysetup-job-temp-allocator-block-size-background=1048576"
    "memorysetup-job-temp-allocator-reduction-small-platforms=262144"
    "memorysetup-allocator-temp-initial-block-size-main=262144"
    "memorysetup-allocator-temp-initial-block-size-worker=262144"
    "memorysetup-temp-allocator-size-background-worker=32768"
    "memorysetup-temp-allocator-size-job-worker=262144"
    "memorysetup-temp-allocator-size-preload-manager=33554432"
    "memorysetup-temp-allocator-size-nav-mesh-worker=65536"
    "memorysetup-temp-allocator-size-audio-worker=65536"
    "memorysetup-temp-allocator-size-cloud-worker=32768"
    "memorysetup-temp-allocator-size-gi-baking-worker=262144"
    "memorysetup-temp-allocator-size-gfx=262144"
Player connection [13564] Host "[IP] 192.168.56.1 [Port] 0 [Flags] 2 [Guid] 1552449747 [EditorId] 1552449747 [Version] 1048832 [Id] WindowsEditor(7,DESKTOP-K3F6L44) [Debug] 1 [PackageName] WindowsEditor [ProjectName] Editor" joined multi-casting on [225.0.0.222:54997]...

Player connection [13564] Host "[IP] 192.168.56.1 [Port] 0 [Flags] 2 [Guid] 1552449747 [EditorId] 1552449747 [Version] 1048832 [Id] WindowsEditor(7,DESKTOP-K3F6L44) [Debug] 1 [PackageName] WindowsEditor [ProjectName] Editor" joined alternative multi-casting on [225.0.0.222:34997]...

[Physics::Module] Initialized MultithreadedJobDispatcher with 11 workers.
Refreshing native plugins compatible for Editor in 59.84 ms, found 3 plugins.
Preloading 0 native plugins for Editor in 0.00 ms.
Initialize engine version: 2022.3.16f1 (d2c21f0ef2f1)
[Subsystems] Discovering subsystems at path C:/Program Files/Unity/Hub/Editor/2022.3.16f1/Editor/Data/Resources/UnitySubsystems
[Subsystems] Discovering subsystems at path C:/Users/Zachary Windover/3D Project/Assets
GfxDevice: creating device client; threaded=0; jobified=0
Direct3D:
    Version:  Direct3D 11.0 [level 11.1]
    Renderer: Intel(R) UHD Graphics 630 (ID=0x3e9b)
    Vendor:   Intel
    VRAM:     16249 MB
    Driver:   27.20.100.9664
Initialize mono
Mono path[0] = 'C:/Program Files/Unity/Hub/Editor/2022.3.16f1/Editor/Data/Managed'
Mono path[1] = 'C:/Program Files/Unity/Hub/Editor/2022.3.16f1/Editor/Data/MonoBleedingEdge/lib/mono/unityjit-win32'
Mono config path = 'C:/Program Files/Unity/Hub/Editor/2022.3.16f1/Editor/Data/MonoBleedingEdge/etc'
Using monoOptions --debugger-agent=transport=dt_socket,embedding=1,server=y,suspend=n,address=127.0.0.1:56596
Begin MonoManager ReloadAssembly
Registering precompiled unity dll's ...
Register platform support module: C:/Program Files/Unity/Hub/Editor/2022.3.16f1/Editor/Data/PlaybackEngines/WindowsStandaloneSupport/UnityEditor.WindowsStandalone.Extensions.dll
Registered in 0.017398 seconds.
- Loaded All Assemblies, in  0.940 seconds
Native extension for WindowsStandalone target not found
Mono: successfully reloaded assembly
- Finished resetting the current domain, in  0.745 seconds
Domain Reload Profiling: 1679ms
	BeginReloadAssembly (282ms)
		ExecutionOrderSort (0ms)
		DisableScriptedObjects (0ms)
		BackupInstance (0ms)
		ReleaseScriptingObjects (0ms)
		CreateAndSetChildDomain (1ms)
	RebuildCommonClasses (92ms)
	RebuildNativeTypeToScriptingClass (30ms)
	initialDomainReloadingComplete (159ms)
	LoadAllAssembliesAndSetupDomain (369ms)
		LoadAssemblies (278ms)
		RebuildTransferFunctionScriptingTraits (0ms)
		AnalyzeDomain (364ms)
			TypeCache.Refresh (363ms)
				TypeCache.ScanAssembly (326ms)
			ScanForSourceGeneratedMonoScriptInfo (1ms)
			ResolveRequiredComponents (1ms)
	FinalizeReload (746ms)
		ReleaseScriptCaches (0ms)
		RebuildScriptCaches (0ms)
		SetupLoadedEditorAssemblies (589ms)
			LogAssemblyErrors (0ms)
			InitializePlatformSupportModulesInManaged (25ms)
			SetLoadedEditorAssemblies (22ms)
			RefreshPlugins (0ms)
			BeforeProcessingInitializeOnLoad (5ms)
			ProcessInitializeOnLoadAttributes (404ms)
			ProcessInitializeOnLoadMethodAttributes (132ms)
			AfterProcessingInitializeOnLoad (0ms)
			EditorAssembliesLoaded (0ms)
		ExecutionOrderSort2 (0ms)
		AwakeInstancesAfterBackupRestoration (0ms)
========================================================================
Worker process is ready to serve import requests
Begin MonoManager ReloadAssembly
Symbol file LoadedFromMemory is not a mono symbol file
- Loaded All Assemblies, in  2.222 seconds
Refreshing native plugins compatible for Editor in 26.02 ms, found 3 plugins.
Native extension for WindowsStandalone target not found
Package Manager log level set to [2]
[Package Manager] Server::EnsureServerProcessIsRunning -- launch failed, reason: Unity was launched with the -noUpm command-line argument
[Package Manager] UpmClient::Send -- Unable to send message (not connected to UPM process).
[Package Manager] Cannot connect to Unity Package Manager local server
Mono: successfully reloaded assembly
- Finished resetting the current domain, in  2.741 seconds
Domain Reload Profiling: 4949ms
	BeginReloadAssembly (395ms)
		ExecutionOrderSort (0ms)
		DisableScriptedObjects (15ms)
		BackupInstance (0ms)
		ReleaseScriptingObjects (0ms)
		CreateAndSetChildDomain (50ms)
	RebuildCommonClasses (102ms)
	RebuildNativeTypeToScriptingClass (32ms)
	initialDomainReloadingComplete (131ms)
	LoadAllAssembliesAndSetupDomain (1547ms)
		LoadAssemblies (949ms)
		RebuildTransferFunctionScriptingTraits (0ms)
		AnalyzeDomain (831ms)
			TypeCache.Refresh (704ms)
				TypeCache.ScanAssembly (647ms)
			ScanForSourceGeneratedMonoScriptInfo (90ms)
			ResolveRequiredComponents (34ms)
	FinalizeReload (2742ms)
		ReleaseScriptCaches (0ms)
		RebuildScriptCaches (0ms)
		SetupLoadedEditorAssemblies (2104ms)
			LogAssemblyErrors (0ms)
			InitializePlatformSupportModulesInManaged (22ms)
			SetLoadedEditorAssemblies (10ms)
			RefreshPlugins (0ms)
			BeforeProcessingInitializeOnLoad (265ms)
			ProcessInitializeOnLoadAttributes (1202ms)
			ProcessInitializeOnLoadMethodAttributes (577ms)
			AfterProcessingInitializeOnLoad (28ms)
			EditorAssembliesLoaded (1ms)
		ExecutionOrderSort2 (0ms)
		AwakeInstancesAfterBackupRestoration (16ms)
Launched and connected shader compiler UnityShaderCompiler.exe after 0.10 seconds
Refreshing native plugins compatible for Editor in 28.14 ms, found 3 plugins.
Preloading 0 native plugins for Editor in 0.00 ms.
Unloading 7519 Unused Serialized files (Serialized files now loaded: 0)
Unloading 249 unused Assets / (13.2 MB). Loaded Objects now: 7843.
Memory consumption went from 405.3 MB to 392.1 MB.
Total: 23.819800 ms (FindLiveObjects: 1.230500 ms CreateObjectMapping: 1.684100 ms MarkObjects: 17.120100 ms  DeleteObjects: 3.782500 ms)

AssetImportParameters requested are different than current active one (requested -> active):
  custom:container-demuxer-ogg: 62fdf1f143b41e24485cea50d1cbac27 -> 
  custom:framework-win-MediaFoundation: 216162199b28c13a410421893ffa2e32 -> 
  custom:container-muxer-webm: aa71ff27fc2769a1b78a27578f13a17b -> 
  custom:video-decoder-webm-vp8: 9c59270c3fd7afecdb556c50c9e8de78 -> 
  custom:SearchIndexIgnoredProperties: e643bd26f0fe6173181afceb89e7c659 -> 
  custom:AudioImporter_EditorPlatform: d09bf68614088b80899f8185d706f6e7 -> 
  custom:audio-decoder-ogg-vorbis: bf7c407c2cedff20999df2af8eb42d56 -> 
  custom:audio-encoder-webm-vorbis: bf7c407c2cedff20999df2af8eb42d56 -> 
  custom:video-decoder-ogg-theora: a1e56fd34408186e4bbccfd4996cb3dc -> 
  custom:CustomObjectIndexerAttribute: 4d1d7186bcbbfe361de5f0ad951e585c -> 
  custom:container-demuxer-webm: 4f35f7cbe854078d1ac9338744f61a02 -> 
  custom:video-encoder-webm-vp8: eb34c28f22e8b96e1ab97ce403110664 -> 
========================================================================
Received Import Request.
  Time since last request: 337.232055 seconds.
  path: Assets/Third Party Assets/Primary/Rifles/M4A1_PBR/Materials/M4A1_Sights.mat
  artifactKey: Guid(2a17ae4f8d839d24f87bc41f382f36c6) Importer(815301076,1909f56bfc062723c751e8b465ee728b)
Start importing Assets/Third Party Assets/Primary/Rifles/M4A1_PBR/Materials/M4A1_Sights.mat using Guid(2a17ae4f8d839d24f87bc41f382f36c6) Importer(815301076,1909f56bfc062723c751e8b465ee728b)  -> (artifact id: 'b2ee55752b0b5ed92a155d710843187b') in 0.874358 seconds
Number of updated asset objects reloaded before import = 0
Number of asset objects unloaded after import = 4
========================================================================
Received Import Request.
  Time since last request: 0.000047 seconds.
  path: Assets/Third Party Assets/Primary/Rifles/M4A1_PBR/Materials/M4A1_Stock_Rail.mat
  artifactKey: Guid(94b89a74d36974b4baf82c003488c6ed) Importer(815301076,1909f56bfc062723c751e8b465ee728b)
Start importing Assets/Third Party Assets/Primary/Rifles/M4A1_PBR/Materials/M4A1_Stock_Rail.mat using Guid(94b89a74d36974b4baf82c003488c6ed) Importer(815301076,1909f56bfc062723c751e8b465ee728b)  -> (artifact id: '4f6b5cead5d32ef65f8e3b98c17725f7') in 0.125655 seconds
Number of updated asset objects reloaded before import = 0
Number of asset objects unloaded after import = 6
========================================================================
Received Import Request.
  Time since last request: 350.072503 seconds.
  path: Assets/mp5-free
  artifactKey: Guid(7577d44c07e36524ea6ba505f31bbab3) Importer(815301076,1909f56bfc062723c751e8b465ee728b)
Start importing Assets/mp5-free using Guid(7577d44c07e36524ea6ba505f31bbab3) Importer(815301076,1909f56bfc062723c751e8b465ee728b)  -> (artifact id: '6a4fcfab2569844b133f6fb68a481601') in 0.001779 seconds
Number of updated asset objects reloaded before import = 0
Number of asset objects unloaded after import = 0
========================================================================
Received Import Request.
  Time since last request: 1.418547 seconds.
  path: Assets/low-poly-beretta-arx200
  artifactKey: Guid(7435f7107fd9bf945a8cfdc9c02d9a30) Importer(815301076,1909f56bfc062723c751e8b465ee728b)
Start importing Assets/low-poly-beretta-arx200 using Guid(7435f7107fd9bf945a8cfdc9c02d9a30) Importer(815301076,1909f56bfc062723c751e8b465ee728b)  -> (artifact id: 'ada979db8f7bb327135c661f19576879') in 0.000905 seconds
Number of updated asset objects reloaded before import = 0
Number of asset objects unloaded after import = 0
========================================================================
Received Import Request.
  Time since last request: 174.810253 seconds.
  path: Assets/scar-l
  artifactKey: Guid(623bb0d6ba21dd84d95aa1db85c66157) Importer(815301076,1909f56bfc062723c751e8b465ee728b)
Start importing Assets/scar-l using Guid(623bb0d6ba21dd84d95aa1db85c66157) Importer(815301076,1909f56bfc062723c751e8b465ee728b)  -> (artifact id: '38153aa5fb5069296a8c4c1a596fa76b') in 0.000720 seconds
Number of updated asset objects reloaded before import = 0
Number of asset objects unloaded after import = 0
========================================================================
Received Import Request.
  Time since last request: 1.664629 seconds.
  path: Assets/low-poly-fn-scar-h
  artifactKey: Guid(54bc248c18a097b4db34cfbd50c67fe2) Importer(815301076,1909f56bfc062723c751e8b465ee728b)
Start importing Assets/low-poly-fn-scar-h using Guid(54bc248c18a097b4db34cfbd50c67fe2) Importer(815301076,1909f56bfc062723c751e8b465ee728b)  -> (artifact id: '7a92f55b4a23d95653def1c48f9b6a71') in 0.000748 seconds
Number of updated asset objects reloaded before import = 0
Number of asset objects unloaded after import = 0
========================================================================
Received Import Request.
  Time since last request: 88.285356 seconds.
  path: Assets/fn-502-tactical-22-lr
  artifactKey: Guid(bbb920e8a95d82d47b7112e5dabd30ff) Importer(815301076,1909f56bfc062723c751e8b465ee728b)
Start importing Assets/fn-502-tactical-22-lr using Guid(bbb920e8a95d82d47b7112e5dabd30ff) Importer(815301076,1909f56bfc062723c751e8b465ee728b)  -> (artifact id: '88a1fc96040f5c0987da6112cf7d830a') in 0.000680 seconds
Number of updated asset objects reloaded before import = 0
Number of asset objects unloaded after import = 0
========================================================================
Received Import Request.
  Time since last request: 9.156672 seconds.
  path: Assets/fn-502-tactical-22-lr suppressed
  artifactKey: Guid(bbb920e8a95d82d47b7112e5dabd30ff) Importer(815301076,1909f56bfc062723c751e8b465ee728b)
Start importing Assets/fn-502-tactical-22-lr suppressed using Guid(bbb920e8a95d82d47b7112e5dabd30ff) Importer(815301076,1909f56bfc062723c751e8b465ee728b)  -> (artifact id: 'e2b6320c7849f19f6fce5c44e00305d4') in 0.001133 seconds
Number of updated asset objects reloaded before import = 0
Number of asset objects unloaded after import = 0
========================================================================
Received Import Request.
  Time since last request: 72.088594 seconds.
  path: Assets/fn-502-tactical-22-lr (3)
  artifactKey: Guid(747232f546f8ad846ae33713f2b72fb6) Importer(815301076,1909f56bfc062723c751e8b465ee728b)
Start importing Assets/fn-502-tactical-22-lr (3) using Guid(747232f546f8ad846ae33713f2b72fb6) Importer(815301076,1909f56bfc062723c751e8b465ee728b)  -> (artifact id: 'e48ecf8c1ec9e45600e62cdf4a6916b9') in 0.001560 seconds
Number of updated asset objects reloaded before import = 0
Number of asset objects unloaded after import = 0
========================================================================
Received Import Request.
  Time since last request: 5.422912 seconds.
  path: Assets/fn-502-tactical-22-lr (3)/source
  artifactKey: Guid(e2c5e6c9c024dce40ba46ee5286cbe31) Importer(815301076,1909f56bfc062723c751e8b465ee728b)
Start importing Assets/fn-502-tactical-22-lr (3)/source using Guid(e2c5e6c9c024dce40ba46ee5286cbe31) Importer(815301076,1909f56bfc062723c751e8b465ee728b)  -> (artifact id: '6eeb0e7d99f48234d5443634fecfb681') in 0.000722 seconds
Number of updated asset objects reloaded before import = 0
Number of asset objects unloaded after import = 0
========================================================================
Received Import Request.
  Time since last request: 89.527937 seconds.
  path: Assets/fnh-scar-heavy-mk17
  artifactKey: Guid(fc086b83fe244de4682c64548b7c37ff) Importer(815301076,1909f56bfc062723c751e8b465ee728b)
Start importing Assets/fnh-scar-heavy-mk17 using Guid(fc086b83fe244de4682c64548b7c37ff) Importer(815301076,1909f56bfc062723c751e8b465ee728b)  -> (artifact id: 'd9e1903934171b13abaee5d306d70fe9') in 0.001066 seconds
Number of updated asset objects reloaded before import = 0
Number of asset objects unloaded after import = 0
========================================================================
Received Import Request.
  Time since last request: 51.877616 seconds.
  path: Assets/Third Party Assets/low-poly-beretta-arx200/source
  artifactKey: Guid(b88ad7962b855ad4ea423e6ca478b573) Importer(815301076,1909f56bfc062723c751e8b465ee728b)
Start importing Assets/Third Party Assets/low-poly-beretta-arx200/source using Guid(b88ad7962b855ad4ea423e6ca478b573) Importer(815301076,1909f56bfc062723c751e8b465ee728b)  -> (artifact id: '41cd9e20c76fe9afff5b1acadc3ddb54') in 0.001140 seconds
Number of updated asset objects reloaded before import = 0
Number of asset objects unloaded after import = 0
========================================================================
Received Import Request.
  Time since last request: 0.018274 seconds.
  path: Assets/Third Party Assets/low-poly-beretta-arx200/source/Beretta ARX200.fbx
  artifactKey: Guid(2dabd66f26c819242b1d233f49f0f2a8) Importer(815301076,1909f56bfc062723c751e8b465ee728b)
Start importing Assets/Third Party Assets/low-poly-beretta-arx200/source/Beretta ARX200.fbx using Guid(2dabd66f26c819242b1d233f49f0f2a8) Importer(815301076,1909f56bfc062723c751e8b465ee728b)  -> (artifact id: '9ce86ceb7ddd19fe3003443ff3989ffb') in 0.597664 seconds
Number of updated asset objects reloaded before import = 0
Number of asset objects unloaded after import = 70
========================================================================
Received Import Request.
  Time since last request: 10.022512 seconds.
  path: Assets/Third Party Assets/honey-badger
  artifactKey: Guid(f7218c1e274c21f4294687b6529fa3ba) Importer(815301076,1909f56bfc062723c751e8b465ee728b)
Start importing Assets/Third Party Assets/honey-badger using Guid(f7218c1e274c21f4294687b6529fa3ba) Importer(815301076,1909f56bfc062723c751e8b465ee728b)  -> (artifact id: '7f242f227868de52907c0309176fb3a8') in 0.000592 seconds
Number of updated asset objects reloaded before import = 0
Number of asset objects unloaded after import = 0
========================================================================
Received Import Request.
  Time since last request: 3.106685 seconds.
  path: Assets/Third Party Assets/hk-mp5-smg
  artifactKey: Guid(10caa2349c4c05c44a7ecb86ca3222e7) Importer(815301076,1909f56bfc062723c751e8b465ee728b)
Start importing Assets/Third Party Assets/hk-mp5-smg using Guid(10caa2349c4c05c44a7ecb86ca3222e7) Importer(815301076,1909f56bfc062723c751e8b465ee728b)  -> (artifact id: '7526db3ca26fc2cb3de2ddd5247d51d2') in 0.000645 seconds
Number of updated asset objects reloaded before import = 0
Number of asset objects unloaded after import = 0
========================================================================
Received Import Request.
  Time since last request: 346.667482 seconds.
  path: Assets/Third Party Assets/Primary/ucar-rev6a
  artifactKey: Guid(2a275710bb79d28459cea40425b4ea00) Importer(815301076,1909f56bfc062723c751e8b465ee728b)
Start importing Assets/Third Party Assets/Primary/ucar-rev6a using Guid(2a275710bb79d28459cea40425b4ea00) Importer(815301076,1909f56bfc062723c751e8b465ee728b)  -> (artifact id: '4d1061ff6c9cf35c78006cf7e674d877') in 0.001692 seconds
Number of updated asset objects reloaded before import = 0
Number of asset objects unloaded after import = 0
========================================================================
Received Import Request.
  Time since last request: 10.138386 seconds.
  path: Assets/Third Party Assets/Primary/ucar-rev6a/source
  artifactKey: Guid(b6bc06e723fb9f94bb9de21de56d0e9b) Importer(815301076,1909f56bfc062723c751e8b465ee728b)
Start importing Assets/Third Party Assets/Primary/ucar-rev6a/source using Guid(b6bc06e723fb9f94bb9de21de56d0e9b) Importer(815301076,1909f56bfc062723c751e8b465ee728b)  -> (artifact id: '6fac15092ff78434bf1c5bcce44f7b1e') in 0.000768 seconds
Number of updated asset objects reloaded before import = 0
Number of asset objects unloaded after import = 0
========================================================================
Received Import Request.
  Time since last request: 13.374781 seconds.
  path: Assets/Third Party Assets/Primary/ucar-rev6a/source/Weapon_LOD_0.fbx
  artifactKey: Guid(b0fd6a499fd9cda4cb0fead02e93e8fa) Importer(815301076,1909f56bfc062723c751e8b465ee728b)
Start importing Assets/Third Party Assets/Primary/ucar-rev6a/source/Weapon_LOD_0.fbx using Guid(b0fd6a499fd9cda4cb0fead02e93e8fa) Importer(815301076,1909f56bfc062723c751e8b465ee728b)  -> (artifact id: 'd12f95b910798c627aefecc4a6f0325f') in 3.491160 seconds
Number of updated asset objects reloaded before import = 0
Number of asset objects unloaded after import = 436
========================================================================
Received Import Request.
  Time since last request: 4.027829 seconds.
  path: Assets/Third Party Assets/Primary/ucar-rev6a/source/Weapon_LOD_0.fbx
  artifactKey: Guid(b0fd6a499fd9cda4cb0fead02e93e8fa) Importer(815301076,1909f56bfc062723c751e8b465ee728b)
Start importing Assets/Third Party Assets/Primary/ucar-rev6a/source/Weapon_LOD_0.fbx using Guid(b0fd6a499fd9cda4cb0fead02e93e8fa) Importer(815301076,1909f56bfc062723c751e8b465ee728b)  -> (artifact id: 'c3d4e2c0c5ed1fee64c49f45d2324eb8') in 2.063479 seconds
Number of updated asset objects reloaded before import = 0
Number of asset objects unloaded after import = 436
========================================================================
Received Import Request.
  Time since last request: 2.073221 seconds.
  path: Assets/Third Party Assets/Primary/ucar-rev6a/source/Weapon_LOD_0.fbx
  artifactKey: Guid(b0fd6a499fd9cda4cb0fead02e93e8fa) Importer(815301076,1909f56bfc062723c751e8b465ee728b)
Start importing Assets/Third Party Assets/Primary/ucar-rev6a/source/Weapon_LOD_0.fbx using Guid(b0fd6a499fd9cda4cb0fead02e93e8fa) Importer(815301076,1909f56bfc062723c751e8b465ee728b)  -> (artifact id: '8cc628f0bedcb3c126665773b227f066') in 2.142136 seconds
Number of updated asset objects reloaded before import = 0
Number of asset objects unloaded after import = 436
========================================================================
Received Import Request.
  Time since last request: 2.403668 seconds.
  path: Assets/Third Party Assets/Primary/ucar-rev6a/source/Weapon_LOD_0.fbx
  artifactKey: Guid(b0fd6a499fd9cda4cb0fead02e93e8fa) Importer(815301076,1909f56bfc062723c751e8b465ee728b)
Start importing Assets/Third Party Assets/Primary/ucar-rev6a/source/Weapon_LOD_0.fbx using Guid(b0fd6a499fd9cda4cb0fead02e93e8fa) Importer(815301076,1909f56bfc062723c751e8b465ee728b)  -> (artifact id: '1255d05991ebce7880199df0d1a03a6e') in 1.944689 seconds
Number of updated asset objects reloaded before import = 0
Number of asset objects unloaded after import = 436
========================================================================
Received Import Request.
  Time since last request: 2.288053 seconds.
  path: Assets/Third Party Assets/Primary/ucar-rev6a/source/Weapon_LOD_0.fbx
  artifactKey: Guid(b0fd6a499fd9cda4cb0fead02e93e8fa) Importer(815301076,1909f56bfc062723c751e8b465ee728b)
Start importing Assets/Third Party Assets/Primary/ucar-rev6a/source/Weapon_LOD_0.fbx using Guid(b0fd6a499fd9cda4cb0fead02e93e8fa) Importer(815301076,1909f56bfc062723c751e8b465ee728b)  -> (artifact id: 'ba8fc7fea94b805e3e33f2c1905a7f23') in 2.573572 seconds
Number of updated asset objects reloaded before import = 0
Number of asset objects unloaded after import = 436
========================================================================
Received Import Request.
  Time since last request: 5.036592 seconds.
  path: Assets/Third Party Assets/Primary/ucar-rev6a/textures
  artifactKey: Guid(be6c32e27ce530541a8a9c1f3e44b005) Importer(815301076,1909f56bfc062723c751e8b465ee728b)
Start importing Assets/Third Party Assets/Primary/ucar-rev6a/textures using Guid(be6c32e27ce530541a8a9c1f3e44b005) Importer(815301076,1909f56bfc062723c751e8b465ee728b)  -> (artifact id: 'e698223e9b5e4ea2ff93c955d4607fee') in 0.003893 seconds
Number of updated asset objects reloaded before import = 0
Number of asset objects unloaded after import = 0
========================================================================
Received Import Request.
  Time since last request: 0.000076 seconds.
  path: Assets/Third Party Assets/Primary/ucar-rev6a/textures/Weapon_LP_MAT_Weapon_Metallic.png
  artifactKey: Guid(290b3fc6baf4ab74f9975ad331bee200) Importer(815301076,1909f56bfc062723c751e8b465ee728b)
Start importing Assets/Third Party Assets/Primary/ucar-rev6a/textures/Weapon_LP_MAT_Weapon_Metallic.png using Guid(290b3fc6baf4ab74f9975ad331bee200) Importer(815301076,1909f56bfc062723c751e8b465ee728b)  -> (artifact id: '8db5debd34093bdd51ac863b46757857') in 0.100840 seconds
Number of updated asset objects reloaded before import = 0
Number of asset objects unloaded after import = 2
========================================================================
Received Import Request.
  Time since last request: 0.000076 seconds.
  path: Assets/Third Party Assets/Primary/ucar-rev6a/textures/Weapon_LP_MAT_Weapon_Roughness.png
  artifactKey: Guid(ec9b813ffad069845a247ca2c12518d7) Importer(815301076,1909f56bfc062723c751e8b465ee728b)
Start importing Assets/Third Party Assets/Primary/ucar-rev6a/textures/Weapon_LP_MAT_Weapon_Roughness.png using Guid(ec9b813ffad069845a247ca2c12518d7) Importer(815301076,1909f56bfc062723c751e8b465ee728b)  -> (artifact id: '7b4bb4795b9cc7210a0840b00168902d') in 0.082272 seconds
Number of updated asset objects reloaded before import = 0
Number of asset objects unloaded after import = 2
========================================================================
Received Import Request.
  Time since last request: 4.072354 seconds.
  path: Assets/Third Party Assets/Primary/ucar-rev6a/source/Materials
  artifactKey: Guid(f99913ef484913d4abb896e3f61b28ae) Importer(815301076,1909f56bfc062723c751e8b465ee728b)
Start importing Assets/Third Party Assets/Primary/ucar-rev6a/source/Materials using Guid(f99913ef484913d4abb896e3f61b28ae) Importer(815301076,1909f56bfc062723c751e8b465ee728b)  -> (artifact id: 'a4806a53a22cc28409b2cd1ee71cb7ba') in 0.002056 seconds
Number of updated asset objects reloaded before import = 0
Number of asset objects unloaded after import = 0
========================================================================
Received Import Request.
  Time since last request: 0.513852 seconds.
  path: Assets/Third Party Assets/Primary/ucar-rev6a/source/Materials/lambert1.mat
  artifactKey: Guid(b3abf5d9965198d47a8470d9b5cfd640) Importer(815301076,1909f56bfc062723c751e8b465ee728b)
Start importing Assets/Third Party Assets/Primary/ucar-rev6a/source/Materials/lambert1.mat using Guid(b3abf5d9965198d47a8470d9b5cfd640) Importer(815301076,1909f56bfc062723c751e8b465ee728b)  -> (artifact id: '4000f107278c4ac4b60ba9fc92f925b0') in 0.070962 seconds
Number of updated asset objects reloaded before import = 0
Number of asset objects unloaded after import = 2
========================================================================
Received Import Request.
  Time since last request: 86.623403 seconds.
  path: Assets/Third Party Assets/Primary/fnh-scar-heavy-mk17/textures/scarh_scar_h_BaseColor.png
  artifactKey: Guid(95ed227b752697c4b9e2efe71e096c55) Importer(815301076,1909f56bfc062723c751e8b465ee728b)
Start importing Assets/Third Party Assets/Primary/fnh-scar-heavy-mk17/textures/scarh_scar_h_BaseColor.png using Guid(95ed227b752697c4b9e2efe71e096c55) Importer(815301076,1909f56bfc062723c751e8b465ee728b)  -> (artifact id: 'd092bca15bfc78e600e0ee68a61e6ad7') in 0.082735 seconds
Number of updated asset objects reloaded before import = 0
Number of asset objects unloaded after import = 2
========================================================================
Received Import Request.
  Time since last request: 0.000084 seconds.
  path: Assets/Third Party Assets/Primary/fnh-scar-heavy-mk17/textures/scarh_scar_h_Metallic.png
  artifactKey: Guid(a87f02c3441a5a243a8994f344375745) Importer(815301076,1909f56bfc062723c751e8b465ee728b)
Start importing Assets/Third Party Assets/Primary/fnh-scar-heavy-mk17/textures/scarh_scar_h_Metallic.png using Guid(a87f02c3441a5a243a8994f344375745) Importer(815301076,1909f56bfc062723c751e8b465ee728b)  -> (artifact id: '926261e5bf941df011a5b5c91f79110a') in 0.080517 seconds
Number of updated asset objects reloaded before import = 0
Number of asset objects unloaded after import = 2
========================================================================
Received Import Request.
  Time since last request: 42.403266 seconds.
  path: Assets/Third Party Assets/Primary/fnh-scar-heavy-mk17/source/scarh_scar_h_Metallic.png
  artifactKey: Guid(12f5e49ea35902e408a2d9d536ccec2a) Importer(815301076,1909f56bfc062723c751e8b465ee728b)
Start importing Assets/Third Party Assets/Primary/fnh-scar-heavy-mk17/source/scarh_scar_h_Metallic.png using Guid(12f5e49ea35902e408a2d9d536ccec2a) Importer(815301076,1909f56bfc062723c751e8b465ee728b)  -> (artifact id: '8b9263852d50c3118c07d13563bd2d50') in 0.042578 seconds
Number of updated asset objects reloaded before import = 0
Number of asset objects unloaded after import = 2
========================================================================
Received Import Request.
  Time since last request: 0.000026 seconds.
  path: Assets/Third Party Assets/Primary/fnh-scar-heavy-mk17/source/scarh_scar_h_Roughness.png
  artifactKey: Guid(0a6ddcbe2dd13d04d98050902de1273a) Importer(815301076,1909f56bfc062723c751e8b465ee728b)
Start importing Assets/Third Party Assets/Primary/fnh-scar-heavy-mk17/source/scarh_scar_h_Roughness.png using Guid(0a6ddcbe2dd13d04d98050902de1273a) Importer(815301076,1909f56bfc062723c751e8b465ee728b)  -> (artifact id: '05d70cecb1229826a7acbf2af6917504') in 0.058339 seconds
Number of updated asset objects reloaded before import = 0
Number of asset objects unloaded after import = 2
Editor requested this worker to shutdown with reason: Scaling down because of idle timeout
TcpMessagingSession - receive error: operation aborted. errorcode: 995, details: The I/O operation has been aborted because of either a thread exit or an application request.
AssetImportWorker is now disconnected from the server
Process exiting
Exiting without the bug reporter. Application will terminate with return code 0