Using pre-set license
Built from '2022.3/staging' branch; Version is '2022.3.16f1 (d2c21f0ef2f1) revision 13812255'; Using compiler version '192829333'; Build Type 'Release'
OS: 'Windows 10  (10.0.19045) 64bit Professional' Language: 'en' Physical Memory: 32498 MB
BatchMode: 1, IsHumanControllingUs: 0, StartBugReporterOnCrash: 0, Is64bit: 1, IsPro: 1

COMMAND LINE ARGUMENTS:
C:\Program Files\Unity\Hub\Editor\2022.3.16f1\Editor\Unity.exe
-adb2
-batchMode
-noUpm
-name
AssetImportWorker21
-projectPath
C:/Users/Zachary Windover/3D Project
-logFile
Logs/AssetImportWorker21.log
-srvPort
50281
Successfully changed project path to: C:/Users/Zachary Windover/3D Project
C:/Users/Zachary Windover/3D Project
[UnityMemory] Configuration Parameters - Can be set up in boot.config
    "memorysetup-bucket-allocator-granularity=16"
    "memorysetup-bucket-allocator-bucket-count=8"
    "memorysetup-bucket-allocator-block-size=33554432"
    "memorysetup-bucket-allocator-block-count=8"
    "memorysetup-main-allocator-block-size=16777216"
    "memorysetup-thread-allocator-block-size=16777216"
    "memorysetup-gfx-main-allocator-block-size=16777216"
    "memorysetup-gfx-thread-allocator-block-size=16777216"
    "memorysetup-cache-allocator-block-size=4194304"
    "memorysetup-typetree-allocator-block-size=2097152"
    "memorysetup-profiler-bucket-allocator-granularity=16"
    "memorysetup-profiler-bucket-allocator-bucket-count=8"
    "memorysetup-profiler-bucket-allocator-block-size=33554432"
    "memorysetup-profiler-bucket-allocator-block-count=8"
    "memorysetup-profiler-allocator-block-size=16777216"
    "memorysetup-profiler-editor-allocator-block-size=1048576"
    "memorysetup-temp-allocator-size-main=16777216"
    "memorysetup-job-temp-allocator-block-size=2097152"
    "memorysetup-job-temp-allocator-block-size-background=1048576"
    "memorysetup-job-temp-allocator-reduction-small-platforms=262144"
    "memorysetup-allocator-temp-initial-block-size-main=262144"
    "memorysetup-allocator-temp-initial-block-size-worker=262144"
    "memorysetup-temp-allocator-size-background-worker=32768"
    "memorysetup-temp-allocator-size-job-worker=262144"
    "memorysetup-temp-allocator-size-preload-manager=33554432"
    "memorysetup-temp-allocator-size-nav-mesh-worker=65536"
    "memorysetup-temp-allocator-size-audio-worker=65536"
    "memorysetup-temp-allocator-size-cloud-worker=32768"
    "memorysetup-temp-allocator-size-gi-baking-worker=262144"
    "memorysetup-temp-allocator-size-gfx=262144"
Player connection [24108] Host "[IP] 192.168.56.1 [Port] 0 [Flags] 2 [Guid] 2951490614 [EditorId] 2951490614 [Version] 1048832 [Id] WindowsEditor(7,DESKTOP-K3F6L44) [Debug] 1 [PackageName] WindowsEditor [ProjectName] Editor" joined multi-casting on [225.0.0.222:54997]...

Player connection [24108] Host "[IP] 192.168.56.1 [Port] 0 [Flags] 2 [Guid] 2951490614 [EditorId] 2951490614 [Version] 1048832 [Id] WindowsEditor(7,DESKTOP-K3F6L44) [Debug] 1 [PackageName] WindowsEditor [ProjectName] Editor" joined alternative multi-casting on [225.0.0.222:34997]...

[Physics::Module] Initialized MultithreadedJobDispatcher with 11 workers.
Refreshing native plugins compatible for Editor in 115.93 ms, found 3 plugins.
Preloading 0 native plugins for Editor in 0.00 ms.
Initialize engine version: 2022.3.16f1 (d2c21f0ef2f1)
[Subsystems] Discovering subsystems at path C:/Program Files/Unity/Hub/Editor/2022.3.16f1/Editor/Data/Resources/UnitySubsystems
[Subsystems] Discovering subsystems at path C:/Users/Zachary Windover/3D Project/Assets
GfxDevice: creating device client; threaded=0; jobified=0
Direct3D:
    Version:  Direct3D 11.0 [level 11.1]
    Renderer: Intel(R) UHD Graphics 630 (ID=0x3e9b)
    Vendor:   Intel
    VRAM:     16249 MB
    Driver:   27.20.100.9664
Initialize mono
Mono path[0] = 'C:/Program Files/Unity/Hub/Editor/2022.3.16f1/Editor/Data/Managed'
Mono path[1] = 'C:/Program Files/Unity/Hub/Editor/2022.3.16f1/Editor/Data/MonoBleedingEdge/lib/mono/unityjit-win32'
Mono config path = 'C:/Program Files/Unity/Hub/Editor/2022.3.16f1/Editor/Data/MonoBleedingEdge/etc'
Using monoOptions --debugger-agent=transport=dt_socket,embedding=1,server=y,suspend=n,address=127.0.0.1:56376
Begin MonoManager ReloadAssembly
Registering precompiled unity dll's ...
Register platform support module: C:/Program Files/Unity/Hub/Editor/2022.3.16f1/Editor/Data/PlaybackEngines/WindowsStandaloneSupport/UnityEditor.WindowsStandalone.Extensions.dll
Registered in 0.010912 seconds.
- Loaded All Assemblies, in  0.447 seconds
Native extension for WindowsStandalone target not found
Mono: successfully reloaded assembly
- Finished resetting the current domain, in  0.346 seconds
Domain Reload Profiling: 790ms
	BeginReloadAssembly (126ms)
		ExecutionOrderSort (0ms)
		DisableScriptedObjects (0ms)
		BackupInstance (0ms)
		ReleaseScriptingObjects (0ms)
		CreateAndSetChildDomain (1ms)
	RebuildCommonClasses (43ms)
	RebuildNativeTypeToScriptingClass (21ms)
	initialDomainReloadingComplete (77ms)
	LoadAllAssembliesAndSetupDomain (177ms)
		LoadAssemblies (124ms)
		RebuildTransferFunctionScriptingTraits (0ms)
		AnalyzeDomain (174ms)
			TypeCache.Refresh (172ms)
				TypeCache.ScanAssembly (156ms)
			ScanForSourceGeneratedMonoScriptInfo (0ms)
			ResolveRequiredComponents (0ms)
	FinalizeReload (347ms)
		ReleaseScriptCaches (0ms)
		RebuildScriptCaches (0ms)
		SetupLoadedEditorAssemblies (274ms)
			LogAssemblyErrors (0ms)
			InitializePlatformSupportModulesInManaged (12ms)
			SetLoadedEditorAssemblies (8ms)
			RefreshPlugins (0ms)
			BeforeProcessingInitializeOnLoad (3ms)
			ProcessInitializeOnLoadAttributes (195ms)
			ProcessInitializeOnLoadMethodAttributes (57ms)
			AfterProcessingInitializeOnLoad (0ms)
			EditorAssembliesLoaded (0ms)
		ExecutionOrderSort2 (0ms)
		AwakeInstancesAfterBackupRestoration (0ms)
========================================================================
Worker process is ready to serve import requests
Begin MonoManager ReloadAssembly
Symbol file LoadedFromMemory is not a mono symbol file
- Loaded All Assemblies, in  1.086 seconds
Refreshing native plugins compatible for Editor in 11.55 ms, found 3 plugins.
Native extension for WindowsStandalone target not found
Package Manager log level set to [2]
[Package Manager] Server::EnsureServerProcessIsRunning -- launch failed, reason: Unity was launched with the -noUpm command-line argument
[Package Manager] UpmClient::Send -- Unable to send message (not connected to UPM process).
[Package Manager] Cannot connect to Unity Package Manager local server
Mono: successfully reloaded assembly
- Finished resetting the current domain, in  1.169 seconds
Domain Reload Profiling: 2250ms
	BeginReloadAssembly (199ms)
		ExecutionOrderSort (0ms)
		DisableScriptedObjects (6ms)
		BackupInstance (0ms)
		ReleaseScriptingObjects (0ms)
		CreateAndSetChildDomain (26ms)
	RebuildCommonClasses (43ms)
	RebuildNativeTypeToScriptingClass (22ms)
	initialDomainReloadingComplete (74ms)
	LoadAllAssembliesAndSetupDomain (743ms)
		LoadAssemblies (457ms)
		RebuildTransferFunctionScriptingTraits (0ms)
		AnalyzeDomain (400ms)
			TypeCache.Refresh (316ms)
				TypeCache.ScanAssembly (290ms)
			ScanForSourceGeneratedMonoScriptInfo (44ms)
			ResolveRequiredComponents (39ms)
	FinalizeReload (1169ms)
		ReleaseScriptCaches (0ms)
		RebuildScriptCaches (0ms)
		SetupLoadedEditorAssemblies (933ms)
			LogAssemblyErrors (0ms)
			InitializePlatformSupportModulesInManaged (9ms)
			SetLoadedEditorAssemblies (6ms)
			RefreshPlugins (0ms)
			BeforeProcessingInitializeOnLoad (117ms)
			ProcessInitializeOnLoadAttributes (553ms)
			ProcessInitializeOnLoadMethodAttributes (238ms)
			AfterProcessingInitializeOnLoad (9ms)
			EditorAssembliesLoaded (0ms)
		ExecutionOrderSort2 (0ms)
		AwakeInstancesAfterBackupRestoration (8ms)
Launched and connected shader compiler UnityShaderCompiler.exe after 0.06 seconds
Refreshing native plugins compatible for Editor in 12.20 ms, found 3 plugins.
Preloading 0 native plugins for Editor in 0.00 ms.
Unloading 7518 Unused Serialized files (Serialized files now loaded: 0)
Unloading 249 unused Assets / (13.2 MB). Loaded Objects now: 7842.
Memory consumption went from 405.5 MB to 392.3 MB.
Total: 11.030400 ms (FindLiveObjects: 0.566600 ms CreateObjectMapping: 0.521700 ms MarkObjects: 7.422800 ms  DeleteObjects: 2.518400 ms)

AssetImportParameters requested are different than current active one (requested -> active):
  custom:container-demuxer-ogg: 62fdf1f143b41e24485cea50d1cbac27 -> 
  custom:scripting/monoscript/fileName/NzExplode.cs: e4f98f8959cb12b810b0c2b197410024 -> a771d1c7e65e55e33a589dbed140eddd
  custom:framework-win-MediaFoundation: 216162199b28c13a410421893ffa2e32 -> 
  custom:scripting/monoscript/fileName/GunsMenu.cs: 0bc1edf6ed57c0bab43ed725d1f1ba4d -> 5944559c0cd4f7d33c7e6d0018381d8d
  custom:container-muxer-webm: aa71ff27fc2769a1b78a27578f13a17b -> 
  custom:video-decoder-webm-vp8: 9c59270c3fd7afecdb556c50c9e8de78 -> 
  custom:SearchIndexIgnoredProperties: e643bd26f0fe6173181afceb89e7c659 -> 
  custom:AudioImporter_EditorPlatform: d09bf68614088b80899f8185d706f6e7 -> 
  custom:scripting/monoscript/fileName/NzSelection.cs: c55ec747d7264bfcd4dc37400fd26670 -> 57f1d5d1a5f593f3ce7b04f0d3eb86f8
  custom:scripting/monoscript/fileName/NzCamNav.cs: dcee80bb59167c2f2af02b8261965603 -> 0188b1bb309ed1ce96f7283f6662ecc1
  custom:audio-decoder-ogg-vorbis: bf7c407c2cedff20999df2af8eb42d56 -> 
  custom:scripting/monoscript/fileName/CameraRotate.cs: 55021f2be27f9cda2dee249715bfd9ca -> 
  custom:audio-encoder-webm-vorbis: bf7c407c2cedff20999df2af8eb42d56 -> 
  custom:video-decoder-ogg-theora: a1e56fd34408186e4bbccfd4996cb3dc -> 
  custom:scripting/monoscript/fileName/NzAnim.cs: b3a05e6cd47e33023b215adf26b43913 -> 6d48babcd3381fd73ccf106f9983ef7f
  custom:CustomObjectIndexerAttribute: 4d1d7186bcbbfe361de5f0ad951e585c -> 
  custom:container-demuxer-webm: 4f35f7cbe854078d1ac9338744f61a02 -> 
  custom:scripting/monoscript/fileName/NzRotator.cs: 3026c715639065117df683a110552749 -> a0a30357f65f09c6634129056fab3ea0
  custom:scripting/monoscript/fileName/GunView.cs: 1e03f80d6e785d26a1193ab50381dd86 -> 739f97972279064867911384b927bafd
  custom:video-encoder-webm-vp8: eb34c28f22e8b96e1ab97ce403110664 -> 
  custom:scripting/monoscript/fileName/SimpleShoot.cs: 9327e3975ddbf2dc32e9ebbe481e78f3 -> 9fb8d3949cadcf7a4a3f243fff7319c3
========================================================================
Received Import Request.
  Time since last request: 97942.180884 seconds.
  path: Assets/Third Party Assets/Automobiles/free-armored-police-vehicle/source/Materials/exterior.mat
  artifactKey: Guid(3bd37d3df1e02104cad648cc52962b28) Importer(815301076,1909f56bfc062723c751e8b465ee728b)
Start importing Assets/Third Party Assets/Automobiles/free-armored-police-vehicle/source/Materials/exterior.mat using Guid(3bd37d3df1e02104cad648cc52962b28) Importer(815301076,1909f56bfc062723c751e8b465ee728b)  -> (artifact id: '46318814043a1b5fdc7ceb56dd0abcbe') in 1.177815 seconds
Number of updated asset objects reloaded before import = 0
Number of asset objects unloaded after import = 4
========================================================================
Received Import Request.
  Time since last request: 24.803120 seconds.
  path: Assets/Third Party Assets/Automobiles/free-bugatti-chiron/source/Bugatti_Chiron/Bugatti_Chiron.fbx
  artifactKey: Guid(c38d1a833b0736f4da67d1bf61d0318b) Importer(815301076,1909f56bfc062723c751e8b465ee728b)
Start importing Assets/Third Party Assets/Automobiles/free-bugatti-chiron/source/Bugatti_Chiron/Bugatti_Chiron.fbx using Guid(c38d1a833b0736f4da67d1bf61d0318b) Importer(815301076,1909f56bfc062723c751e8b465ee728b)  -> (artifact id: 'f5cb367c8dff4c37907260b214e342ea') in 2.009865 seconds
Number of updated asset objects reloaded before import = 0
Number of asset objects unloaded after import = 165
========================================================================
Received Import Request.
  Time since last request: 10.137231 seconds.
  path: Assets/Third Party Assets/Automobiles/koenigsegg-jesko/source/Koenigsegg Jesco/Fabric004_1K_Color.jpg
  artifactKey: Guid(6008a7b6a40bee04b8031f631bedfae1) Importer(815301076,1909f56bfc062723c751e8b465ee728b)
Start importing Assets/Third Party Assets/Automobiles/koenigsegg-jesko/source/Koenigsegg Jesco/Fabric004_1K_Color.jpg using Guid(6008a7b6a40bee04b8031f631bedfae1) Importer(815301076,1909f56bfc062723c751e8b465ee728b)  -> (artifact id: '6df19fdddf8207ecb959558a951719e8') in 0.100159 seconds
Number of updated asset objects reloaded before import = 0
Number of asset objects unloaded after import = 2
========================================================================
Received Import Request.
  Time since last request: 0.000057 seconds.
  path: Assets/Third Party Assets/Automobiles/koenigsegg-jesko/source/Koenigsegg Jesco/grill_normal.png
  artifactKey: Guid(91961228453c1af4098d6ecc7438910c) Importer(815301076,1909f56bfc062723c751e8b465ee728b)
Start importing Assets/Third Party Assets/Automobiles/koenigsegg-jesko/source/Koenigsegg Jesco/grill_normal.png using Guid(91961228453c1af4098d6ecc7438910c) Importer(815301076,1909f56bfc062723c751e8b465ee728b)  -> (artifact id: '7c9f28e07dc4a1aab2cd045a5179d253') in 0.105061 seconds
Number of updated asset objects reloaded before import = 0
Number of asset objects unloaded after import = 2
========================================================================
Received Import Request.
  Time since last request: 0.000103 seconds.
  path: Assets/Third Party Assets/Automobiles/koenigsegg-jesko/source/Koenigsegg Jesco/grill.png
  artifactKey: Guid(460b1d112e5dc874da8ea3d1da89bcc3) Importer(815301076,1909f56bfc062723c751e8b465ee728b)
Start importing Assets/Third Party Assets/Automobiles/koenigsegg-jesko/source/Koenigsegg Jesco/grill.png using Guid(460b1d112e5dc874da8ea3d1da89bcc3) Importer(815301076,1909f56bfc062723c751e8b465ee728b)  -> (artifact id: '3c5e87cfaec1402fed5fade506343b4d') in 0.042412 seconds
Number of updated asset objects reloaded before import = 0
Number of asset objects unloaded after import = 2
========================================================================
Received Import Request.
  Time since last request: 21.295416 seconds.
  path: Assets/Third Party Assets/Automobiles/koenigsegg-jesko/textures/disc.jpeg
  artifactKey: Guid(b231641fdd4f78845ac3b33ba6f18d00) Importer(815301076,1909f56bfc062723c751e8b465ee728b)
Start importing Assets/Third Party Assets/Automobiles/koenigsegg-jesko/textures/disc.jpeg using Guid(b231641fdd4f78845ac3b33ba6f18d00) Importer(815301076,1909f56bfc062723c751e8b465ee728b)  -> (artifact id: 'db7bbbbed03d2d978ea1816b59e2b5f9') in 0.086406 seconds
Number of updated asset objects reloaded before import = 0
Number of asset objects unloaded after import = 2
========================================================================
Received Import Request.
  Time since last request: 0.000076 seconds.
  path: Assets/Third Party Assets/Automobiles/koenigsegg-jesko/textures/tire.jpeg
  artifactKey: Guid(7eed58bff01fccd45b9226399f6ec86b) Importer(815301076,1909f56bfc062723c751e8b465ee728b)
Start importing Assets/Third Party Assets/Automobiles/koenigsegg-jesko/textures/tire.jpeg using Guid(7eed58bff01fccd45b9226399f6ec86b) Importer(815301076,1909f56bfc062723c751e8b465ee728b)  -> (artifact id: '038b4cabb56a6c3682ebf23826f87010') in 0.056330 seconds
Number of updated asset objects reloaded before import = 0
Number of asset objects unloaded after import = 2
========================================================================
Received Import Request.
  Time since last request: 52.711049 seconds.
  path: Assets/Third Party Assets/Automobiles/mclaren-senna-free/source/senna/senna.fbx
  artifactKey: Guid(4fb8c6fa4b92fa048aa782582e8976dc) Importer(815301076,1909f56bfc062723c751e8b465ee728b)
Start importing Assets/Third Party Assets/Automobiles/mclaren-senna-free/source/senna/senna.fbx using Guid(4fb8c6fa4b92fa048aa782582e8976dc) Importer(815301076,1909f56bfc062723c751e8b465ee728b)  -> (artifact id: 'd1fc6291df7c602b5abd60e683eb3036') in 4.790001 seconds
Number of updated asset objects reloaded before import = 0
Number of asset objects unloaded after import = 779
========================================================================
Received Import Request.
  Time since last request: 0.484200 seconds.
  path: Assets/Third Party Assets/Secondary/Handguns/M1911/Materials/Aim_points.mat
  artifactKey: Guid(2c6a64e6566602342a8966c19bc0ff3e) Importer(815301076,1909f56bfc062723c751e8b465ee728b)
Start importing Assets/Third Party Assets/Secondary/Handguns/M1911/Materials/Aim_points.mat using Guid(2c6a64e6566602342a8966c19bc0ff3e) Importer(815301076,1909f56bfc062723c751e8b465ee728b)  -> (artifact id: 'c349ee4d1af7753bb462d3f0b38cb723') in 0.092630 seconds
Number of updated asset objects reloaded before import = 0
Number of asset objects unloaded after import = 4
========================================================================
Received Import Request.
  Time since last request: 78.949847 seconds.
  path: Assets/Third Party Assets/Automobiles/koenigsegg-jesko/source/Koenigsegg Jesco/Koenigsegg Jesko.fbx
  artifactKey: Guid(b77f64b941f1455498131565d5194cfd) Importer(815301076,1909f56bfc062723c751e8b465ee728b)
Start importing Assets/Third Party Assets/Automobiles/koenigsegg-jesko/source/Koenigsegg Jesco/Koenigsegg Jesko.fbx using Guid(b77f64b941f1455498131565d5194cfd) Importer(815301076,1909f56bfc062723c751e8b465ee728b)  -> (artifact id: '184d7e95a4d87921dccdc198aea0e7b5') in 0.708916 seconds
Number of updated asset objects reloaded before import = 0
Number of asset objects unloaded after import = 141
========================================================================
Received Import Request.
  Time since last request: 59.200675 seconds.
  path: Assets/Third Party Assets/Automobiles/toyota-supra
  artifactKey: Guid(9167a0544a80c0f44a28f26b16e2c8db) Importer(815301076,1909f56bfc062723c751e8b465ee728b)
Start importing Assets/Third Party Assets/Automobiles/toyota-supra using Guid(9167a0544a80c0f44a28f26b16e2c8db) Importer(815301076,1909f56bfc062723c751e8b465ee728b)  -> (artifact id: '9b7ff6a7e220be345eb04c19dd2bcfef') in 0.003003 seconds
Number of updated asset objects reloaded before import = 0
Number of asset objects unloaded after import = 0
========================================================================
Received Import Request.
  Time since last request: 1.414978 seconds.
  path: Assets/Third Party Assets/Automobiles/toyota-supra/source
  artifactKey: Guid(5c54bf31ef30ca04fbbde3902cec6240) Importer(815301076,1909f56bfc062723c751e8b465ee728b)
Start importing Assets/Third Party Assets/Automobiles/toyota-supra/source using Guid(5c54bf31ef30ca04fbbde3902cec6240) Importer(815301076,1909f56bfc062723c751e8b465ee728b)  -> (artifact id: 'cd6bcad11249e1263c548f4115a06355') in 0.001337 seconds
Number of updated asset objects reloaded before import = 0
Number of asset objects unloaded after import = 0
========================================================================
Received Import Request.
  Time since last request: 0.567727 seconds.
  path: Assets/Third Party Assets/Automobiles/toyota-supra/source/maya2sketchfab.fbx
  artifactKey: Guid(cfff9173f1f530141a146ec912467b90) Importer(815301076,1909f56bfc062723c751e8b465ee728b)
Start importing Assets/Third Party Assets/Automobiles/toyota-supra/source/maya2sketchfab.fbx using Guid(cfff9173f1f530141a146ec912467b90) Importer(815301076,1909f56bfc062723c751e8b465ee728b)  -> (artifact id: 'dc61fd44f2d961b5823985032cbb05cd') in 1.977706 seconds
Number of updated asset objects reloaded before import = 0
Number of asset objects unloaded after import = 357
========================================================================
Received Import Request.
  Time since last request: 17.894308 seconds.
  path: Assets/Third Party Assets/Automobiles/toyota-supra/textures
  artifactKey: Guid(d1772e6c6d4958144a7112f91adb27d0) Importer(815301076,1909f56bfc062723c751e8b465ee728b)
Start importing Assets/Third Party Assets/Automobiles/toyota-supra/textures using Guid(d1772e6c6d4958144a7112f91adb27d0) Importer(815301076,1909f56bfc062723c751e8b465ee728b)  -> (artifact id: 'a2f7e00e6157e2c00ebb7cfa054d963c') in 0.011826 seconds
Number of updated asset objects reloaded before import = 0
Number of asset objects unloaded after import = 0
========================================================================
Received Import Request.
  Time since last request: 0.000097 seconds.
  path: Assets/Third Party Assets/Automobiles/toyota-supra/textures/CarbonFiber.jpeg
  artifactKey: Guid(2a4ec10b568f7c344a38aa36e979dca3) Importer(815301076,1909f56bfc062723c751e8b465ee728b)
Start importing Assets/Third Party Assets/Automobiles/toyota-supra/textures/CarbonFiber.jpeg using Guid(2a4ec10b568f7c344a38aa36e979dca3) Importer(815301076,1909f56bfc062723c751e8b465ee728b)  -> (artifact id: '118c2239268341f5875697e282d28c26') in 0.092934 seconds
Number of updated asset objects reloaded before import = 0
Number of asset objects unloaded after import = 2
========================================================================
Received Import Request.
  Time since last request: 0.000078 seconds.
  path: Assets/Third Party Assets/Automobiles/toyota-supra/textures/internal_ground_ao_texture.jpeg
  artifactKey: Guid(e539e7afb119ddf4787726be79300e70) Importer(815301076,1909f56bfc062723c751e8b465ee728b)
Start importing Assets/Third Party Assets/Automobiles/toyota-supra/textures/internal_ground_ao_texture.jpeg using Guid(e539e7afb119ddf4787726be79300e70) Importer(815301076,1909f56bfc062723c751e8b465ee728b)  -> (artifact id: '4f03fa3569e89d93ad1c112d394bb591') in 0.085060 seconds
Number of updated asset objects reloaded before import = 0
Number of asset objects unloaded after import = 2
========================================================================
Received Import Request.
  Time since last request: 6.600273 seconds.
  path: Assets/Third Party Assets/Automobiles/terradyne-gurkha-military-truck-game-model
  artifactKey: Guid(aadb5235a8484da4a9d07326ba9a6070) Importer(815301076,1909f56bfc062723c751e8b465ee728b)
Start importing Assets/Third Party Assets/Automobiles/terradyne-gurkha-military-truck-game-model using Guid(aadb5235a8484da4a9d07326ba9a6070) Importer(815301076,1909f56bfc062723c751e8b465ee728b)  -> (artifact id: 'cb5085831fcb887bb47446d03143c9de') in 0.002411 seconds
Number of updated asset objects reloaded before import = 0
Number of asset objects unloaded after import = 0
========================================================================
Received Import Request.
  Time since last request: 1.511580 seconds.
  path: Assets/Third Party Assets/Automobiles/terradyne-gurkha-military-truck-game-model/source
  artifactKey: Guid(5ae78b4f929587b4fb482919363b3fd7) Importer(815301076,1909f56bfc062723c751e8b465ee728b)
Start importing Assets/Third Party Assets/Automobiles/terradyne-gurkha-military-truck-game-model/source using Guid(5ae78b4f929587b4fb482919363b3fd7) Importer(815301076,1909f56bfc062723c751e8b465ee728b)  -> (artifact id: 'be0da50cd3840de4645e42f745a64fea') in 0.002393 seconds
Number of updated asset objects reloaded before import = 0
Number of asset objects unloaded after import = 0
========================================================================
Received Import Request.
  Time since last request: 56.783102 seconds.
  path: Assets/Third Party Assets/Automobiles/porsche-gt3-rs/textures/alck13.png.001.png
  artifactKey: Guid(7e0d3dd5f1318a5408d5d5498ccdd170) Importer(815301076,1909f56bfc062723c751e8b465ee728b)
Start importing Assets/Third Party Assets/Automobiles/porsche-gt3-rs/textures/alck13.png.001.png using Guid(7e0d3dd5f1318a5408d5d5498ccdd170) Importer(815301076,1909f56bfc062723c751e8b465ee728b)  -> (artifact id: 'be973b5037f8ecf96d9fd537564df0af') in 0.067917 seconds
Number of updated asset objects reloaded before import = 0
Number of asset objects unloaded after import = 2
========================================================================
Received Import Request.
  Time since last request: 0.000053 seconds.
  path: Assets/Third Party Assets/Automobiles/porsche-gt3-rs/textures/POR_992_19_symbols_DIFF.png.001.png
  artifactKey: Guid(1e31df161296d5c40abaf960c82711f8) Importer(815301076,1909f56bfc062723c751e8b465ee728b)
Start importing Assets/Third Party Assets/Automobiles/porsche-gt3-rs/textures/POR_992_19_symbols_DIFF.png.001.png using Guid(1e31df161296d5c40abaf960c82711f8) Importer(815301076,1909f56bfc062723c751e8b465ee728b)  -> (artifact id: '6d8179c9fd5a0a2b317f996ca4158d63') in 0.066842 seconds
Number of updated asset objects reloaded before import = 0
Number of asset objects unloaded after import = 2
========================================================================
Received Import Request.
  Time since last request: 0.000058 seconds.
  path: Assets/Third Party Assets/Automobiles/porsche-gt3-rs/textures/Interior_D.png
  artifactKey: Guid(9b8fbc1171934eb4e83fe1c51b7fb60b) Importer(815301076,1909f56bfc062723c751e8b465ee728b)
Start importing Assets/Third Party Assets/Automobiles/porsche-gt3-rs/textures/Interior_D.png using Guid(9b8fbc1171934eb4e83fe1c51b7fb60b) Importer(815301076,1909f56bfc062723c751e8b465ee728b)  -> (artifact id: '8aca338cdc91df92486bf731fa3e59fc') in 0.075845 seconds
Number of updated asset objects reloaded before import = 0
Number of asset objects unloaded after import = 2
========================================================================
Received Import Request.
  Time since last request: 0.000046 seconds.
  path: Assets/Third Party Assets/Automobiles/porsche-gt3-rs/textures/interior_colors.png
  artifactKey: Guid(6ad6e21843c7da041b2441cc5f472b83) Importer(815301076,1909f56bfc062723c751e8b465ee728b)
Start importing Assets/Third Party Assets/Automobiles/porsche-gt3-rs/textures/interior_colors.png using Guid(6ad6e21843c7da041b2441cc5f472b83) Importer(815301076,1909f56bfc062723c751e8b465ee728b)  -> (artifact id: '1c377c89af90154a6a9d62af6e9fbad7') in 0.083251 seconds
Number of updated asset objects reloaded before import = 0
Number of asset objects unloaded after import = 2
========================================================================
Received Import Request.
  Time since last request: 0.000069 seconds.
  path: Assets/Third Party Assets/Automobiles/porsche-gt3-rs/textures/Plastic_Rough_001_normal.jpeg
  artifactKey: Guid(ff3fc49204f05704aae39c6059ec722f) Importer(815301076,1909f56bfc062723c751e8b465ee728b)
Start importing Assets/Third Party Assets/Automobiles/porsche-gt3-rs/textures/Plastic_Rough_001_normal.jpeg using Guid(ff3fc49204f05704aae39c6059ec722f) Importer(815301076,1909f56bfc062723c751e8b465ee728b)  -> (artifact id: 'da752428381af55b09213d10d9e34ae7') in 0.067571 seconds
Number of updated asset objects reloaded before import = 0
Number of asset objects unloaded after import = 2
========================================================================
Received Import Request.
  Time since last request: 65.565621 seconds.
  path: Assets/Third Party Assets/Automobiles/mclaren-p1/source/P1.fbx
  artifactKey: Guid(aa537d9ae8f195b498d927df6ec0eebb) Importer(815301076,1909f56bfc062723c751e8b465ee728b)
Start importing Assets/Third Party Assets/Automobiles/mclaren-p1/source/P1.fbx using Guid(aa537d9ae8f195b498d927df6ec0eebb) Importer(815301076,1909f56bfc062723c751e8b465ee728b)  -> (artifact id: '9aba8e0d731091bc482fae341213707e') in 1.140373 seconds
Number of updated asset objects reloaded before import = 0
Number of asset objects unloaded after import = 372
========================================================================
Received Import Request.
  Time since last request: 53.556043 seconds.
  path: Assets/Third Party Assets/Automobiles/koenigsegg-one-pro/source/Koenigsegg_OnePlus.fbx
  artifactKey: Guid(45db82166064c5740ba497c03c2c924f) Importer(815301076,1909f56bfc062723c751e8b465ee728b)
Start importing Assets/Third Party Assets/Automobiles/koenigsegg-one-pro/source/Koenigsegg_OnePlus.fbx using Guid(45db82166064c5740ba497c03c2c924f) Importer(815301076,1909f56bfc062723c751e8b465ee728b)  -> (artifact id: 'c33dd4b3133de19220a8ef09db4490ae') in 1.155572 seconds
Number of updated asset objects reloaded before import = 0
Number of asset objects unloaded after import = 77
========================================================================
Received Import Request.
  Time since last request: 5.776822 seconds.
  path: Assets/Third Party Assets/Automobiles/koenigsegg-one-pro/textures/internal_ground_ao_texture.jpeg
  artifactKey: Guid(172adbe6aa9b5a3429315ba0e116e293) Importer(815301076,1909f56bfc062723c751e8b465ee728b)
Start importing Assets/Third Party Assets/Automobiles/koenigsegg-one-pro/textures/internal_ground_ao_texture.jpeg using Guid(172adbe6aa9b5a3429315ba0e116e293) Importer(815301076,1909f56bfc062723c751e8b465ee728b)  -> (artifact id: '63e3b6d516489b11c4ea0502edc1395e') in 0.058242 seconds
Number of updated asset objects reloaded before import = 0
Number of asset objects unloaded after import = 2
========================================================================
Received Import Request.
  Time since last request: 0.000071 seconds.
  path: Assets/Third Party Assets/Automobiles/koenigsegg-one-pro/textures/KOP_InCarbonFiber_Shd_Roughness.jpg
  artifactKey: Guid(a4f321454e26eb14cb02b4df23791ab4) Importer(815301076,1909f56bfc062723c751e8b465ee728b)
Start importing Assets/Third Party Assets/Automobiles/koenigsegg-one-pro/textures/KOP_InCarbonFiber_Shd_Roughness.jpg using Guid(a4f321454e26eb14cb02b4df23791ab4) Importer(815301076,1909f56bfc062723c751e8b465ee728b)  -> (artifact id: '171e2c3a8462d23b585e50ee4606d9a4') in 0.089828 seconds
Number of updated asset objects reloaded before import = 0
Number of asset objects unloaded after import = 2
========================================================================
Received Import Request.
  Time since last request: 0.000054 seconds.
  path: Assets/Third Party Assets/Automobiles/koenigsegg-one-pro/textures/KOP_Base_Shd_BaseColor.jpg
  artifactKey: Guid(27d501789c86cf341b7715ec041dc09b) Importer(815301076,1909f56bfc062723c751e8b465ee728b)
Start importing Assets/Third Party Assets/Automobiles/koenigsegg-one-pro/textures/KOP_Base_Shd_BaseColor.jpg using Guid(27d501789c86cf341b7715ec041dc09b) Importer(815301076,1909f56bfc062723c751e8b465ee728b)  -> (artifact id: '1d0a4820e06c1b19413c85a522351f70') in 0.076434 seconds
Number of updated asset objects reloaded before import = 0
Number of asset objects unloaded after import = 2
========================================================================
Received Import Request.
  Time since last request: 0.001319 seconds.
  path: Assets/Third Party Assets/Automobiles/koenigsegg-one-pro/textures/KOP_Body_Shd_Metalness.jpg
  artifactKey: Guid(0a886e269c767b4439b9ae57dcb9a6d9) Importer(815301076,1909f56bfc062723c751e8b465ee728b)
Start importing Assets/Third Party Assets/Automobiles/koenigsegg-one-pro/textures/KOP_Body_Shd_Metalness.jpg using Guid(0a886e269c767b4439b9ae57dcb9a6d9) Importer(815301076,1909f56bfc062723c751e8b465ee728b)  -> (artifact id: 'ce1e2a6cada750736a79e71166c81a43') in 0.069687 seconds
Number of updated asset objects reloaded before import = 0
Number of asset objects unloaded after import = 2
========================================================================
Received Import Request.
  Time since last request: 0.000051 seconds.
  path: Assets/Third Party Assets/Automobiles/koenigsegg-one-pro/textures/KOP_InCarbonFiber_Shd_Metalness.jpg
  artifactKey: Guid(8b68f0c32477c3f4480982dc5af269a8) Importer(815301076,1909f56bfc062723c751e8b465ee728b)
Start importing Assets/Third Party Assets/Automobiles/koenigsegg-one-pro/textures/KOP_InCarbonFiber_Shd_Metalness.jpg using Guid(8b68f0c32477c3f4480982dc5af269a8) Importer(815301076,1909f56bfc062723c751e8b465ee728b)  -> (artifact id: '602c62b480076ec4ee8b34cd4e0af6aa') in 0.084042 seconds
Number of updated asset objects reloaded before import = 0
Number of asset objects unloaded after import = 2
========================================================================
Received Import Request.
  Time since last request: 0.000058 seconds.
  path: Assets/Third Party Assets/Automobiles/koenigsegg-one-pro/textures/KOP_InCarbonFiber_Shd_Normal.png
  artifactKey: Guid(aafb2a8125351db44adc8e61ed00f3ba) Importer(815301076,1909f56bfc062723c751e8b465ee728b)
Start importing Assets/Third Party Assets/Automobiles/koenigsegg-one-pro/textures/KOP_InCarbonFiber_Shd_Normal.png using Guid(aafb2a8125351db44adc8e61ed00f3ba) Importer(815301076,1909f56bfc062723c751e8b465ee728b)  -> (artifact id: '9d6da440376a85f4f97dd6f22f4b7ded') in 0.089067 seconds
Number of updated asset objects reloaded before import = 0
Number of asset objects unloaded after import = 2
========================================================================
Received Import Request.
  Time since last request: 0.000124 seconds.
  path: Assets/Third Party Assets/Automobiles/koenigsegg-one-pro/textures/KOP_OutCarbonFiber_Shd_Normal.png
  artifactKey: Guid(04da902aa0d29a04b9b32cdf167f2d29) Importer(815301076,1909f56bfc062723c751e8b465ee728b)
Start importing Assets/Third Party Assets/Automobiles/koenigsegg-one-pro/textures/KOP_OutCarbonFiber_Shd_Normal.png using Guid(04da902aa0d29a04b9b32cdf167f2d29) Importer(815301076,1909f56bfc062723c751e8b465ee728b)  -> (artifact id: '1da993961a331ed5621c6076af5ba12a') in 0.080232 seconds
Number of updated asset objects reloaded before import = 0
Number of asset objects unloaded after import = 2
========================================================================
Received Import Request.
  Time since last request: 0.000062 seconds.
  path: Assets/Third Party Assets/Automobiles/koenigsegg-one-pro/textures/KOP_Rims_Shd_BaseColor.jpg
  artifactKey: Guid(9745cae7ac25ce848a273f69f2ebcc71) Importer(815301076,1909f56bfc062723c751e8b465ee728b)
Start importing Assets/Third Party Assets/Automobiles/koenigsegg-one-pro/textures/KOP_Rims_Shd_BaseColor.jpg using Guid(9745cae7ac25ce848a273f69f2ebcc71) Importer(815301076,1909f56bfc062723c751e8b465ee728b)  -> (artifact id: '7114616cb60d35a9bcf586d030bd7285') in 0.081211 seconds
Number of updated asset objects reloaded before import = 0
Number of asset objects unloaded after import = 2
========================================================================
Received Import Request.
  Time since last request: 0.000081 seconds.
  path: Assets/Third Party Assets/Automobiles/koenigsegg-one-pro/textures/KOP_Cockpit_Shd_BaseColor.jpg
  artifactKey: Guid(ba2f1f571899a6e41ba344bf4ac31ace) Importer(815301076,1909f56bfc062723c751e8b465ee728b)
Start importing Assets/Third Party Assets/Automobiles/koenigsegg-one-pro/textures/KOP_Cockpit_Shd_BaseColor.jpg using Guid(ba2f1f571899a6e41ba344bf4ac31ace) Importer(815301076,1909f56bfc062723c751e8b465ee728b)  -> (artifact id: '6f8d80fe159f6a450b4988881bfb837a') in 0.077701 seconds
Number of updated asset objects reloaded before import = 0
Number of asset objects unloaded after import = 2
========================================================================
Received Import Request.
  Time since last request: 0.000056 seconds.
  path: Assets/Third Party Assets/Automobiles/koenigsegg-one-pro/textures/KOP_Seats_Shd_BaseColor.jpg
  artifactKey: Guid(62050f14bdca1cd4da646c02762c0858) Importer(815301076,1909f56bfc062723c751e8b465ee728b)
Start importing Assets/Third Party Assets/Automobiles/koenigsegg-one-pro/textures/KOP_Seats_Shd_BaseColor.jpg using Guid(62050f14bdca1cd4da646c02762c0858) Importer(815301076,1909f56bfc062723c751e8b465ee728b)  -> (artifact id: '816b80774347b8f132fe7de050164be0') in 0.079218 seconds
Number of updated asset objects reloaded before import = 0
Number of asset objects unloaded after import = 2
========================================================================
Received Import Request.
  Time since last request: 0.000052 seconds.
  path: Assets/Third Party Assets/Automobiles/koenigsegg-one-pro/textures/KOP_Steel_Shd_Roughness.jpg
  artifactKey: Guid(25890e5e0027b1549bb630ff7145d8bc) Importer(815301076,1909f56bfc062723c751e8b465ee728b)
Start importing Assets/Third Party Assets/Automobiles/koenigsegg-one-pro/textures/KOP_Steel_Shd_Roughness.jpg using Guid(25890e5e0027b1549bb630ff7145d8bc) Importer(815301076,1909f56bfc062723c751e8b465ee728b)  -> (artifact id: 'a92ef675b44fa5154d499bed1b839490') in 0.072222 seconds
Number of updated asset objects reloaded before import = 0
Number of asset objects unloaded after import = 2
========================================================================
Received Import Request.
  Time since last request: 0.000072 seconds.
  path: Assets/Third Party Assets/Automobiles/koenigsegg-one-pro/textures/KOP_Grills_Shd_Metalness.jpg
  artifactKey: Guid(206696e8915ef1f4aa378d5680ba73f6) Importer(815301076,1909f56bfc062723c751e8b465ee728b)
Start importing Assets/Third Party Assets/Automobiles/koenigsegg-one-pro/textures/KOP_Grills_Shd_Metalness.jpg using Guid(206696e8915ef1f4aa378d5680ba73f6) Importer(815301076,1909f56bfc062723c751e8b465ee728b)  -> (artifact id: '9af655ad30452cb23f76572a0306643d') in 0.098661 seconds
Number of updated asset objects reloaded before import = 0
Number of asset objects unloaded after import = 2
========================================================================
Received Import Request.
  Time since last request: 0.000049 seconds.
  path: Assets/Third Party Assets/Automobiles/koenigsegg-one-pro/textures/KOP_Body_Shd_Roughness.jpg
  artifactKey: Guid(e03d4d2580c751a4c90162b8d125f491) Importer(815301076,1909f56bfc062723c751e8b465ee728b)
Start importing Assets/Third Party Assets/Automobiles/koenigsegg-one-pro/textures/KOP_Body_Shd_Roughness.jpg using Guid(e03d4d2580c751a4c90162b8d125f491) Importer(815301076,1909f56bfc062723c751e8b465ee728b)  -> (artifact id: '07e86e3b120e013c0089ad0f33c2fe13') in 0.074978 seconds
Number of updated asset objects reloaded before import = 0
Number of asset objects unloaded after import = 2
========================================================================
Received Import Request.
  Time since last request: 0.000121 seconds.
  path: Assets/Third Party Assets/Automobiles/koenigsegg-one-pro/textures/KOP_Base_Shd_Normal.png
  artifactKey: Guid(ff47eff008a798d46a579f38fc0d011f) Importer(815301076,1909f56bfc062723c751e8b465ee728b)
Start importing Assets/Third Party Assets/Automobiles/koenigsegg-one-pro/textures/KOP_Base_Shd_Normal.png using Guid(ff47eff008a798d46a579f38fc0d011f) Importer(815301076,1909f56bfc062723c751e8b465ee728b)  -> (artifact id: 'f6c62dacf06fea7135c05dfcbab7f601') in 0.091616 seconds
Number of updated asset objects reloaded before import = 0
Number of asset objects unloaded after import = 2
========================================================================
Received Import Request.
  Time since last request: 0.000064 seconds.
  path: Assets/Third Party Assets/Automobiles/koenigsegg-one-pro/textures/KOP_Rims_Shd_Normal.png
  artifactKey: Guid(d0a85562c89777a419f8357581b3d66c) Importer(815301076,1909f56bfc062723c751e8b465ee728b)
Start importing Assets/Third Party Assets/Automobiles/koenigsegg-one-pro/textures/KOP_Rims_Shd_Normal.png using Guid(d0a85562c89777a419f8357581b3d66c) Importer(815301076,1909f56bfc062723c751e8b465ee728b)  -> (artifact id: 'b381c241f7460b071e4754de0e46483a') in 0.077401 seconds
Number of updated asset objects reloaded before import = 0
Number of asset objects unloaded after import = 2
========================================================================
Received Import Request.
  Time since last request: 0.000059 seconds.
  path: Assets/Third Party Assets/Automobiles/koenigsegg-one-pro/textures/KOP_Rims_Shd_Metalness.jpg
  artifactKey: Guid(04b648cac6e792f45be6d68e3f19e43d) Importer(815301076,1909f56bfc062723c751e8b465ee728b)
Start importing Assets/Third Party Assets/Automobiles/koenigsegg-one-pro/textures/KOP_Rims_Shd_Metalness.jpg using Guid(04b648cac6e792f45be6d68e3f19e43d) Importer(815301076,1909f56bfc062723c751e8b465ee728b)  -> (artifact id: 'bad5164beb53b3cd7a0ec4df5ad73cf9') in 0.071630 seconds
Number of updated asset objects reloaded before import = 0
Number of asset objects unloaded after import = 2
========================================================================
Received Import Request.
  Time since last request: 0.000045 seconds.
  path: Assets/Third Party Assets/Automobiles/koenigsegg-one-pro/textures/KOP_Body_Shd_Normal.png
  artifactKey: Guid(f400753f13a612b47b705effabbd2f40) Importer(815301076,1909f56bfc062723c751e8b465ee728b)
Start importing Assets/Third Party Assets/Automobiles/koenigsegg-one-pro/textures/KOP_Body_Shd_Normal.png using Guid(f400753f13a612b47b705effabbd2f40) Importer(815301076,1909f56bfc062723c751e8b465ee728b)  -> (artifact id: 'fc1d4c91f95e3738dc36578c39a42087') in 0.074491 seconds
Number of updated asset objects reloaded before import = 0
Number of asset objects unloaded after import = 2
========================================================================
Received Import Request.
  Time since last request: 0.000073 seconds.
  path: Assets/Third Party Assets/Automobiles/koenigsegg-one-pro/textures/KOP_DiskBrake_Shd_Normal.png
  artifactKey: Guid(54ab31b385d3a4c4bac573b85278b79d) Importer(815301076,1909f56bfc062723c751e8b465ee728b)
Start importing Assets/Third Party Assets/Automobiles/koenigsegg-one-pro/textures/KOP_DiskBrake_Shd_Normal.png using Guid(54ab31b385d3a4c4bac573b85278b79d) Importer(815301076,1909f56bfc062723c751e8b465ee728b)  -> (artifact id: '7b61dab772f7b87182fdbff861d81e56') in 0.096157 seconds
Number of updated asset objects reloaded before import = 0
Number of asset objects unloaded after import = 2
========================================================================
Received Import Request.
  Time since last request: 0.000098 seconds.
  path: Assets/Third Party Assets/Automobiles/koenigsegg-one-pro/textures/KOP_Steel_Shd_Opacity.jpg
  artifactKey: Guid(e5d8c5939fa619148b3482739531a7ae) Importer(815301076,1909f56bfc062723c751e8b465ee728b)
Start importing Assets/Third Party Assets/Automobiles/koenigsegg-one-pro/textures/KOP_Steel_Shd_Opacity.jpg using Guid(e5d8c5939fa619148b3482739531a7ae) Importer(815301076,1909f56bfc062723c751e8b465ee728b)  -> (artifact id: '46ff3ee0956205da48c5b06574943ed5') in 0.097067 seconds
Number of updated asset objects reloaded before import = 0
Number of asset objects unloaded after import = 2
========================================================================
Received Import Request.
  Time since last request: 0.000070 seconds.
  path: Assets/Third Party Assets/Automobiles/koenigsegg-one-pro/textures/KOP_Seats_Shd_Metalness.jpg
  artifactKey: Guid(3e75ff687f6d6b74faa867302f992957) Importer(815301076,1909f56bfc062723c751e8b465ee728b)
Start importing Assets/Third Party Assets/Automobiles/koenigsegg-one-pro/textures/KOP_Seats_Shd_Metalness.jpg using Guid(3e75ff687f6d6b74faa867302f992957) Importer(815301076,1909f56bfc062723c751e8b465ee728b)  -> (artifact id: '2b6b63c252e98661db9950b74c0296f1') in 0.095550 seconds
Number of updated asset objects reloaded before import = 0
Number of asset objects unloaded after import = 2
========================================================================
Received Import Request.
  Time since last request: 0.000094 seconds.
  path: Assets/Third Party Assets/Automobiles/koenigsegg-one-pro/textures/KOP_Grills_Shd_Normal.png
  artifactKey: Guid(d7d96701109eabe4783639dd3f096e91) Importer(815301076,1909f56bfc062723c751e8b465ee728b)
Start importing Assets/Third Party Assets/Automobiles/koenigsegg-one-pro/textures/KOP_Grills_Shd_Normal.png using Guid(d7d96701109eabe4783639dd3f096e91) Importer(815301076,1909f56bfc062723c751e8b465ee728b)  -> (artifact id: 'c44817dfac0af4f3218f5d044816567b') in 0.099076 seconds
Number of updated asset objects reloaded before import = 0
Number of asset objects unloaded after import = 2
========================================================================
Received Import Request.
  Time since last request: 0.000048 seconds.
  path: Assets/Third Party Assets/Automobiles/koenigsegg-one-pro/textures/KOP_DiskBrake_Shd_Roughness.jpg
  artifactKey: Guid(e5c76d426a7749d46bd3c73a82456d4d) Importer(815301076,1909f56bfc062723c751e8b465ee728b)
Start importing Assets/Third Party Assets/Automobiles/koenigsegg-one-pro/textures/KOP_DiskBrake_Shd_Roughness.jpg using Guid(e5c76d426a7749d46bd3c73a82456d4d) Importer(815301076,1909f56bfc062723c751e8b465ee728b)  -> (artifact id: '7435f7d6dc4c164ce9df1d0ca8e4a4aa') in 0.090990 seconds
Number of updated asset objects reloaded before import = 0
Number of asset objects unloaded after import = 2
========================================================================
Received Import Request.
  Time since last request: 0.000079 seconds.
  path: Assets/Third Party Assets/Automobiles/koenigsegg-one-pro/textures/KOP_InCarbonFiber_Shd_BaseColor.jpg
  artifactKey: Guid(fb75cc7a7df5afe4a80bfe217f43e0c2) Importer(815301076,1909f56bfc062723c751e8b465ee728b)
Start importing Assets/Third Party Assets/Automobiles/koenigsegg-one-pro/textures/KOP_InCarbonFiber_Shd_BaseColor.jpg using Guid(fb75cc7a7df5afe4a80bfe217f43e0c2) Importer(815301076,1909f56bfc062723c751e8b465ee728b)  -> (artifact id: '5dee747d23af9fbb13f65ecc1844539b') in 0.081666 seconds
Number of updated asset objects reloaded before import = 0
Number of asset objects unloaded after import = 2
========================================================================
Received Import Request.
  Time since last request: 0.000118 seconds.
  path: Assets/Third Party Assets/Automobiles/koenigsegg-one-pro/textures/KOP_Grills_Shd_Roughness.jpg
  artifactKey: Guid(0e8a84fc728aea047966482e2461f940) Importer(815301076,1909f56bfc062723c751e8b465ee728b)
Start importing Assets/Third Party Assets/Automobiles/koenigsegg-one-pro/textures/KOP_Grills_Shd_Roughness.jpg using Guid(0e8a84fc728aea047966482e2461f940) Importer(815301076,1909f56bfc062723c751e8b465ee728b)  -> (artifact id: '129e9638577269cc7402a77869caeff5') in 0.111433 seconds
Number of updated asset objects reloaded before import = 0
Number of asset objects unloaded after import = 2
========================================================================
Received Import Request.
  Time since last request: 0.000065 seconds.
  path: Assets/Third Party Assets/Automobiles/koenigsegg-one-pro/textures/KOP_Emissive_Shd_BaseColor.jpg
  artifactKey: Guid(cea17dc36dcd3e346b828b00ee5a164d) Importer(815301076,1909f56bfc062723c751e8b465ee728b)
Start importing Assets/Third Party Assets/Automobiles/koenigsegg-one-pro/textures/KOP_Emissive_Shd_BaseColor.jpg using Guid(cea17dc36dcd3e346b828b00ee5a164d) Importer(815301076,1909f56bfc062723c751e8b465ee728b)  -> (artifact id: '29843dd5807ffb2d3ce42604b068c5ac') in 0.092684 seconds
Number of updated asset objects reloaded before import = 0
Number of asset objects unloaded after import = 2
Editor requested this worker to shutdown with reason: Scaling down because of idle timeout
TcpMessagingSession - receive error: operation aborted. errorcode: 995, details: The I/O operation has been aborted because of either a thread exit or an application request.
AssetImportWorker is now disconnected from the server
Process exiting
Exiting without the bug reporter. Application will terminate with return code 0