Using pre-set license
Built from '2022.3/staging' branch; Version is '2022.3.16f1 (d2c21f0ef2f1) revision 13812255'; Using compiler version '192829333'; Build Type 'Release'
OS: 'Windows 10  (10.0.19045) 64bit Professional' Language: 'en' Physical Memory: 32498 MB
BatchMode: 1, IsHumanControllingUs: 0, StartBugReporterOnCrash: 0, Is64bit: 1, IsPro: 1

COMMAND LINE ARGUMENTS:
C:\Program Files\Unity\Hub\Editor\2022.3.16f1\Editor\Unity.exe
-adb2
-batchMode
-noUpm
-name
AssetImportWorker9
-projectPath
C:/Users/Zachary Windover/3D Project
-logFile
Logs/AssetImportWorker9.log
-srvPort
50261
Successfully changed project path to: C:/Users/Zachary Windover/3D Project
C:/Users/Zachary Windover/3D Project
[UnityMemory] Configuration Parameters - Can be set up in boot.config
    "memorysetup-bucket-allocator-granularity=16"
    "memorysetup-bucket-allocator-bucket-count=8"
    "memorysetup-bucket-allocator-block-size=33554432"
    "memorysetup-bucket-allocator-block-count=8"
    "memorysetup-main-allocator-block-size=16777216"
    "memorysetup-thread-allocator-block-size=16777216"
    "memorysetup-gfx-main-allocator-block-size=16777216"
    "memorysetup-gfx-thread-allocator-block-size=16777216"
    "memorysetup-cache-allocator-block-size=4194304"
    "memorysetup-typetree-allocator-block-size=2097152"
    "memorysetup-profiler-bucket-allocator-granularity=16"
    "memorysetup-profiler-bucket-allocator-bucket-count=8"
    "memorysetup-profiler-bucket-allocator-block-size=33554432"
    "memorysetup-profiler-bucket-allocator-block-count=8"
    "memorysetup-profiler-allocator-block-size=16777216"
    "memorysetup-profiler-editor-allocator-block-size=1048576"
    "memorysetup-temp-allocator-size-main=16777216"
    "memorysetup-job-temp-allocator-block-size=2097152"
    "memorysetup-job-temp-allocator-block-size-background=1048576"
    "memorysetup-job-temp-allocator-reduction-small-platforms=262144"
    "memorysetup-allocator-temp-initial-block-size-main=262144"
    "memorysetup-allocator-temp-initial-block-size-worker=262144"
    "memorysetup-temp-allocator-size-background-worker=32768"
    "memorysetup-temp-allocator-size-job-worker=262144"
    "memorysetup-temp-allocator-size-preload-manager=33554432"
    "memorysetup-temp-allocator-size-nav-mesh-worker=65536"
    "memorysetup-temp-allocator-size-audio-worker=65536"
    "memorysetup-temp-allocator-size-cloud-worker=32768"
    "memorysetup-temp-allocator-size-gi-baking-worker=262144"
    "memorysetup-temp-allocator-size-gfx=262144"
Player connection [18044] Host "[IP] 192.168.56.1 [Port] 0 [Flags] 2 [Guid] 3246183801 [EditorId] 3246183801 [Version] 1048832 [Id] WindowsEditor(7,DESKTOP-K3F6L44) [Debug] 1 [PackageName] WindowsEditor [ProjectName] Editor" joined multi-casting on [225.0.0.222:54997]...

Player connection [18044] Host "[IP] 192.168.56.1 [Port] 0 [Flags] 2 [Guid] 3246183801 [EditorId] 3246183801 [Version] 1048832 [Id] WindowsEditor(7,DESKTOP-K3F6L44) [Debug] 1 [PackageName] WindowsEditor [ProjectName] Editor" joined alternative multi-casting on [225.0.0.222:34997]...

[Physics::Module] Initialized MultithreadedJobDispatcher with 11 workers.
Refreshing native plugins compatible for Editor in 25.81 ms, found 3 plugins.
Preloading 0 native plugins for Editor in 0.00 ms.
Initialize engine version: 2022.3.16f1 (d2c21f0ef2f1)
[Subsystems] Discovering subsystems at path C:/Program Files/Unity/Hub/Editor/2022.3.16f1/Editor/Data/Resources/UnitySubsystems
[Subsystems] Discovering subsystems at path C:/Users/Zachary Windover/3D Project/Assets
GfxDevice: creating device client; threaded=0; jobified=0
Direct3D:
    Version:  Direct3D 11.0 [level 11.1]
    Renderer: Intel(R) UHD Graphics 630 (ID=0x3e9b)
    Vendor:   Intel
    VRAM:     16249 MB
    Driver:   27.20.100.9664
Initialize mono
Mono path[0] = 'C:/Program Files/Unity/Hub/Editor/2022.3.16f1/Editor/Data/Managed'
Mono path[1] = 'C:/Program Files/Unity/Hub/Editor/2022.3.16f1/Editor/Data/MonoBleedingEdge/lib/mono/unityjit-win32'
Mono config path = 'C:/Program Files/Unity/Hub/Editor/2022.3.16f1/Editor/Data/MonoBleedingEdge/etc'
Using monoOptions --debugger-agent=transport=dt_socket,embedding=1,server=y,suspend=n,address=127.0.0.1:56736
Begin MonoManager ReloadAssembly
Registering precompiled unity dll's ...
Register platform support module: C:/Program Files/Unity/Hub/Editor/2022.3.16f1/Editor/Data/PlaybackEngines/WindowsStandaloneSupport/UnityEditor.WindowsStandalone.Extensions.dll
Registered in 0.008372 seconds.
- Loaded All Assemblies, in  0.318 seconds
Native extension for WindowsStandalone target not found
Mono: successfully reloaded assembly
- Finished resetting the current domain, in  0.324 seconds
Domain Reload Profiling: 641ms
	BeginReloadAssembly (96ms)
		ExecutionOrderSort (0ms)
		DisableScriptedObjects (0ms)
		BackupInstance (0ms)
		ReleaseScriptingObjects (0ms)
		CreateAndSetChildDomain (1ms)
	RebuildCommonClasses (31ms)
	RebuildNativeTypeToScriptingClass (11ms)
	initialDomainReloadingComplete (55ms)
	LoadAllAssembliesAndSetupDomain (124ms)
		LoadAssemblies (94ms)
		RebuildTransferFunctionScriptingTraits (0ms)
		AnalyzeDomain (122ms)
			TypeCache.Refresh (121ms)
				TypeCache.ScanAssembly (109ms)
			ScanForSourceGeneratedMonoScriptInfo (0ms)
			ResolveRequiredComponents (0ms)
	FinalizeReload (324ms)
		ReleaseScriptCaches (0ms)
		RebuildScriptCaches (0ms)
		SetupLoadedEditorAssemblies (272ms)
			LogAssemblyErrors (0ms)
			InitializePlatformSupportModulesInManaged (8ms)
			SetLoadedEditorAssemblies (6ms)
			RefreshPlugins (0ms)
			BeforeProcessingInitializeOnLoad (2ms)
			ProcessInitializeOnLoadAttributes (213ms)
			ProcessInitializeOnLoadMethodAttributes (43ms)
			AfterProcessingInitializeOnLoad (0ms)
			EditorAssembliesLoaded (0ms)
		ExecutionOrderSort2 (0ms)
		AwakeInstancesAfterBackupRestoration (0ms)
========================================================================
Worker process is ready to serve import requests
Begin MonoManager ReloadAssembly
Symbol file LoadedFromMemory is not a mono symbol file
- Loaded All Assemblies, in  0.918 seconds
Refreshing native plugins compatible for Editor in 8.27 ms, found 3 plugins.
Native extension for WindowsStandalone target not found
Package Manager log level set to [2]
[Package Manager] Server::EnsureServerProcessIsRunning -- launch failed, reason: Unity was launched with the -noUpm command-line argument
[Package Manager] UpmClient::Send -- Unable to send message (not connected to UPM process).
[Package Manager] Cannot connect to Unity Package Manager local server
Mono: successfully reloaded assembly
- Finished resetting the current domain, in  1.181 seconds
Domain Reload Profiling: 2095ms
	BeginReloadAssembly (167ms)
		ExecutionOrderSort (0ms)
		DisableScriptedObjects (5ms)
		BackupInstance (0ms)
		ReleaseScriptingObjects (0ms)
		CreateAndSetChildDomain (38ms)
	RebuildCommonClasses (36ms)
	RebuildNativeTypeToScriptingClass (26ms)
	initialDomainReloadingComplete (57ms)
	LoadAllAssembliesAndSetupDomain (627ms)
		LoadAssemblies (399ms)
		RebuildTransferFunctionScriptingTraits (0ms)
		AnalyzeDomain (317ms)
			TypeCache.Refresh (271ms)
				TypeCache.ScanAssembly (251ms)
			ScanForSourceGeneratedMonoScriptInfo (33ms)
			ResolveRequiredComponents (11ms)
	FinalizeReload (1181ms)
		ReleaseScriptCaches (0ms)
		RebuildScriptCaches (0ms)
		SetupLoadedEditorAssemblies (986ms)
			LogAssemblyErrors (0ms)
			InitializePlatformSupportModulesInManaged (6ms)
			SetLoadedEditorAssemblies (3ms)
			RefreshPlugins (0ms)
			BeforeProcessingInitializeOnLoad (86ms)
			ProcessInitializeOnLoadAttributes (685ms)
			ProcessInitializeOnLoadMethodAttributes (198ms)
			AfterProcessingInitializeOnLoad (7ms)
			EditorAssembliesLoaded (0ms)
		ExecutionOrderSort2 (0ms)
		AwakeInstancesAfterBackupRestoration (6ms)
Launched and connected shader compiler UnityShaderCompiler.exe after 0.06 seconds
Refreshing native plugins compatible for Editor in 8.64 ms, found 3 plugins.
Preloading 0 native plugins for Editor in 0.00 ms.
Unloading 7519 Unused Serialized files (Serialized files now loaded: 0)
Unloading 249 unused Assets / (13.2 MB). Loaded Objects now: 7843.
Memory consumption went from 405.5 MB to 392.3 MB.
Total: 9.215900 ms (FindLiveObjects: 0.504900 ms CreateObjectMapping: 0.874400 ms MarkObjects: 5.757200 ms  DeleteObjects: 2.078600 ms)

AssetImportParameters requested are different than current active one (requested -> active):
  custom:container-demuxer-ogg: 62fdf1f143b41e24485cea50d1cbac27 -> 
  custom:framework-win-MediaFoundation: 216162199b28c13a410421893ffa2e32 -> 
  custom:container-muxer-webm: aa71ff27fc2769a1b78a27578f13a17b -> 
  custom:video-decoder-webm-vp8: 9c59270c3fd7afecdb556c50c9e8de78 -> 
  custom:SearchIndexIgnoredProperties: e643bd26f0fe6173181afceb89e7c659 -> 
  custom:AudioImporter_EditorPlatform: d09bf68614088b80899f8185d706f6e7 -> 
  custom:audio-decoder-ogg-vorbis: bf7c407c2cedff20999df2af8eb42d56 -> 
  custom:audio-encoder-webm-vorbis: bf7c407c2cedff20999df2af8eb42d56 -> 
  custom:video-decoder-ogg-theora: a1e56fd34408186e4bbccfd4996cb3dc -> 
  custom:CustomObjectIndexerAttribute: 4d1d7186bcbbfe361de5f0ad951e585c -> 
  custom:container-demuxer-webm: 4f35f7cbe854078d1ac9338744f61a02 -> 
  custom:video-encoder-webm-vp8: eb34c28f22e8b96e1ab97ce403110664 -> 
========================================================================
Received Import Request.
  Time since last request: 3070.879514 seconds.
  path: Assets/Third Party Assets/Secondary/Handguns/NZ PT-9M Pistol/Prefabs/PT-9M Case.prefab
  artifactKey: Guid(14e42df45c5cc1d4682cdd972f351e8d) Importer(815301076,1909f56bfc062723c751e8b465ee728b)
Start importing Assets/Third Party Assets/Secondary/Handguns/NZ PT-9M Pistol/Prefabs/PT-9M Case.prefab using Guid(14e42df45c5cc1d4682cdd972f351e8d) Importer(815301076,1909f56bfc062723c751e8b465ee728b)  -> (artifact id: '67087da04b35fb5eae99a223061c9576') in 1.530304 seconds
Number of updated asset objects reloaded before import = 0
Number of asset objects unloaded after import = 358
========================================================================
Received Import Request.
  Time since last request: 0.000091 seconds.
  path: Assets/Third Party Assets/Secondary/Handguns/NZ PT-9M Pistol/Prefabs/PT-9M Pistol 9mm Bullet_Low_sep.prefab
  artifactKey: Guid(434b534deda1ce840bef3d6825d9dc98) Importer(815301076,1909f56bfc062723c751e8b465ee728b)
Start importing Assets/Third Party Assets/Secondary/Handguns/NZ PT-9M Pistol/Prefabs/PT-9M Pistol 9mm Bullet_Low_sep.prefab using Guid(434b534deda1ce840bef3d6825d9dc98) Importer(815301076,1909f56bfc062723c751e8b465ee728b)  -> (artifact id: '77d48dd5cbb3cf8f105089aca6f41c1e') in 0.255001 seconds
Number of updated asset objects reloaded before import = 0
Number of asset objects unloaded after import = 28
========================================================================
Received Import Request.
  Time since last request: 0.000050 seconds.
  path: Assets/Third Party Assets/Secondary/Handguns/NZ PT-9M Pistol/Prefabs/PT-9M Pistol_skin01.prefab
  artifactKey: Guid(bdc71fe84784acd43b8e3816e10eb765) Importer(815301076,1909f56bfc062723c751e8b465ee728b)
Start importing Assets/Third Party Assets/Secondary/Handguns/NZ PT-9M Pistol/Prefabs/PT-9M Pistol_skin01.prefab using Guid(bdc71fe84784acd43b8e3816e10eb765) Importer(815301076,1909f56bfc062723c751e8b465ee728b)  -> (artifact id: '33b1971e0a9391f5041c0b3b850a5fb8') in 0.358844 seconds
Number of updated asset objects reloaded before import = 0
Number of asset objects unloaded after import = 119
========================================================================
Received Import Request.
  Time since last request: 0.000166 seconds.
  path: Assets/Third Party Assets/Secondary/Handguns/NZ PT-9M Pistol/Prefabs/PT-9M Pistol 9mm Bullet_Low.prefab
  artifactKey: Guid(c8ed49fe70796f7459526396512af8a5) Importer(815301076,1909f56bfc062723c751e8b465ee728b)
Start importing Assets/Third Party Assets/Secondary/Handguns/NZ PT-9M Pistol/Prefabs/PT-9M Pistol 9mm Bullet_Low.prefab using Guid(c8ed49fe70796f7459526396512af8a5) Importer(815301076,1909f56bfc062723c751e8b465ee728b)  -> (artifact id: '70922671357ea854c99dbe207887aead') in 0.213854 seconds
Number of updated asset objects reloaded before import = 0
Number of asset objects unloaded after import = 23
========================================================================
Received Import Request.
  Time since last request: 0.000094 seconds.
  path: Assets/Third Party Assets/Secondary/Handguns/NZ PT-9M Pistol/Prefabs/PT-9M Pistol_skin02.prefab
  artifactKey: Guid(184794cefbeed96439ae5e552ba91d23) Importer(815301076,1909f56bfc062723c751e8b465ee728b)
Start importing Assets/Third Party Assets/Secondary/Handguns/NZ PT-9M Pistol/Prefabs/PT-9M Pistol_skin02.prefab using Guid(184794cefbeed96439ae5e552ba91d23) Importer(815301076,1909f56bfc062723c751e8b465ee728b)  -> (artifact id: '6c4ffce79de5042e2d617005ecb82938') in 0.487377 seconds
Number of updated asset objects reloaded before import = 0
Number of asset objects unloaded after import = 124
Editor requested this worker to shutdown with reason: Scaling down because of idle timeout
TcpMessagingSession - receive error: operation aborted. errorcode: 995, details: The I/O operation has been aborted because of either a thread exit or an application request.
AssetImportWorker is now disconnected from the server
Process exiting
Exiting without the bug reporter. Application will terminate with return code 0