Using pre-set license
Built from '2022.3/staging' branch; Version is '2022.3.16f1 (d2c21f0ef2f1) revision 13812255'; Using compiler version '192829333'; Build Type 'Release'
OS: 'Windows 10  (10.0.19045) 64bit Professional' Language: 'en' Physical Memory: 32498 MB
BatchMode: 1, IsHumanControllingUs: 0, StartBugReporterOnCrash: 0, Is64bit: 1, IsPro: 1

COMMAND LINE ARGUMENTS:
C:\Program Files\Unity\Hub\Editor\2022.3.16f1\Editor\Unity.exe
-adb2
-batchMode
-noUpm
-name
AssetImportWorker17
-projectPath
C:/Users/Zachary Windover/3D Project
-logFile
Logs/AssetImportWorker17.log
-srvPort
50281
Successfully changed project path to: C:/Users/Zachary Windover/3D Project
C:/Users/Zachary Windover/3D Project
[UnityMemory] Configuration Parameters - Can be set up in boot.config
    "memorysetup-bucket-allocator-granularity=16"
    "memorysetup-bucket-allocator-bucket-count=8"
    "memorysetup-bucket-allocator-block-size=33554432"
    "memorysetup-bucket-allocator-block-count=8"
    "memorysetup-main-allocator-block-size=16777216"
    "memorysetup-thread-allocator-block-size=16777216"
    "memorysetup-gfx-main-allocator-block-size=16777216"
    "memorysetup-gfx-thread-allocator-block-size=16777216"
    "memorysetup-cache-allocator-block-size=4194304"
    "memorysetup-typetree-allocator-block-size=2097152"
    "memorysetup-profiler-bucket-allocator-granularity=16"
    "memorysetup-profiler-bucket-allocator-bucket-count=8"
    "memorysetup-profiler-bucket-allocator-block-size=33554432"
    "memorysetup-profiler-bucket-allocator-block-count=8"
    "memorysetup-profiler-allocator-block-size=16777216"
    "memorysetup-profiler-editor-allocator-block-size=1048576"
    "memorysetup-temp-allocator-size-main=16777216"
    "memorysetup-job-temp-allocator-block-size=2097152"
    "memorysetup-job-temp-allocator-block-size-background=1048576"
    "memorysetup-job-temp-allocator-reduction-small-platforms=262144"
    "memorysetup-allocator-temp-initial-block-size-main=262144"
    "memorysetup-allocator-temp-initial-block-size-worker=262144"
    "memorysetup-temp-allocator-size-background-worker=32768"
    "memorysetup-temp-allocator-size-job-worker=262144"
    "memorysetup-temp-allocator-size-preload-manager=33554432"
    "memorysetup-temp-allocator-size-nav-mesh-worker=65536"
    "memorysetup-temp-allocator-size-audio-worker=65536"
    "memorysetup-temp-allocator-size-cloud-worker=32768"
    "memorysetup-temp-allocator-size-gi-baking-worker=262144"
    "memorysetup-temp-allocator-size-gfx=262144"
Player connection [26416] Host "[IP] 192.168.56.1 [Port] 0 [Flags] 2 [Guid] 2291681779 [EditorId] 2291681779 [Version] 1048832 [Id] WindowsEditor(7,DESKTOP-K3F6L44) [Debug] 1 [PackageName] WindowsEditor [ProjectName] Editor" joined multi-casting on [225.0.0.222:54997]...

Player connection [26416] Host "[IP] 192.168.56.1 [Port] 0 [Flags] 2 [Guid] 2291681779 [EditorId] 2291681779 [Version] 1048832 [Id] WindowsEditor(7,DESKTOP-K3F6L44) [Debug] 1 [PackageName] WindowsEditor [ProjectName] Editor" joined alternative multi-casting on [225.0.0.222:34997]...

[Physics::Module] Initialized MultithreadedJobDispatcher with 11 workers.
Refreshing native plugins compatible for Editor in 91.64 ms, found 3 plugins.
Preloading 0 native plugins for Editor in 0.00 ms.
Initialize engine version: 2022.3.16f1 (d2c21f0ef2f1)
[Subsystems] Discovering subsystems at path C:/Program Files/Unity/Hub/Editor/2022.3.16f1/Editor/Data/Resources/UnitySubsystems
[Subsystems] Discovering subsystems at path C:/Users/Zachary Windover/3D Project/Assets
GfxDevice: creating device client; threaded=0; jobified=0
Direct3D:
    Version:  Direct3D 11.0 [level 11.1]
    Renderer: Intel(R) UHD Graphics 630 (ID=0x3e9b)
    Vendor:   Intel
    VRAM:     16249 MB
    Driver:   27.20.100.9664
Initialize mono
Mono path[0] = 'C:/Program Files/Unity/Hub/Editor/2022.3.16f1/Editor/Data/Managed'
Mono path[1] = 'C:/Program Files/Unity/Hub/Editor/2022.3.16f1/Editor/Data/MonoBleedingEdge/lib/mono/unityjit-win32'
Mono config path = 'C:/Program Files/Unity/Hub/Editor/2022.3.16f1/Editor/Data/MonoBleedingEdge/etc'
Using monoOptions --debugger-agent=transport=dt_socket,embedding=1,server=y,suspend=n,address=127.0.0.1:56804
Begin MonoManager ReloadAssembly
Registering precompiled unity dll's ...
Register platform support module: C:/Program Files/Unity/Hub/Editor/2022.3.16f1/Editor/Data/PlaybackEngines/WindowsStandaloneSupport/UnityEditor.WindowsStandalone.Extensions.dll
Registered in 0.010743 seconds.
- Loaded All Assemblies, in  0.424 seconds
Native extension for WindowsStandalone target not found
Mono: successfully reloaded assembly
- Finished resetting the current domain, in  0.334 seconds
Domain Reload Profiling: 756ms
	BeginReloadAssembly (127ms)
		ExecutionOrderSort (0ms)
		DisableScriptedObjects (0ms)
		BackupInstance (0ms)
		ReleaseScriptingObjects (0ms)
		CreateAndSetChildDomain (1ms)
	RebuildCommonClasses (42ms)
	RebuildNativeTypeToScriptingClass (15ms)
	initialDomainReloadingComplete (72ms)
	LoadAllAssembliesAndSetupDomain (166ms)
		LoadAssemblies (125ms)
		RebuildTransferFunctionScriptingTraits (0ms)
		AnalyzeDomain (164ms)
			TypeCache.Refresh (162ms)
				TypeCache.ScanAssembly (146ms)
			ScanForSourceGeneratedMonoScriptInfo (0ms)
			ResolveRequiredComponents (0ms)
	FinalizeReload (334ms)
		ReleaseScriptCaches (0ms)
		RebuildScriptCaches (0ms)
		SetupLoadedEditorAssemblies (264ms)
			LogAssemblyErrors (0ms)
			InitializePlatformSupportModulesInManaged (11ms)
			SetLoadedEditorAssemblies (8ms)
			RefreshPlugins (0ms)
			BeforeProcessingInitializeOnLoad (3ms)
			ProcessInitializeOnLoadAttributes (179ms)
			ProcessInitializeOnLoadMethodAttributes (62ms)
			AfterProcessingInitializeOnLoad (0ms)
			EditorAssembliesLoaded (0ms)
		ExecutionOrderSort2 (0ms)
		AwakeInstancesAfterBackupRestoration (0ms)
========================================================================
Worker process is ready to serve import requests
Begin MonoManager ReloadAssembly
Symbol file LoadedFromMemory is not a mono symbol file
- Loaded All Assemblies, in  1.065 seconds
Refreshing native plugins compatible for Editor in 12.08 ms, found 3 plugins.
Native extension for WindowsStandalone target not found
Package Manager log level set to [2]
[Package Manager] Server::EnsureServerProcessIsRunning -- launch failed, reason: Unity was launched with the -noUpm command-line argument
[Package Manager] UpmClient::Send -- Unable to send message (not connected to UPM process).
[Package Manager] Cannot connect to Unity Package Manager local server
Mono: successfully reloaded assembly
- Finished resetting the current domain, in  1.346 seconds
Domain Reload Profiling: 2406ms
	BeginReloadAssembly (178ms)
		ExecutionOrderSort (0ms)
		DisableScriptedObjects (7ms)
		BackupInstance (0ms)
		ReleaseScriptingObjects (0ms)
		CreateAndSetChildDomain (25ms)
	RebuildCommonClasses (53ms)
	RebuildNativeTypeToScriptingClass (15ms)
	initialDomainReloadingComplete (57ms)
	LoadAllAssembliesAndSetupDomain (757ms)
		LoadAssemblies (480ms)
		RebuildTransferFunctionScriptingTraits (0ms)
		AnalyzeDomain (380ms)
			TypeCache.Refresh (318ms)
				TypeCache.ScanAssembly (291ms)
			ScanForSourceGeneratedMonoScriptInfo (44ms)
			ResolveRequiredComponents (15ms)
	FinalizeReload (1346ms)
		ReleaseScriptCaches (0ms)
		RebuildScriptCaches (0ms)
		SetupLoadedEditorAssemblies (1006ms)
			LogAssemblyErrors (0ms)
			InitializePlatformSupportModulesInManaged (19ms)
			SetLoadedEditorAssemblies (10ms)
			RefreshPlugins (0ms)
			BeforeProcessingInitializeOnLoad (123ms)
			ProcessInitializeOnLoadAttributes (520ms)
			ProcessInitializeOnLoadMethodAttributes (324ms)
			AfterProcessingInitializeOnLoad (9ms)
			EditorAssembliesLoaded (0ms)
		ExecutionOrderSort2 (0ms)
		AwakeInstancesAfterBackupRestoration (8ms)
Launched and connected shader compiler UnityShaderCompiler.exe after 0.06 seconds
Refreshing native plugins compatible for Editor in 20.93 ms, found 3 plugins.
Preloading 0 native plugins for Editor in 0.00 ms.
Unloading 7516 Unused Serialized files (Serialized files now loaded: 0)
Unloading 249 unused Assets / (13.2 MB). Loaded Objects now: 7838.
Memory consumption went from 404.4 MB to 391.2 MB.
Total: 11.087200 ms (FindLiveObjects: 0.568700 ms CreateObjectMapping: 0.521800 ms MarkObjects: 7.567400 ms  DeleteObjects: 2.428500 ms)

AssetImportParameters requested are different than current active one (requested -> active):
  custom:container-demuxer-ogg: 62fdf1f143b41e24485cea50d1cbac27 -> 
  custom:scripting/monoscript/fileName/NzExplode.cs: e4f98f8959cb12b810b0c2b197410024 -> a771d1c7e65e55e33a589dbed140eddd
  custom:framework-win-MediaFoundation: 216162199b28c13a410421893ffa2e32 -> 
  custom:container-muxer-webm: aa71ff27fc2769a1b78a27578f13a17b -> 
  custom:video-decoder-webm-vp8: 9c59270c3fd7afecdb556c50c9e8de78 -> 
  custom:SearchIndexIgnoredProperties: e643bd26f0fe6173181afceb89e7c659 -> 
  custom:AudioImporter_EditorPlatform: d09bf68614088b80899f8185d706f6e7 -> 
  custom:scripting/monoscript/fileName/NzSelection.cs: c55ec747d7264bfcd4dc37400fd26670 -> 57f1d5d1a5f593f3ce7b04f0d3eb86f8
  custom:scripting/monoscript/fileName/NzCamNav.cs: dcee80bb59167c2f2af02b8261965603 -> 0188b1bb309ed1ce96f7283f6662ecc1
  custom:audio-decoder-ogg-vorbis: bf7c407c2cedff20999df2af8eb42d56 -> 
  custom:scripting/monoscript/fileName/CameraRotate.cs: 55021f2be27f9cda2dee249715bfd9ca -> 
  custom:audio-encoder-webm-vorbis: bf7c407c2cedff20999df2af8eb42d56 -> 
  custom:video-decoder-ogg-theora: a1e56fd34408186e4bbccfd4996cb3dc -> 
  custom:scripting/monoscript/fileName/NzAnim.cs: b3a05e6cd47e33023b215adf26b43913 -> 6d48babcd3381fd73ccf106f9983ef7f
  custom:CustomObjectIndexerAttribute: 4d1d7186bcbbfe361de5f0ad951e585c -> 
  custom:container-demuxer-webm: 4f35f7cbe854078d1ac9338744f61a02 -> 
  custom:scripting/monoscript/fileName/NzRotator.cs: 3026c715639065117df683a110552749 -> a0a30357f65f09c6634129056fab3ea0
  custom:video-encoder-webm-vp8: eb34c28f22e8b96e1ab97ce403110664 -> 
  custom:scripting/monoscript/fileName/SimpleShoot.cs: 9327e3975ddbf2dc32e9ebbe481e78f3 -> 9fb8d3949cadcf7a4a3f243fff7319c3
========================================================================
Received Import Request.
  Time since last request: 65577.404854 seconds.
  path: Assets/FreeMachineGun/Materials/DSN_MachineGun_01.mat
  artifactKey: Guid(3bb9293946c6b4842ac3979fe40e058b) Importer(815301076,1909f56bfc062723c751e8b465ee728b)
Start importing Assets/FreeMachineGun/Materials/DSN_MachineGun_01.mat using Guid(3bb9293946c6b4842ac3979fe40e058b) Importer(815301076,1909f56bfc062723c751e8b465ee728b)  -> (artifact id: 'd2d271fa1bcea20a0f64dd44749310a5') in 1.370345 seconds
Number of updated asset objects reloaded before import = 0
Number of asset objects unloaded after import = 6
========================================================================
Received Import Request.
  Time since last request: 0.002535 seconds.
  path: Assets/FreeMachineGun/Textures/MachineGun_01_normal.jpg
  artifactKey: Guid(a12f8b22474b7e04cb8c972eb730c71b) Importer(815301076,1909f56bfc062723c751e8b465ee728b)
Start importing Assets/FreeMachineGun/Textures/MachineGun_01_normal.jpg using Guid(a12f8b22474b7e04cb8c972eb730c71b) Importer(815301076,1909f56bfc062723c751e8b465ee728b)  -> (artifact id: 'e1ddff9f43d3a748216352326585adc0') in 0.099962 seconds
Number of updated asset objects reloaded before import = 0
Number of asset objects unloaded after import = 2
========================================================================
Received Prepare
Begin MonoManager ReloadAssembly
Symbol file LoadedFromMemory is not a mono symbol file
- Loaded All Assemblies, in  1.141 seconds
Refreshing native plugins compatible for Editor in 17.11 ms, found 3 plugins.
Native extension for WindowsStandalone target not found
[Package Manager] Server::EnsureServerProcessIsRunning -- launch failed, reason: Unity was launched with the -noUpm command-line argument
[Package Manager] UpmClient::Send -- Unable to send message (not connected to UPM process).
[Package Manager] Cannot connect to Unity Package Manager local server
Mono: successfully reloaded assembly
- Finished resetting the current domain, in  2.664 seconds
Domain Reload Profiling: 3796ms
	BeginReloadAssembly (363ms)
		ExecutionOrderSort (0ms)
		DisableScriptedObjects (20ms)
		BackupInstance (0ms)
		ReleaseScriptingObjects (0ms)
		CreateAndSetChildDomain (97ms)
	RebuildCommonClasses (66ms)
	RebuildNativeTypeToScriptingClass (23ms)
	initialDomainReloadingComplete (64ms)
	LoadAllAssembliesAndSetupDomain (615ms)
		LoadAssemblies (636ms)
		RebuildTransferFunctionScriptingTraits (0ms)
		AnalyzeDomain (149ms)
			TypeCache.Refresh (20ms)
				TypeCache.ScanAssembly (1ms)
			ScanForSourceGeneratedMonoScriptInfo (98ms)
			ResolveRequiredComponents (30ms)
	FinalizeReload (2665ms)
		ReleaseScriptCaches (0ms)
		RebuildScriptCaches (0ms)
		SetupLoadedEditorAssemblies (994ms)
			LogAssemblyErrors (0ms)
			InitializePlatformSupportModulesInManaged (11ms)
			SetLoadedEditorAssemblies (5ms)
			RefreshPlugins (0ms)
			BeforeProcessingInitializeOnLoad (159ms)
			ProcessInitializeOnLoadAttributes (569ms)
			ProcessInitializeOnLoadMethodAttributes (237ms)
			AfterProcessingInitializeOnLoad (12ms)
			EditorAssembliesLoaded (0ms)
		ExecutionOrderSort2 (0ms)
		AwakeInstancesAfterBackupRestoration (31ms)
Refreshing native plugins compatible for Editor in 42.43 ms, found 3 plugins.
Preloading 0 native plugins for Editor in 0.00 ms.
Unloading 7259 Unused Serialized files (Serialized files now loaded: 0)
Unloading 215 unused Assets / (13.2 MB). Loaded Objects now: 8016.
Memory consumption went from 360.1 MB to 346.9 MB.
Total: 29.328800 ms (FindLiveObjects: 1.314000 ms CreateObjectMapping: 2.242800 ms MarkObjects: 20.357800 ms  DeleteObjects: 5.411100 ms)

Prepare: number of updated asset objects reloaded= 0
AssetImportParameters requested are different than current active one (requested -> active):
  custom:container-demuxer-ogg: 62fdf1f143b41e24485cea50d1cbac27 -> 
  custom:scripting/monoscript/fileName/NzExplode.cs: e4f98f8959cb12b810b0c2b197410024 -> a771d1c7e65e55e33a589dbed140eddd
  custom:framework-win-MediaFoundation: 216162199b28c13a410421893ffa2e32 -> 
  custom:container-muxer-webm: aa71ff27fc2769a1b78a27578f13a17b -> 
  custom:video-decoder-webm-vp8: 9c59270c3fd7afecdb556c50c9e8de78 -> 
  custom:SearchIndexIgnoredProperties: e643bd26f0fe6173181afceb89e7c659 -> 
  custom:AudioImporter_EditorPlatform: d09bf68614088b80899f8185d706f6e7 -> 
  custom:scripting/monoscript/fileName/NzSelection.cs: c55ec747d7264bfcd4dc37400fd26670 -> 57f1d5d1a5f593f3ce7b04f0d3eb86f8
  custom:scripting/monoscript/fileName/NzCamNav.cs: dcee80bb59167c2f2af02b8261965603 -> 0188b1bb309ed1ce96f7283f6662ecc1
  custom:audio-decoder-ogg-vorbis: bf7c407c2cedff20999df2af8eb42d56 -> 
  custom:scripting/monoscript/fileName/CameraRotate.cs: 55021f2be27f9cda2dee249715bfd9ca -> 
  custom:audio-encoder-webm-vorbis: bf7c407c2cedff20999df2af8eb42d56 -> 
  custom:video-decoder-ogg-theora: a1e56fd34408186e4bbccfd4996cb3dc -> 
  custom:scripting/monoscript/fileName/NzAnim.cs: b3a05e6cd47e33023b215adf26b43913 -> 6d48babcd3381fd73ccf106f9983ef7f
  custom:CustomObjectIndexerAttribute: 4d1d7186bcbbfe361de5f0ad951e585c -> 
  custom:container-demuxer-webm: 4f35f7cbe854078d1ac9338744f61a02 -> 
  custom:scripting/monoscript/fileName/NzRotator.cs: 3026c715639065117df683a110552749 -> a0a30357f65f09c6634129056fab3ea0
  custom:video-encoder-webm-vp8: eb34c28f22e8b96e1ab97ce403110664 -> 
  custom:scripting/monoscript/fileName/SimpleShoot.cs: 9327e3975ddbf2dc32e9ebbe481e78f3 -> 9fb8d3949cadcf7a4a3f243fff7319c3
========================================================================
Received Import Request.
  Time since last request: 381.552620 seconds.
  path: Assets/Low Poly Guns/Materials/Plane.mat
  artifactKey: Guid(e96fa539506a82f4097ae5999f559460) Importer(815301076,1909f56bfc062723c751e8b465ee728b)
Start importing Assets/Low Poly Guns/Materials/Plane.mat using Guid(e96fa539506a82f4097ae5999f559460) Importer(815301076,1909f56bfc062723c751e8b465ee728b)  -> (artifact id: '9d1ea17c845a1ce8af5955cfdfa3a49d') in 0.945234 seconds
Number of updated asset objects reloaded before import = 0
Number of asset objects unloaded after import = 66
========================================================================
Received Import Request.
  Time since last request: 5.802902 seconds.
  path: Assets/Low Poly Guns/Models/Guns/assault1/assault1.mat
  artifactKey: Guid(c588de1bd0ae27543958b38850e54921) Importer(815301076,1909f56bfc062723c751e8b465ee728b)
Start importing Assets/Low Poly Guns/Models/Guns/assault1/assault1.mat using Guid(c588de1bd0ae27543958b38850e54921) Importer(815301076,1909f56bfc062723c751e8b465ee728b)  -> (artifact id: '41afb7fb07bd3c106a099a3e5b46edf2') in 0.082112 seconds
Number of updated asset objects reloaded before import = 0
Number of asset objects unloaded after import = 4
========================================================================
Received Import Request.
  Time since last request: 0.000087 seconds.
  path: Assets/Low Poly Guns/Models/Guns/assault1/assault1_diffuse.png
  artifactKey: Guid(89fc40a82916a0c449b689ff792cbaba) Importer(815301076,1909f56bfc062723c751e8b465ee728b)
Start importing Assets/Low Poly Guns/Models/Guns/assault1/assault1_diffuse.png using Guid(89fc40a82916a0c449b689ff792cbaba) Importer(815301076,1909f56bfc062723c751e8b465ee728b)  -> (artifact id: '07a0413514f9d6aa05c598fcd3c3d25f') in 0.132505 seconds
Number of updated asset objects reloaded before import = 0
Number of asset objects unloaded after import = 2
========================================================================
Received Import Request.
  Time since last request: 0.000075 seconds.
  path: Assets/Low Poly Guns/Models/Guns/assault1/assault1_normal.png
  artifactKey: Guid(b5ce058bdf628bb4bb3304265b2ab7f6) Importer(815301076,1909f56bfc062723c751e8b465ee728b)
Start importing Assets/Low Poly Guns/Models/Guns/assault1/assault1_normal.png using Guid(b5ce058bdf628bb4bb3304265b2ab7f6) Importer(815301076,1909f56bfc062723c751e8b465ee728b)  -> (artifact id: 'aa930d919cff457dfe212f10c708d7a0') in 0.104638 seconds
Number of updated asset objects reloaded before import = 0
Number of asset objects unloaded after import = 2
========================================================================
Received Import Request.
  Time since last request: 59.430324 seconds.
  path: Assets/Low Poly Guns/Models/Guns/assault2/assault2.fbx
  artifactKey: Guid(6bea03a7115c5d748b18a7573d0d4d2b) Importer(815301076,1909f56bfc062723c751e8b465ee728b)
Start importing Assets/Low Poly Guns/Models/Guns/assault2/assault2.fbx using Guid(6bea03a7115c5d748b18a7573d0d4d2b) Importer(815301076,1909f56bfc062723c751e8b465ee728b)  -> (artifact id: 'b62cae4f89fbd1e46d78e4af873c7e54') in 0.242702 seconds
Number of updated asset objects reloaded before import = 0
Number of asset objects unloaded after import = 9
========================================================================
Received Import Request.
  Time since last request: 0.000071 seconds.
  path: Assets/Low Poly Guns/Models/Guns/assault2/assault2_normal.png
  artifactKey: Guid(f682931156928fc4e960b020752b0c9a) Importer(815301076,1909f56bfc062723c751e8b465ee728b)
Start importing Assets/Low Poly Guns/Models/Guns/assault2/assault2_normal.png using Guid(f682931156928fc4e960b020752b0c9a) Importer(815301076,1909f56bfc062723c751e8b465ee728b)  -> (artifact id: '76438c8f843208458cb94fe2e5bf3c81') in 0.075473 seconds
Number of updated asset objects reloaded before import = 0
Number of asset objects unloaded after import = 2
========================================================================
Received Import Request.
  Time since last request: 52.952398 seconds.
  path: Assets/Low Poly Guns/Models/Guns/assault3/assault3.fbx
  artifactKey: Guid(e525d5c90c0df01498dca09570cfb5ec) Importer(815301076,1909f56bfc062723c751e8b465ee728b)
Start importing Assets/Low Poly Guns/Models/Guns/assault3/assault3.fbx using Guid(e525d5c90c0df01498dca09570cfb5ec) Importer(815301076,1909f56bfc062723c751e8b465ee728b)  -> (artifact id: '7450cc5309745000a9d180cd6f518b3a') in 0.145188 seconds
Number of updated asset objects reloaded before import = 0
Number of asset objects unloaded after import = 9
========================================================================
Received Import Request.
  Time since last request: 0.000071 seconds.
  path: Assets/Low Poly Guns/Models/Guns/assault3/assault3_diffuse.png
  artifactKey: Guid(a5d9ebfb627548d41ba3a8ec12550ce5) Importer(815301076,1909f56bfc062723c751e8b465ee728b)
Start importing Assets/Low Poly Guns/Models/Guns/assault3/assault3_diffuse.png using Guid(a5d9ebfb627548d41ba3a8ec12550ce5) Importer(815301076,1909f56bfc062723c751e8b465ee728b)  -> (artifact id: '7c4ea6d3f3aafedb422a1618e513d2b9') in 0.106564 seconds
Number of updated asset objects reloaded before import = 0
Number of asset objects unloaded after import = 2
========================================================================
Received Import Request.
  Time since last request: 48.125353 seconds.
  path: Assets/Low Poly Guns/Models/Guns/assault4/assault4.mat
  artifactKey: Guid(a3de5fdd82f571f4eb16a3c2530b4303) Importer(815301076,1909f56bfc062723c751e8b465ee728b)
Start importing Assets/Low Poly Guns/Models/Guns/assault4/assault4.mat using Guid(a3de5fdd82f571f4eb16a3c2530b4303) Importer(815301076,1909f56bfc062723c751e8b465ee728b)  -> (artifact id: 'c7c811a171fd4657f57792486e4ab482') in 0.079501 seconds
Number of updated asset objects reloaded before import = 0
Number of asset objects unloaded after import = 4
========================================================================
Received Import Request.
  Time since last request: 0.000086 seconds.
  path: Assets/Low Poly Guns/Models/Guns/assault4/assault4_normal.png
  artifactKey: Guid(d5baff63e2303fd46998bc9b9fc03166) Importer(815301076,1909f56bfc062723c751e8b465ee728b)
Start importing Assets/Low Poly Guns/Models/Guns/assault4/assault4_normal.png using Guid(d5baff63e2303fd46998bc9b9fc03166) Importer(815301076,1909f56bfc062723c751e8b465ee728b)  -> (artifact id: '744e32f4a8008b2c10cf0a85d0bf41ee') in 0.081246 seconds
Number of updated asset objects reloaded before import = 0
Number of asset objects unloaded after import = 2
========================================================================
Received Import Request.
  Time since last request: 19.818132 seconds.
  path: Assets/Low Poly Guns/Models/Guns/pistol1/pistol1.fbx
  artifactKey: Guid(4df3ce82db8e66645afd54ab1d5b0262) Importer(815301076,1909f56bfc062723c751e8b465ee728b)
Start importing Assets/Low Poly Guns/Models/Guns/pistol1/pistol1.fbx using Guid(4df3ce82db8e66645afd54ab1d5b0262) Importer(815301076,1909f56bfc062723c751e8b465ee728b)  -> (artifact id: '67a7eade7f219746ceaa8a63fa6bc560') in 0.158453 seconds
Number of updated asset objects reloaded before import = 0
Number of asset objects unloaded after import = 9
========================================================================
Received Import Request.
  Time since last request: 16.774597 seconds.
  path: Assets/Low Poly Guns/Models/Guns/pistol2/pistol2.fbx
  artifactKey: Guid(8f9696fb6017be144a307b6586855ac0) Importer(815301076,1909f56bfc062723c751e8b465ee728b)
Start importing Assets/Low Poly Guns/Models/Guns/pistol2/pistol2.fbx using Guid(8f9696fb6017be144a307b6586855ac0) Importer(815301076,1909f56bfc062723c751e8b465ee728b)  -> (artifact id: 'ba0275eb1b506c09ac075a148525515e') in 0.161900 seconds
Number of updated asset objects reloaded before import = 0
Number of asset objects unloaded after import = 9
========================================================================
Received Import Request.
  Time since last request: 5.981051 seconds.
  path: Assets/Low Poly Guns/Models/Guns/shotgun1/shotgun1.fbx
  artifactKey: Guid(f62f7dc06bd890d4aab43b8fd635fe02) Importer(815301076,1909f56bfc062723c751e8b465ee728b)
Start importing Assets/Low Poly Guns/Models/Guns/shotgun1/shotgun1.fbx using Guid(f62f7dc06bd890d4aab43b8fd635fe02) Importer(815301076,1909f56bfc062723c751e8b465ee728b)  -> (artifact id: 'efdf5c61e67aee8053770da334bda7f9') in 0.137958 seconds
Number of updated asset objects reloaded before import = 0
Number of asset objects unloaded after import = 9
========================================================================
Received Import Request.
  Time since last request: 16.762321 seconds.
  path: Assets/Low Poly Guns/Models/Guns/shotgun2/shotgun2.fbx
  artifactKey: Guid(8b36fb41929fc22429f0083d817b8040) Importer(815301076,1909f56bfc062723c751e8b465ee728b)
Start importing Assets/Low Poly Guns/Models/Guns/shotgun2/shotgun2.fbx using Guid(8b36fb41929fc22429f0083d817b8040) Importer(815301076,1909f56bfc062723c751e8b465ee728b)  -> (artifact id: '1f537113cab0dfb6d512964640a17b00') in 0.156453 seconds
Number of updated asset objects reloaded before import = 0
Number of asset objects unloaded after import = 9
========================================================================
Received Import Request.
  Time since last request: 22.152389 seconds.
  path: Assets/Low Poly Guns/Models/Guns/smg1/smg1.fbx
  artifactKey: Guid(2cf10fa706c7a4d42b5927d8e730f4e2) Importer(815301076,1909f56bfc062723c751e8b465ee728b)
Start importing Assets/Low Poly Guns/Models/Guns/smg1/smg1.fbx using Guid(2cf10fa706c7a4d42b5927d8e730f4e2) Importer(815301076,1909f56bfc062723c751e8b465ee728b)  -> (artifact id: '53a655a083fcb5df43df2dd124aeb594') in 0.164497 seconds
Number of updated asset objects reloaded before import = 0
Number of asset objects unloaded after import = 9
========================================================================
Received Import Request.
  Time since last request: 17.034699 seconds.
  path: Assets/Low Poly Guns/Models/Guns/smg2/smg2.fbx
  artifactKey: Guid(a957639d15248134a9be03d5ae4fed7f) Importer(815301076,1909f56bfc062723c751e8b465ee728b)
Start importing Assets/Low Poly Guns/Models/Guns/smg2/smg2.fbx using Guid(a957639d15248134a9be03d5ae4fed7f) Importer(815301076,1909f56bfc062723c751e8b465ee728b)  -> (artifact id: '51b3e19fd15d7580130c3723cb26b958') in 0.153086 seconds
Number of updated asset objects reloaded before import = 0
Number of asset objects unloaded after import = 9
========================================================================
Received Import Request.
  Time since last request: 25.761686 seconds.
  path: Assets/Low Poly Guns/Models/Guns/sniper1/sniper1.fbx
  artifactKey: Guid(60d91f925d8c1e442bb6596dfb94ffff) Importer(815301076,1909f56bfc062723c751e8b465ee728b)
Start importing Assets/Low Poly Guns/Models/Guns/sniper1/sniper1.fbx using Guid(60d91f925d8c1e442bb6596dfb94ffff) Importer(815301076,1909f56bfc062723c751e8b465ee728b)  -> (artifact id: '75187b7a0216969f66b3545d84adc084') in 0.115790 seconds
Number of updated asset objects reloaded before import = 0
Number of asset objects unloaded after import = 9
========================================================================
Received Import Request.
  Time since last request: 15.706576 seconds.
  path: Assets/Low Poly Guns/Models/Guns/sniper2/sniper2.fbx
  artifactKey: Guid(c8573db8e30e916479a705831bd5040c) Importer(815301076,1909f56bfc062723c751e8b465ee728b)
Start importing Assets/Low Poly Guns/Models/Guns/sniper2/sniper2.fbx using Guid(c8573db8e30e916479a705831bd5040c) Importer(815301076,1909f56bfc062723c751e8b465ee728b)  -> (artifact id: 'ff7a353d6125f2e6af3d65b62eb117e1') in 0.131828 seconds
Number of updated asset objects reloaded before import = 0
Number of asset objects unloaded after import = 9
Editor requested this worker to shutdown with reason: Scaling down because of idle timeout
TcpMessagingSession - receive error: operation aborted. errorcode: 995, details: The I/O operation has been aborted because of either a thread exit or an application request.
AssetImportWorker is now disconnected from the server
Process exiting
Exiting without the bug reporter. Application will terminate with return code 0