Using pre-set license
Built from '2022.3/staging' branch; Version is '2022.3.16f1 (d2c21f0ef2f1) revision 13812255'; Using compiler version '192829333'; Build Type 'Release'
OS: 'Windows 10  (10.0.19045) 64bit Professional' Language: 'en' Physical Memory: 32498 MB
BatchMode: 1, IsHumanControllingUs: 0, StartBugReporterOnCrash: 0, Is64bit: 1, IsPro: 1

COMMAND LINE ARGUMENTS:
C:\Program Files\Unity\Hub\Editor\2022.3.16f1\Editor\Unity.exe
-adb2
-batchMode
-noUpm
-name
AssetImportWorker11
-projectPath
C:/Users/Zachary Windover/3D Project
-logFile
Logs/AssetImportWorker11.log
-srvPort
50261
Successfully changed project path to: C:/Users/Zachary Windover/3D Project
C:/Users/Zachary Windover/3D Project
[UnityMemory] Configuration Parameters - Can be set up in boot.config
    "memorysetup-bucket-allocator-granularity=16"
    "memorysetup-bucket-allocator-bucket-count=8"
    "memorysetup-bucket-allocator-block-size=33554432"
    "memorysetup-bucket-allocator-block-count=8"
    "memorysetup-main-allocator-block-size=16777216"
    "memorysetup-thread-allocator-block-size=16777216"
    "memorysetup-gfx-main-allocator-block-size=16777216"
    "memorysetup-gfx-thread-allocator-block-size=16777216"
    "memorysetup-cache-allocator-block-size=4194304"
    "memorysetup-typetree-allocator-block-size=2097152"
    "memorysetup-profiler-bucket-allocator-granularity=16"
    "memorysetup-profiler-bucket-allocator-bucket-count=8"
    "memorysetup-profiler-bucket-allocator-block-size=33554432"
    "memorysetup-profiler-bucket-allocator-block-count=8"
    "memorysetup-profiler-allocator-block-size=16777216"
    "memorysetup-profiler-editor-allocator-block-size=1048576"
    "memorysetup-temp-allocator-size-main=16777216"
    "memorysetup-job-temp-allocator-block-size=2097152"
    "memorysetup-job-temp-allocator-block-size-background=1048576"
    "memorysetup-job-temp-allocator-reduction-small-platforms=262144"
    "memorysetup-allocator-temp-initial-block-size-main=262144"
    "memorysetup-allocator-temp-initial-block-size-worker=262144"
    "memorysetup-temp-allocator-size-background-worker=32768"
    "memorysetup-temp-allocator-size-job-worker=262144"
    "memorysetup-temp-allocator-size-preload-manager=33554432"
    "memorysetup-temp-allocator-size-nav-mesh-worker=65536"
    "memorysetup-temp-allocator-size-audio-worker=65536"
    "memorysetup-temp-allocator-size-cloud-worker=32768"
    "memorysetup-temp-allocator-size-gi-baking-worker=262144"
    "memorysetup-temp-allocator-size-gfx=262144"
Player connection [18248] Host "[IP] 192.168.56.1 [Port] 0 [Flags] 2 [Guid] 123422563 [EditorId] 123422563 [Version] 1048832 [Id] WindowsEditor(7,DESKTOP-K3F6L44) [Debug] 1 [PackageName] WindowsEditor [ProjectName] Editor" joined multi-casting on [225.0.0.222:54997]...

Player connection [18248] Host "[IP] 192.168.56.1 [Port] 0 [Flags] 2 [Guid] 123422563 [EditorId] 123422563 [Version] 1048832 [Id] WindowsEditor(7,DESKTOP-K3F6L44) [Debug] 1 [PackageName] WindowsEditor [ProjectName] Editor" joined alternative multi-casting on [225.0.0.222:34997]...

[Physics::Module] Initialized MultithreadedJobDispatcher with 11 workers.
Refreshing native plugins compatible for Editor in 26.45 ms, found 3 plugins.
Preloading 0 native plugins for Editor in 0.00 ms.
Initialize engine version: 2022.3.16f1 (d2c21f0ef2f1)
[Subsystems] Discovering subsystems at path C:/Program Files/Unity/Hub/Editor/2022.3.16f1/Editor/Data/Resources/UnitySubsystems
[Subsystems] Discovering subsystems at path C:/Users/Zachary Windover/3D Project/Assets
GfxDevice: creating device client; threaded=0; jobified=0
Direct3D:
    Version:  Direct3D 11.0 [level 11.1]
    Renderer: Intel(R) UHD Graphics 630 (ID=0x3e9b)
    Vendor:   Intel
    VRAM:     16249 MB
    Driver:   27.20.100.9664
Initialize mono
Mono path[0] = 'C:/Program Files/Unity/Hub/Editor/2022.3.16f1/Editor/Data/Managed'
Mono path[1] = 'C:/Program Files/Unity/Hub/Editor/2022.3.16f1/Editor/Data/MonoBleedingEdge/lib/mono/unityjit-win32'
Mono config path = 'C:/Program Files/Unity/Hub/Editor/2022.3.16f1/Editor/Data/MonoBleedingEdge/etc'
Using monoOptions --debugger-agent=transport=dt_socket,embedding=1,server=y,suspend=n,address=127.0.0.1:56336
Begin MonoManager ReloadAssembly
Registering precompiled unity dll's ...
Register platform support module: C:/Program Files/Unity/Hub/Editor/2022.3.16f1/Editor/Data/PlaybackEngines/WindowsStandaloneSupport/UnityEditor.WindowsStandalone.Extensions.dll
Registered in 0.008449 seconds.
- Loaded All Assemblies, in  0.346 seconds
Native extension for WindowsStandalone target not found
Mono: successfully reloaded assembly
- Finished resetting the current domain, in  0.406 seconds
Domain Reload Profiling: 751ms
	BeginReloadAssembly (97ms)
		ExecutionOrderSort (0ms)
		DisableScriptedObjects (0ms)
		BackupInstance (0ms)
		ReleaseScriptingObjects (0ms)
		CreateAndSetChildDomain (1ms)
	RebuildCommonClasses (33ms)
	RebuildNativeTypeToScriptingClass (11ms)
	initialDomainReloadingComplete (56ms)
	LoadAllAssembliesAndSetupDomain (147ms)
		LoadAssemblies (95ms)
		RebuildTransferFunctionScriptingTraits (0ms)
		AnalyzeDomain (146ms)
			TypeCache.Refresh (145ms)
				TypeCache.ScanAssembly (132ms)
			ScanForSourceGeneratedMonoScriptInfo (0ms)
			ResolveRequiredComponents (0ms)
	FinalizeReload (406ms)
		ReleaseScriptCaches (0ms)
		RebuildScriptCaches (0ms)
		SetupLoadedEditorAssemblies (354ms)
			LogAssemblyErrors (0ms)
			InitializePlatformSupportModulesInManaged (9ms)
			SetLoadedEditorAssemblies (6ms)
			RefreshPlugins (0ms)
			BeforeProcessingInitializeOnLoad (2ms)
			ProcessInitializeOnLoadAttributes (253ms)
			ProcessInitializeOnLoadMethodAttributes (85ms)
			AfterProcessingInitializeOnLoad (0ms)
			EditorAssembliesLoaded (0ms)
		ExecutionOrderSort2 (0ms)
		AwakeInstancesAfterBackupRestoration (0ms)
========================================================================
Worker process is ready to serve import requests
Begin MonoManager ReloadAssembly
Symbol file LoadedFromMemory is not a mono symbol file
- Loaded All Assemblies, in  0.897 seconds
Refreshing native plugins compatible for Editor in 29.61 ms, found 3 plugins.
Native extension for WindowsStandalone target not found
Package Manager log level set to [2]
[Package Manager] Server::EnsureServerProcessIsRunning -- launch failed, reason: Unity was launched with the -noUpm command-line argument
[Package Manager] UpmClient::Send -- Unable to send message (not connected to UPM process).
[Package Manager] Cannot connect to Unity Package Manager local server
Mono: successfully reloaded assembly
- Finished resetting the current domain, in  0.925 seconds
Domain Reload Profiling: 1819ms
	BeginReloadAssembly (217ms)
		ExecutionOrderSort (0ms)
		DisableScriptedObjects (6ms)
		BackupInstance (0ms)
		ReleaseScriptingObjects (0ms)
		CreateAndSetChildDomain (36ms)
	RebuildCommonClasses (31ms)
	RebuildNativeTypeToScriptingClass (10ms)
	initialDomainReloadingComplete (39ms)
	LoadAllAssembliesAndSetupDomain (595ms)
		LoadAssemblies (417ms)
		RebuildTransferFunctionScriptingTraits (0ms)
		AnalyzeDomain (321ms)
			TypeCache.Refresh (274ms)
				TypeCache.ScanAssembly (241ms)
			ScanForSourceGeneratedMonoScriptInfo (34ms)
			ResolveRequiredComponents (11ms)
	FinalizeReload (926ms)
		ReleaseScriptCaches (0ms)
		RebuildScriptCaches (0ms)
		SetupLoadedEditorAssemblies (694ms)
			LogAssemblyErrors (0ms)
			InitializePlatformSupportModulesInManaged (6ms)
			SetLoadedEditorAssemblies (3ms)
			RefreshPlugins (0ms)
			BeforeProcessingInitializeOnLoad (88ms)
			ProcessInitializeOnLoadAttributes (418ms)
			ProcessInitializeOnLoadMethodAttributes (172ms)
			AfterProcessingInitializeOnLoad (7ms)
			EditorAssembliesLoaded (0ms)
		ExecutionOrderSort2 (0ms)
		AwakeInstancesAfterBackupRestoration (6ms)
Launched and connected shader compiler UnityShaderCompiler.exe after 0.08 seconds
Refreshing native plugins compatible for Editor in 8.70 ms, found 3 plugins.
Preloading 0 native plugins for Editor in 0.00 ms.
Unloading 7519 Unused Serialized files (Serialized files now loaded: 0)
Unloading 249 unused Assets / (13.2 MB). Loaded Objects now: 7843.
Memory consumption went from 405.3 MB to 392.1 MB.
Total: 8.736800 ms (FindLiveObjects: 0.505800 ms CreateObjectMapping: 0.504000 ms MarkObjects: 5.665600 ms  DeleteObjects: 2.060800 ms)

AssetImportParameters requested are different than current active one (requested -> active):
  custom:container-demuxer-ogg: 62fdf1f143b41e24485cea50d1cbac27 -> 
  custom:framework-win-MediaFoundation: 216162199b28c13a410421893ffa2e32 -> 
  custom:container-muxer-webm: aa71ff27fc2769a1b78a27578f13a17b -> 
  custom:video-decoder-webm-vp8: 9c59270c3fd7afecdb556c50c9e8de78 -> 
  custom:SearchIndexIgnoredProperties: e643bd26f0fe6173181afceb89e7c659 -> 
  custom:AudioImporter_EditorPlatform: d09bf68614088b80899f8185d706f6e7 -> 
  custom:audio-decoder-ogg-vorbis: bf7c407c2cedff20999df2af8eb42d56 -> 
  custom:audio-encoder-webm-vorbis: bf7c407c2cedff20999df2af8eb42d56 -> 
  custom:video-decoder-ogg-theora: a1e56fd34408186e4bbccfd4996cb3dc -> 
  custom:CustomObjectIndexerAttribute: 4d1d7186bcbbfe361de5f0ad951e585c -> 
  custom:container-demuxer-webm: 4f35f7cbe854078d1ac9338744f61a02 -> 
  custom:video-encoder-webm-vp8: eb34c28f22e8b96e1ab97ce403110664 -> 
========================================================================
Received Import Request.
  Time since last request: 3445.166182 seconds.
  path: Assets/Third Party Assets/Secondary/Handguns/Nokobot/Modern Guns - Handgun/_Prefabs/45ACP Bullet_Casing.prefab
  artifactKey: Guid(4cb20e8abae957146a8b78e670d3fe74) Importer(815301076,1909f56bfc062723c751e8b465ee728b)
Start importing Assets/Third Party Assets/Secondary/Handguns/Nokobot/Modern Guns - Handgun/_Prefabs/45ACP Bullet_Casing.prefab using Guid(4cb20e8abae957146a8b78e670d3fe74) Importer(815301076,1909f56bfc062723c751e8b465ee728b)  -> (artifact id: '6b6678b8b18c60132aea97212cd5a9f2') in 0.923849 seconds
Number of updated asset objects reloaded before import = 0
Number of asset objects unloaded after import = 22
========================================================================
Received Import Request.
  Time since last request: 2.265286 seconds.
  path: Assets/Third Party Assets/Animations/Armed/Rifle/M1/Transitions/Aim to Down.fbx
  artifactKey: Guid(543292110631c9a45acc6300235e9943) Importer(815301076,1909f56bfc062723c751e8b465ee728b)
Start importing Assets/Third Party Assets/Animations/Armed/Rifle/M1/Transitions/Aim to Down.fbx using Guid(543292110631c9a45acc6300235e9943) Importer(815301076,1909f56bfc062723c751e8b465ee728b)  -> (artifact id: '3e51e41ccfa16ead214c7165061c68d7') in 0.017018 seconds
Number of updated asset objects reloaded before import = 0
Number of asset objects unloaded after import = 143
========================================================================
Received Import Request.
  Time since last request: 0.000037 seconds.
  path: Assets/Third Party Assets/Primary/Rifles/AK-74u/Models/AK-74u.FBX
  artifactKey: Guid(54d17f8a48fa5514cbee3ffe010fad32) Importer(815301076,1909f56bfc062723c751e8b465ee728b)
Start importing Assets/Third Party Assets/Primary/Rifles/AK-74u/Models/AK-74u.FBX using Guid(54d17f8a48fa5514cbee3ffe010fad32) Importer(815301076,1909f56bfc062723c751e8b465ee728b)  -> (artifact id: '608c84ff4f477abf7eb2e80ffaa31b19') in 0.161716 seconds
Number of updated asset objects reloaded before import = 0
Number of asset objects unloaded after import = 20
========================================================================
Received Import Request.
  Time since last request: 0.000044 seconds.
  path: Assets/Third Party Assets/Animations/Armed/Rifle/M1/Walk/Standing/Continue/Back Left.fbx
  artifactKey: Guid(68935dc12f79d0c418921e9ac27319e7) Importer(815301076,1909f56bfc062723c751e8b465ee728b)
Start importing Assets/Third Party Assets/Animations/Armed/Rifle/M1/Walk/Standing/Continue/Back Left.fbx using Guid(68935dc12f79d0c418921e9ac27319e7) Importer(815301076,1909f56bfc062723c751e8b465ee728b)  -> (artifact id: 'ea5f99005d40d8fbec1aa48c456435d5') in 0.014959 seconds
Number of updated asset objects reloaded before import = 0
Number of asset objects unloaded after import = 143
========================================================================
Received Import Request.
  Time since last request: 0.000084 seconds.
  path: Assets/Third Party Assets/Animations/Armed/Rifle/M2/Walking/Crouching/Stop/Back to Stop 2.fbx
  artifactKey: Guid(6059c1775b1ddfa418c5a91f24b0b6d9) Importer(815301076,1909f56bfc062723c751e8b465ee728b)
Start importing Assets/Third Party Assets/Animations/Armed/Rifle/M2/Walking/Crouching/Stop/Back to Stop 2.fbx using Guid(6059c1775b1ddfa418c5a91f24b0b6d9) Importer(815301076,1909f56bfc062723c751e8b465ee728b)  -> (artifact id: '051dd2841fc84d94d5b6d8ae900aa391') in 0.008193 seconds
Number of updated asset objects reloaded before import = 0
Number of asset objects unloaded after import = 143
========================================================================
Received Import Request.
  Time since last request: 0.000056 seconds.
  path: Assets/Third Party Assets/Animations/Armed/Rifle/M2/Walking/Standing/Continue/Back Right.fbx
  artifactKey: Guid(a6842d10a2e8334459daefd007ae8a30) Importer(815301076,1909f56bfc062723c751e8b465ee728b)
Start importing Assets/Third Party Assets/Animations/Armed/Rifle/M2/Walking/Standing/Continue/Back Right.fbx using Guid(a6842d10a2e8334459daefd007ae8a30) Importer(815301076,1909f56bfc062723c751e8b465ee728b)  -> (artifact id: 'deff5ea6434af492de2cfc2761580926') in 0.015816 seconds
Number of updated asset objects reloaded before import = 0
Number of asset objects unloaded after import = 143
========================================================================
Received Import Request.
  Time since last request: 0.000083 seconds.
  path: Assets/Third Party Assets/Characters/Civilians/Brian.fbx
  artifactKey: Guid(8eeb4fb16c92d79439de5711eb5bbd8f) Importer(815301076,1909f56bfc062723c751e8b465ee728b)
Start importing Assets/Third Party Assets/Characters/Civilians/Brian.fbx using Guid(8eeb4fb16c92d79439de5711eb5bbd8f) Importer(815301076,1909f56bfc062723c751e8b465ee728b)  -> (artifact id: '95933a8405f262fa8314c02ef196c191') in 0.285940 seconds
Number of updated asset objects reloaded before import = 0
Number of asset objects unloaded after import = 159
========================================================================
Received Import Request.
  Time since last request: 0.000099 seconds.
  path: Assets/Third Party Assets/Primary/Shotguns/Shotgun Set/Prefabs/BenelliM4.prefab
  artifactKey: Guid(0c0199d2ce977cd41b22b1d798eb2866) Importer(815301076,1909f56bfc062723c751e8b465ee728b)
Start importing Assets/Third Party Assets/Primary/Shotguns/Shotgun Set/Prefabs/BenelliM4.prefab using Guid(0c0199d2ce977cd41b22b1d798eb2866) Importer(815301076,1909f56bfc062723c751e8b465ee728b)  -> (artifact id: 'f657387c45940eddee04326f5fb9cda0') in 0.151060 seconds
Number of updated asset objects reloaded before import = 0
Number of asset objects unloaded after import = 218
========================================================================
Received Import Request.
  Time since last request: 0.000081 seconds.
  path: Assets/Third Party Assets/Animations/Armed/Rifle/M2/Walking/Crouching/Continue/Back Left.fbx
  artifactKey: Guid(74c94aa22c96db746939817fd55bfcba) Importer(815301076,1909f56bfc062723c751e8b465ee728b)
Start importing Assets/Third Party Assets/Animations/Armed/Rifle/M2/Walking/Crouching/Continue/Back Left.fbx using Guid(74c94aa22c96db746939817fd55bfcba) Importer(815301076,1909f56bfc062723c751e8b465ee728b)  -> (artifact id: '6c23113da3584ea86a8ecd698fc3a9c7') in 0.028368 seconds
Number of updated asset objects reloaded before import = 0
Number of asset objects unloaded after import = 143
========================================================================
Received Import Request.
  Time since last request: 0.000020 seconds.
  path: Assets/Third Party Assets/Primary/Rifles/M16 A1/Base mesh/Base mesh.fbx
  artifactKey: Guid(b00c3a8e56f70ee4b80bcbdb8a70fdb6) Importer(815301076,1909f56bfc062723c751e8b465ee728b)
Start importing Assets/Third Party Assets/Primary/Rifles/M16 A1/Base mesh/Base mesh.fbx using Guid(b00c3a8e56f70ee4b80bcbdb8a70fdb6) Importer(815301076,1909f56bfc062723c751e8b465ee728b)  -> (artifact id: 'ab63a702f91a735ecbffdd6cfaa55b16') in 0.717142 seconds
Number of updated asset objects reloaded before import = 0
Number of asset objects unloaded after import = 119
========================================================================
Received Import Request.
  Time since last request: 0.000082 seconds.
  path: Assets/Third Party Assets/Animations/Armed/Rifle/M2/Walking/Crouching/Stop/Back to Stop 1.fbx
  artifactKey: Guid(658c67b48c731834cb48062c1f17a2b0) Importer(815301076,1909f56bfc062723c751e8b465ee728b)
Start importing Assets/Third Party Assets/Animations/Armed/Rifle/M2/Walking/Crouching/Stop/Back to Stop 1.fbx using Guid(658c67b48c731834cb48062c1f17a2b0) Importer(815301076,1909f56bfc062723c751e8b465ee728b)  -> (artifact id: 'd0452994d88aa70afca4e9ba015b3fbc') in 0.027685 seconds
Number of updated asset objects reloaded before import = 0
Number of asset objects unloaded after import = 143
========================================================================
Received Import Request.
  Time since last request: 0.000077 seconds.
  path: Assets/Third Party Assets/Animations/Armed/Rifle/M1/Walk/Standing/Start/Backward.fbx
  artifactKey: Guid(4f42f46594ca1764498a3172c0f18598) Importer(815301076,1909f56bfc062723c751e8b465ee728b)
Start importing Assets/Third Party Assets/Animations/Armed/Rifle/M1/Walk/Standing/Start/Backward.fbx using Guid(4f42f46594ca1764498a3172c0f18598) Importer(815301076,1909f56bfc062723c751e8b465ee728b)  -> (artifact id: 'ba8df7e932ba6cc595b58c7f59e29119') in 0.010422 seconds
Number of updated asset objects reloaded before import = 0
Number of asset objects unloaded after import = 143
========================================================================
Received Import Request.
  Time since last request: 0.000027 seconds.
  path: Assets/Third Party Assets/Animations/Armed/Pistol/Walk/Backward.fbx
  artifactKey: Guid(a63292e745d81f445aa29691660f3177) Importer(815301076,1909f56bfc062723c751e8b465ee728b)
Start importing Assets/Third Party Assets/Animations/Armed/Pistol/Walk/Backward.fbx using Guid(a63292e745d81f445aa29691660f3177) Importer(815301076,1909f56bfc062723c751e8b465ee728b)  -> (artifact id: '0d9ca209b2175dfc5a53e61ab45faaf6') in 0.028552 seconds
Number of updated asset objects reloaded before import = 0
Number of asset objects unloaded after import = 143
========================================================================
Received Import Request.
  Time since last request: 0.000029 seconds.
  path: Assets/Third Party Assets/Primary/Snipers/SVD/SVD_Unity5/Models/bullet.FBX
  artifactKey: Guid(5fa1405895632de4bb380b80bf492aef) Importer(815301076,1909f56bfc062723c751e8b465ee728b)
Start importing Assets/Third Party Assets/Primary/Snipers/SVD/SVD_Unity5/Models/bullet.FBX using Guid(5fa1405895632de4bb380b80bf492aef) Importer(815301076,1909f56bfc062723c751e8b465ee728b)  -> (artifact id: '977a9080a15656e07cae376cd3bffc8a') in 0.053105 seconds
Number of updated asset objects reloaded before import = 0
Number of asset objects unloaded after import = 12
========================================================================
Received Import Request.
  Time since last request: 0.055935 seconds.
  path: Assets/Third Party Assets/Primary/Snipers/SVD/SVD_Unity4/prefabs/bullet.prefab
  artifactKey: Guid(b23585e768656574b9986986076db46b) Importer(815301076,1909f56bfc062723c751e8b465ee728b)
Start importing Assets/Third Party Assets/Primary/Snipers/SVD/SVD_Unity4/prefabs/bullet.prefab using Guid(b23585e768656574b9986986076db46b) Importer(815301076,1909f56bfc062723c751e8b465ee728b)  -> (artifact id: '57a8f27e8bba72448ea3e7df567546d3') in 0.050850 seconds
Number of updated asset objects reloaded before import = 0
Number of asset objects unloaded after import = 12
========================================================================
Received Import Request.
  Time since last request: 0.000047 seconds.
  path: Assets/Third Party Assets/Primary/Shotguns/Shotgun Set/Art/Staticmesh/Guns/Bullpup 12GA.fbx
  artifactKey: Guid(84f147ffc11935c43a8338e7207459a8) Importer(815301076,1909f56bfc062723c751e8b465ee728b)
Start importing Assets/Third Party Assets/Primary/Shotguns/Shotgun Set/Art/Staticmesh/Guns/Bullpup 12GA.fbx using Guid(84f147ffc11935c43a8338e7207459a8) Importer(815301076,1909f56bfc062723c751e8b465ee728b)  -> (artifact id: 'b03073c1f22046f326dfa8f12f1bbaeb') in 0.936002 seconds
Number of updated asset objects reloaded before import = 0
Number of asset objects unloaded after import = 178
========================================================================
Received Import Request.
  Time since last request: 124.612406 seconds.
  path: Assets/Third Party Assets/Animations/Armed/Pistol/Hit Reaction/Hit Right.fbx
  artifactKey: Guid(d753c99eeb67e5149b47408c0f917848) Importer(815301076,1909f56bfc062723c751e8b465ee728b)
Start importing Assets/Third Party Assets/Animations/Armed/Pistol/Hit Reaction/Hit Right.fbx using Guid(d753c99eeb67e5149b47408c0f917848) Importer(815301076,1909f56bfc062723c751e8b465ee728b)  -> (artifact id: '3785aa6035e12f1fe24ef75418aca04b') in 0.020092 seconds
Number of updated asset objects reloaded before import = 0
Number of asset objects unloaded after import = 143
========================================================================
Received Import Request.
  Time since last request: 6.175183 seconds.
  path: Assets/Third Party Assets/Characters/Playable/Swat.fbx
  artifactKey: Guid(5384155ce1dee07468bfbe73880c193c) Importer(815301076,1909f56bfc062723c751e8b465ee728b)
Start importing Assets/Third Party Assets/Characters/Playable/Swat.fbx using Guid(5384155ce1dee07468bfbe73880c193c) Importer(815301076,1909f56bfc062723c751e8b465ee728b)  -> (artifact id: 'ad5ee7b6c99a6cfccecea65413ebb408') in 0.228096 seconds
Number of updated asset objects reloaded before import = 0
Number of asset objects unloaded after import = 161
========================================================================
Received Import Request.
  Time since last request: 0.000072 seconds.
  path: Assets/Third Party Assets/Characters/Playable/SWAT Guy.fbx
  artifactKey: Guid(ef30d96fdc277d34dbdbcb2313175963) Importer(815301076,1909f56bfc062723c751e8b465ee728b)
Start importing Assets/Third Party Assets/Characters/Playable/SWAT Guy.fbx using Guid(ef30d96fdc277d34dbdbcb2313175963) Importer(815301076,1909f56bfc062723c751e8b465ee728b)  -> (artifact id: 'da90ef251d7a754929ab68eac17d1da2') in 0.244623 seconds
Number of updated asset objects reloaded before import = 0
Number of asset objects unloaded after import = 147
========================================================================
Received Import Request.
  Time since last request: 32.099496 seconds.
  path: Assets/Third Party Assets/Animations/Armed/Rifle/M2/Swat@Crouch To Standing With Rifle.fbx
  artifactKey: Guid(1ac4d9688af0f924185a32e673c733d2) Importer(815301076,1909f56bfc062723c751e8b465ee728b)
Start importing Assets/Third Party Assets/Animations/Armed/Rifle/M2/Swat@Crouch To Standing With Rifle.fbx using Guid(1ac4d9688af0f924185a32e673c733d2) Importer(815301076,1909f56bfc062723c751e8b465ee728b)  -> (artifact id: 'ae1c7c608a3f5c1c0fdee7c8a1a580d0') in 0.019612 seconds
Number of updated asset objects reloaded before import = 0
Number of asset objects unloaded after import = 143
========================================================================
Received Import Request.
  Time since last request: 0.000070 seconds.
  path: Assets/Third Party Assets/Animations/Armed/Rifle/M2/Swat@Rifle Down To Aim.fbx
  artifactKey: Guid(b7ace1ce391f65247a790b8068d6c148) Importer(815301076,1909f56bfc062723c751e8b465ee728b)
Start importing Assets/Third Party Assets/Animations/Armed/Rifle/M2/Swat@Rifle Down To Aim.fbx using Guid(b7ace1ce391f65247a790b8068d6c148) Importer(815301076,1909f56bfc062723c751e8b465ee728b)  -> (artifact id: 'baf21db91a5bf8d8d4b1e9adaec91c2d') in 0.008864 seconds
Number of updated asset objects reloaded before import = 0
Number of asset objects unloaded after import = 143
========================================================================
Received Import Request.
  Time since last request: 0.000023 seconds.
  path: Assets/Third Party Assets/Animations/Armed/Rifle/M2/Swat@Rifle Kneel To Aim.fbx
  artifactKey: Guid(48db7a6963cdcf549bd0596af04ed79d) Importer(815301076,1909f56bfc062723c751e8b465ee728b)
Start importing Assets/Third Party Assets/Animations/Armed/Rifle/M2/Swat@Rifle Kneel To Aim.fbx using Guid(48db7a6963cdcf549bd0596af04ed79d) Importer(815301076,1909f56bfc062723c751e8b465ee728b)  -> (artifact id: '831941f80b08d459e4af30e820b32cff') in 0.016473 seconds
Number of updated asset objects reloaded before import = 0
Number of asset objects unloaded after import = 143
========================================================================
Received Import Request.
  Time since last request: 0.000084 seconds.
  path: Assets/Third Party Assets/Animations/Armed/Rifle/M2/Swat@Walking To Dying (1).fbx
  artifactKey: Guid(98b77eceeaf833e46a52573d37edfddd) Importer(815301076,1909f56bfc062723c751e8b465ee728b)
Start importing Assets/Third Party Assets/Animations/Armed/Rifle/M2/Swat@Walking To Dying (1).fbx using Guid(98b77eceeaf833e46a52573d37edfddd) Importer(815301076,1909f56bfc062723c751e8b465ee728b)  -> (artifact id: '8817535ceaf424b747f72f8bc429b982') in 0.031856 seconds
Number of updated asset objects reloaded before import = 0
Number of asset objects unloaded after import = 143
========================================================================
Received Import Request.
  Time since last request: 0.000056 seconds.
  path: Assets/Third Party Assets/Animations/Armed/Rifle/M2/Swat@Rifle Kneel To Stand.fbx
  artifactKey: Guid(c90887eb71fadc34fb65f2523dadf6d4) Importer(815301076,1909f56bfc062723c751e8b465ee728b)
Start importing Assets/Third Party Assets/Animations/Armed/Rifle/M2/Swat@Rifle Kneel To Stand.fbx using Guid(c90887eb71fadc34fb65f2523dadf6d4) Importer(815301076,1909f56bfc062723c751e8b465ee728b)  -> (artifact id: 'f0d7927299e7f6353c2551250d7abc95') in 0.023425 seconds
Number of updated asset objects reloaded before import = 0
Number of asset objects unloaded after import = 143
========================================================================
Received Import Request.
  Time since last request: 0.000109 seconds.
  path: Assets/Third Party Assets/Animations/Armed/Rifle/M2/Swat@Rifle Aim To Down.fbx
  artifactKey: Guid(a4116767614cf6344abccfbc60b06904) Importer(815301076,1909f56bfc062723c751e8b465ee728b)
Start importing Assets/Third Party Assets/Animations/Armed/Rifle/M2/Swat@Rifle Aim To Down.fbx using Guid(a4116767614cf6344abccfbc60b06904) Importer(815301076,1909f56bfc062723c751e8b465ee728b)  -> (artifact id: 'b3d594acb08fec8d25f5764d5df8f267') in 0.020947 seconds
Number of updated asset objects reloaded before import = 0
Number of asset objects unloaded after import = 143
Editor requested this worker to shutdown with reason: Scaling down because of idle timeout
TcpMessagingSession - receive error: operation aborted. errorcode: 995, details: The I/O operation has been aborted because of either a thread exit or an application request.
AssetImportWorker is now disconnected from the server
Process exiting
Exiting without the bug reporter. Application will terminate with return code 0