Using pre-set license
Built from '2022.3/staging' branch; Version is '2022.3.16f1 (d2c21f0ef2f1) revision 13812255'; Using compiler version '192829333'; Build Type 'Release'
OS: 'Windows 10  (10.0.19045) 64bit Professional' Language: 'en' Physical Memory: 32498 MB
BatchMode: 1, IsHumanControllingUs: 0, StartBugReporterOnCrash: 0, Is64bit: 1, IsPro: 1

COMMAND LINE ARGUMENTS:
C:\Program Files\Unity\Hub\Editor\2022.3.16f1\Editor\Unity.exe
-adb2
-batchMode
-noUpm
-name
AssetImportWorker19
-projectPath
C:/Users/Zachary Windover/3D Project
-logFile
Logs/AssetImportWorker19.log
-srvPort
50281
Successfully changed project path to: C:/Users/Zachary Windover/3D Project
C:/Users/Zachary Windover/3D Project
[UnityMemory] Configuration Parameters - Can be set up in boot.config
    "memorysetup-bucket-allocator-granularity=16"
    "memorysetup-bucket-allocator-bucket-count=8"
    "memorysetup-bucket-allocator-block-size=33554432"
    "memorysetup-bucket-allocator-block-count=8"
    "memorysetup-main-allocator-block-size=16777216"
    "memorysetup-thread-allocator-block-size=16777216"
    "memorysetup-gfx-main-allocator-block-size=16777216"
    "memorysetup-gfx-thread-allocator-block-size=16777216"
    "memorysetup-cache-allocator-block-size=4194304"
    "memorysetup-typetree-allocator-block-size=2097152"
    "memorysetup-profiler-bucket-allocator-granularity=16"
    "memorysetup-profiler-bucket-allocator-bucket-count=8"
    "memorysetup-profiler-bucket-allocator-block-size=33554432"
    "memorysetup-profiler-bucket-allocator-block-count=8"
    "memorysetup-profiler-allocator-block-size=16777216"
    "memorysetup-profiler-editor-allocator-block-size=1048576"
    "memorysetup-temp-allocator-size-main=16777216"
    "memorysetup-job-temp-allocator-block-size=2097152"
    "memorysetup-job-temp-allocator-block-size-background=1048576"
    "memorysetup-job-temp-allocator-reduction-small-platforms=262144"
    "memorysetup-allocator-temp-initial-block-size-main=262144"
    "memorysetup-allocator-temp-initial-block-size-worker=262144"
    "memorysetup-temp-allocator-size-background-worker=32768"
    "memorysetup-temp-allocator-size-job-worker=262144"
    "memorysetup-temp-allocator-size-preload-manager=33554432"
    "memorysetup-temp-allocator-size-nav-mesh-worker=65536"
    "memorysetup-temp-allocator-size-audio-worker=65536"
    "memorysetup-temp-allocator-size-cloud-worker=32768"
    "memorysetup-temp-allocator-size-gi-baking-worker=262144"
    "memorysetup-temp-allocator-size-gfx=262144"
Player connection [20044] Host "[IP] 192.168.56.1 [Port] 0 [Flags] 2 [Guid] 4172283823 [EditorId] 4172283823 [Version] 1048832 [Id] WindowsEditor(7,DESKTOP-K3F6L44) [Debug] 1 [PackageName] WindowsEditor [ProjectName] Editor" joined multi-casting on [225.0.0.222:54997]...

Player connection [20044] Host "[IP] 192.168.56.1 [Port] 0 [Flags] 2 [Guid] 4172283823 [EditorId] 4172283823 [Version] 1048832 [Id] WindowsEditor(7,DESKTOP-K3F6L44) [Debug] 1 [PackageName] WindowsEditor [ProjectName] Editor" joined alternative multi-casting on [225.0.0.222:34997]...

[Physics::Module] Initialized MultithreadedJobDispatcher with 11 workers.
Refreshing native plugins compatible for Editor in 105.83 ms, found 3 plugins.
Preloading 0 native plugins for Editor in 0.00 ms.
Initialize engine version: 2022.3.16f1 (d2c21f0ef2f1)
[Subsystems] Discovering subsystems at path C:/Program Files/Unity/Hub/Editor/2022.3.16f1/Editor/Data/Resources/UnitySubsystems
[Subsystems] Discovering subsystems at path C:/Users/Zachary Windover/3D Project/Assets
GfxDevice: creating device client; threaded=0; jobified=0
Direct3D:
    Version:  Direct3D 11.0 [level 11.1]
    Renderer: Intel(R) UHD Graphics 630 (ID=0x3e9b)
    Vendor:   Intel
    VRAM:     16249 MB
    Driver:   27.20.100.9664
Initialize mono
Mono path[0] = 'C:/Program Files/Unity/Hub/Editor/2022.3.16f1/Editor/Data/Managed'
Mono path[1] = 'C:/Program Files/Unity/Hub/Editor/2022.3.16f1/Editor/Data/MonoBleedingEdge/lib/mono/unityjit-win32'
Mono config path = 'C:/Program Files/Unity/Hub/Editor/2022.3.16f1/Editor/Data/MonoBleedingEdge/etc'
Using monoOptions --debugger-agent=transport=dt_socket,embedding=1,server=y,suspend=n,address=127.0.0.1:56872
Begin MonoManager ReloadAssembly
Registering precompiled unity dll's ...
Register platform support module: C:/Program Files/Unity/Hub/Editor/2022.3.16f1/Editor/Data/PlaybackEngines/WindowsStandaloneSupport/UnityEditor.WindowsStandalone.Extensions.dll
Registered in 0.010869 seconds.
- Loaded All Assemblies, in  0.468 seconds
Native extension for WindowsStandalone target not found
Mono: successfully reloaded assembly
- Finished resetting the current domain, in  0.338 seconds
Domain Reload Profiling: 805ms
	BeginReloadAssembly (130ms)
		ExecutionOrderSort (0ms)
		DisableScriptedObjects (0ms)
		BackupInstance (0ms)
		ReleaseScriptingObjects (0ms)
		CreateAndSetChildDomain (1ms)
	RebuildCommonClasses (62ms)
	RebuildNativeTypeToScriptingClass (24ms)
	initialDomainReloadingComplete (73ms)
	LoadAllAssembliesAndSetupDomain (176ms)
		LoadAssemblies (128ms)
		RebuildTransferFunctionScriptingTraits (0ms)
		AnalyzeDomain (174ms)
			TypeCache.Refresh (173ms)
				TypeCache.ScanAssembly (155ms)
			ScanForSourceGeneratedMonoScriptInfo (0ms)
			ResolveRequiredComponents (1ms)
	FinalizeReload (339ms)
		ReleaseScriptCaches (0ms)
		RebuildScriptCaches (0ms)
		SetupLoadedEditorAssemblies (269ms)
			LogAssemblyErrors (0ms)
			InitializePlatformSupportModulesInManaged (11ms)
			SetLoadedEditorAssemblies (8ms)
			RefreshPlugins (0ms)
			BeforeProcessingInitializeOnLoad (3ms)
			ProcessInitializeOnLoadAttributes (191ms)
			ProcessInitializeOnLoadMethodAttributes (56ms)
			AfterProcessingInitializeOnLoad (0ms)
			EditorAssembliesLoaded (0ms)
		ExecutionOrderSort2 (0ms)
		AwakeInstancesAfterBackupRestoration (0ms)
========================================================================
Worker process is ready to serve import requests
Begin MonoManager ReloadAssembly
Symbol file LoadedFromMemory is not a mono symbol file
- Loaded All Assemblies, in  1.074 seconds
Refreshing native plugins compatible for Editor in 11.13 ms, found 3 plugins.
Native extension for WindowsStandalone target not found
Package Manager log level set to [2]
[Package Manager] Server::EnsureServerProcessIsRunning -- launch failed, reason: Unity was launched with the -noUpm command-line argument
[Package Manager] UpmClient::Send -- Unable to send message (not connected to UPM process).
[Package Manager] Cannot connect to Unity Package Manager local server
Mono: successfully reloaded assembly
- Finished resetting the current domain, in  1.718 seconds
Domain Reload Profiling: 2787ms
	BeginReloadAssembly (175ms)
		ExecutionOrderSort (0ms)
		DisableScriptedObjects (6ms)
		BackupInstance (0ms)
		ReleaseScriptingObjects (0ms)
		CreateAndSetChildDomain (25ms)
	RebuildCommonClasses (44ms)
	RebuildNativeTypeToScriptingClass (15ms)
	initialDomainReloadingComplete (52ms)
	LoadAllAssembliesAndSetupDomain (782ms)
		LoadAssemblies (516ms)
		RebuildTransferFunctionScriptingTraits (0ms)
		AnalyzeDomain (368ms)
			TypeCache.Refresh (309ms)
				TypeCache.ScanAssembly (284ms)
			ScanForSourceGeneratedMonoScriptInfo (43ms)
			ResolveRequiredComponents (14ms)
	FinalizeReload (1718ms)
		ReleaseScriptCaches (0ms)
		RebuildScriptCaches (0ms)
		SetupLoadedEditorAssemblies (1444ms)
			LogAssemblyErrors (0ms)
			InitializePlatformSupportModulesInManaged (8ms)
			SetLoadedEditorAssemblies (5ms)
			RefreshPlugins (0ms)
			BeforeProcessingInitializeOnLoad (148ms)
			ProcessInitializeOnLoadAttributes (1037ms)
			ProcessInitializeOnLoadMethodAttributes (235ms)
			AfterProcessingInitializeOnLoad (11ms)
			EditorAssembliesLoaded (0ms)
		ExecutionOrderSort2 (0ms)
		AwakeInstancesAfterBackupRestoration (8ms)
Launched and connected shader compiler UnityShaderCompiler.exe after 0.06 seconds
Refreshing native plugins compatible for Editor in 11.20 ms, found 3 plugins.
Preloading 0 native plugins for Editor in 0.00 ms.
Unloading 7518 Unused Serialized files (Serialized files now loaded: 0)
Unloading 249 unused Assets / (13.2 MB). Loaded Objects now: 7842.
Memory consumption went from 404.6 MB to 391.4 MB.
Total: 10.760100 ms (FindLiveObjects: 0.564100 ms CreateObjectMapping: 0.547200 ms MarkObjects: 7.268800 ms  DeleteObjects: 2.379200 ms)

AssetImportParameters requested are different than current active one (requested -> active):
  custom:container-demuxer-ogg: 62fdf1f143b41e24485cea50d1cbac27 -> 
  custom:scripting/monoscript/fileName/NzExplode.cs: e4f98f8959cb12b810b0c2b197410024 -> a771d1c7e65e55e33a589dbed140eddd
  custom:framework-win-MediaFoundation: 216162199b28c13a410421893ffa2e32 -> 
  custom:scripting/monoscript/fileName/GunsMenu.cs: 0bc1edf6ed57c0bab43ed725d1f1ba4d -> 5944559c0cd4f7d33c7e6d0018381d8d
  custom:container-muxer-webm: aa71ff27fc2769a1b78a27578f13a17b -> 
  custom:video-decoder-webm-vp8: 9c59270c3fd7afecdb556c50c9e8de78 -> 
  custom:SearchIndexIgnoredProperties: e643bd26f0fe6173181afceb89e7c659 -> 
  custom:AudioImporter_EditorPlatform: d09bf68614088b80899f8185d706f6e7 -> 
  custom:scripting/monoscript/fileName/NzSelection.cs: c55ec747d7264bfcd4dc37400fd26670 -> 57f1d5d1a5f593f3ce7b04f0d3eb86f8
  custom:scripting/monoscript/fileName/NzCamNav.cs: dcee80bb59167c2f2af02b8261965603 -> 0188b1bb309ed1ce96f7283f6662ecc1
  custom:audio-decoder-ogg-vorbis: bf7c407c2cedff20999df2af8eb42d56 -> 
  custom:scripting/monoscript/fileName/CameraRotate.cs: 55021f2be27f9cda2dee249715bfd9ca -> 
  custom:audio-encoder-webm-vorbis: bf7c407c2cedff20999df2af8eb42d56 -> 
  custom:video-decoder-ogg-theora: a1e56fd34408186e4bbccfd4996cb3dc -> 
  custom:scripting/monoscript/fileName/NzAnim.cs: b3a05e6cd47e33023b215adf26b43913 -> 6d48babcd3381fd73ccf106f9983ef7f
  custom:CustomObjectIndexerAttribute: 4d1d7186bcbbfe361de5f0ad951e585c -> 
  custom:container-demuxer-webm: 4f35f7cbe854078d1ac9338744f61a02 -> 
  custom:scripting/monoscript/fileName/NzRotator.cs: 3026c715639065117df683a110552749 -> a0a30357f65f09c6634129056fab3ea0
  custom:scripting/monoscript/fileName/GunView.cs: 1e03f80d6e785d26a1193ab50381dd86 -> 739f97972279064867911384b927bafd
  custom:video-encoder-webm-vp8: eb34c28f22e8b96e1ab97ce403110664 -> 
  custom:scripting/monoscript/fileName/SimpleShoot.cs: 9327e3975ddbf2dc32e9ebbe481e78f3 -> 9fb8d3949cadcf7a4a3f243fff7319c3
========================================================================
Received Import Request.
  Time since last request: 97751.019685 seconds.
  path: Assets/Third Party Assets/Automobiles/avro-cf-105-arrow-jet/source/CF-105_Pack/CF-105_Pack/Project_packed_CF-105.blend
  artifactKey: Guid(a50f532b0c845134188e5f5c140773a6) Importer(815301076,1909f56bfc062723c751e8b465ee728b)
Start importing Assets/Third Party Assets/Automobiles/avro-cf-105-arrow-jet/source/CF-105_Pack/CF-105_Pack/Project_packed_CF-105.blend using Guid(a50f532b0c845134188e5f5c140773a6) Importer(815301076,1909f56bfc062723c751e8b465ee728b)  -> (artifact id: '8c7d2aecaa26a89f10f763e59e217257') in 6.384423 seconds
Number of updated asset objects reloaded before import = 0
Number of asset objects unloaded after import = 397
========================================================================
Received Import Request.
  Time since last request: 6.940567 seconds.
  path: Assets/Third Party Assets/Automobiles/avro-cf-105-arrow-jet/source/CF-105_Pack/CF-105_Pack/Pt Export-CF105/CF-105output0331_Ammocompo text_Height.1001.png
  artifactKey: Guid(97fe95029c6391842ae4f67bf87884cf) Importer(815301076,1909f56bfc062723c751e8b465ee728b)
Start importing Assets/Third Party Assets/Automobiles/avro-cf-105-arrow-jet/source/CF-105_Pack/CF-105_Pack/Pt Export-CF105/CF-105output0331_Ammocompo text_Height.1001.png using Guid(97fe95029c6391842ae4f67bf87884cf) Importer(815301076,1909f56bfc062723c751e8b465ee728b)  -> (artifact id: '7aa5e13bfe90cae6ab74733ac191f205') in 0.083015 seconds
Number of updated asset objects reloaded before import = 0
Number of asset objects unloaded after import = 2
========================================================================
Received Import Request.
  Time since last request: 0.000072 seconds.
  path: Assets/Third Party Assets/Automobiles/avro-cf-105-arrow-jet/source/CF-105_Pack/CF-105_Pack/Pt Export-CF105/CF-105output0331_engine text_Normal.1001.png
  artifactKey: Guid(577ffac1f0e90554387ea7bd44245cfb) Importer(815301076,1909f56bfc062723c751e8b465ee728b)
Start importing Assets/Third Party Assets/Automobiles/avro-cf-105-arrow-jet/source/CF-105_Pack/CF-105_Pack/Pt Export-CF105/CF-105output0331_engine text_Normal.1001.png using Guid(577ffac1f0e90554387ea7bd44245cfb) Importer(815301076,1909f56bfc062723c751e8b465ee728b)  -> (artifact id: '445eb0d40df5d1e0eddc9593f6832b57') in 0.104756 seconds
Number of updated asset objects reloaded before import = 0
Number of asset objects unloaded after import = 2
========================================================================
Received Import Request.
  Time since last request: 0.000123 seconds.
  path: Assets/Third Party Assets/Automobiles/avro-cf-105-arrow-jet/source/CF-105_Pack/CF-105_Pack/Pt Export-CF105/CF-105output0331_Black structure text_Metallic.1001.png
  artifactKey: Guid(cec77fbff305bf941a37c9421f2dd414) Importer(815301076,1909f56bfc062723c751e8b465ee728b)
Start importing Assets/Third Party Assets/Automobiles/avro-cf-105-arrow-jet/source/CF-105_Pack/CF-105_Pack/Pt Export-CF105/CF-105output0331_Black structure text_Metallic.1001.png using Guid(cec77fbff305bf941a37c9421f2dd414) Importer(815301076,1909f56bfc062723c751e8b465ee728b)  -> (artifact id: '0f2a347bdc12e6289810ae62650b72cb') in 0.105700 seconds
Number of updated asset objects reloaded before import = 0
Number of asset objects unloaded after import = 2
========================================================================
Received Import Request.
  Time since last request: 0.000041 seconds.
  path: Assets/Third Party Assets/Automobiles/avro-cf-105-arrow-jet/source/CF-105_Pack/CF-105_Pack/Pt Export-CF105/CF-105output0331_engine body text_Height.1001.png
  artifactKey: Guid(917eaad4e37352a4794f4fbaf159026e) Importer(815301076,1909f56bfc062723c751e8b465ee728b)
Start importing Assets/Third Party Assets/Automobiles/avro-cf-105-arrow-jet/source/CF-105_Pack/CF-105_Pack/Pt Export-CF105/CF-105output0331_engine body text_Height.1001.png using Guid(917eaad4e37352a4794f4fbaf159026e) Importer(815301076,1909f56bfc062723c751e8b465ee728b)  -> (artifact id: '3d4b39808c8d7f6037a87d875def51f7') in 0.068567 seconds
Number of updated asset objects reloaded before import = 0
Number of asset objects unloaded after import = 2
========================================================================
Received Import Request.
  Time since last request: 0.000070 seconds.
  path: Assets/Third Party Assets/Automobiles/avro-cf-105-arrow-jet/source/CF-105_Pack/CF-105_Pack/Pt Export-CF105/CF-105output0331_cabin text_Normal.1001.png
  artifactKey: Guid(c0ce87b90c0e9a7468e94886e9f036fe) Importer(815301076,1909f56bfc062723c751e8b465ee728b)
Start importing Assets/Third Party Assets/Automobiles/avro-cf-105-arrow-jet/source/CF-105_Pack/CF-105_Pack/Pt Export-CF105/CF-105output0331_cabin text_Normal.1001.png using Guid(c0ce87b90c0e9a7468e94886e9f036fe) Importer(815301076,1909f56bfc062723c751e8b465ee728b)  -> (artifact id: '0ceb217a40e20338e9f7980569fed55b') in 0.050518 seconds
Number of updated asset objects reloaded before import = 0
Number of asset objects unloaded after import = 2
========================================================================
Received Import Request.
  Time since last request: 0.000150 seconds.
  path: Assets/Third Party Assets/Automobiles/avro-cf-105-arrow-jet/source/CF-105_Pack/CF-105_Pack/Pt Export-CF105/CF-105output0331_Main body text_Metallic.1002.png
  artifactKey: Guid(e905cc958be198b41a2c89cab6c7473c) Importer(815301076,1909f56bfc062723c751e8b465ee728b)
Start importing Assets/Third Party Assets/Automobiles/avro-cf-105-arrow-jet/source/CF-105_Pack/CF-105_Pack/Pt Export-CF105/CF-105output0331_Main body text_Metallic.1002.png using Guid(e905cc958be198b41a2c89cab6c7473c) Importer(815301076,1909f56bfc062723c751e8b465ee728b)  -> (artifact id: '885aad403c3eae7ff2f32caa4122056d') in 0.081841 seconds
Number of updated asset objects reloaded before import = 0
Number of asset objects unloaded after import = 2
========================================================================
Received Import Request.
  Time since last request: 0.000045 seconds.
  path: Assets/Third Party Assets/Automobiles/avro-cf-105-arrow-jet/source/CF-105_Pack/CF-105_Pack/Pt Export-CF105/CF-105output0331_Ammocompo text_Normal.1001.png
  artifactKey: Guid(f561132b9529a3b4c948aad7bc8dec57) Importer(815301076,1909f56bfc062723c751e8b465ee728b)
Start importing Assets/Third Party Assets/Automobiles/avro-cf-105-arrow-jet/source/CF-105_Pack/CF-105_Pack/Pt Export-CF105/CF-105output0331_Ammocompo text_Normal.1001.png using Guid(f561132b9529a3b4c948aad7bc8dec57) Importer(815301076,1909f56bfc062723c751e8b465ee728b)  -> (artifact id: '4efd38c5bcb128c2f88b65befca6d8ee') in 0.060203 seconds
Number of updated asset objects reloaded before import = 0
Number of asset objects unloaded after import = 2
========================================================================
Received Import Request.
  Time since last request: 0.000110 seconds.
  path: Assets/Third Party Assets/Automobiles/avro-cf-105-arrow-jet/source/CF-105_Pack/CF-105_Pack/Pt Export-CF105/CF-105output0331_glass_Metallic.1001.png
  artifactKey: Guid(7424f90c70f8e1643b730f00f4c49b76) Importer(815301076,1909f56bfc062723c751e8b465ee728b)
Start importing Assets/Third Party Assets/Automobiles/avro-cf-105-arrow-jet/source/CF-105_Pack/CF-105_Pack/Pt Export-CF105/CF-105output0331_glass_Metallic.1001.png using Guid(7424f90c70f8e1643b730f00f4c49b76) Importer(815301076,1909f56bfc062723c751e8b465ee728b)  -> (artifact id: 'e88377ccf0429102ed4b6216c5e5a554') in 0.062772 seconds
Number of updated asset objects reloaded before import = 0
Number of asset objects unloaded after import = 2
========================================================================
Received Import Request.
  Time since last request: 0.000056 seconds.
  path: Assets/Third Party Assets/Automobiles/avro-cf-105-arrow-jet/source/CF-105_Pack/CF-105_Pack/Pt Export-CF105/CF-105output0331_engine body text_Normal.1001.png
  artifactKey: Guid(cdeaa4a0955fc9548af9ca01750524d5) Importer(815301076,1909f56bfc062723c751e8b465ee728b)
Start importing Assets/Third Party Assets/Automobiles/avro-cf-105-arrow-jet/source/CF-105_Pack/CF-105_Pack/Pt Export-CF105/CF-105output0331_engine body text_Normal.1001.png using Guid(cdeaa4a0955fc9548af9ca01750524d5) Importer(815301076,1909f56bfc062723c751e8b465ee728b)  -> (artifact id: '53e1be5c19370b2201269bd300322be9') in 0.083489 seconds
Number of updated asset objects reloaded before import = 0
Number of asset objects unloaded after import = 2
========================================================================
Received Import Request.
  Time since last request: 0.000074 seconds.
  path: Assets/Third Party Assets/Automobiles/avro-cf-105-arrow-jet/source/CF-105_Pack/CF-105_Pack/Pt Export-CF105/CF-105output0331_Main cockpit text_Height.1001.png
  artifactKey: Guid(912c100696f2b554b93aae94e7f4a975) Importer(815301076,1909f56bfc062723c751e8b465ee728b)
Start importing Assets/Third Party Assets/Automobiles/avro-cf-105-arrow-jet/source/CF-105_Pack/CF-105_Pack/Pt Export-CF105/CF-105output0331_Main cockpit text_Height.1001.png using Guid(912c100696f2b554b93aae94e7f4a975) Importer(815301076,1909f56bfc062723c751e8b465ee728b)  -> (artifact id: '4dcf199607eeb2b6b6b9fa895c5d487b') in 0.059925 seconds
Number of updated asset objects reloaded before import = 0
Number of asset objects unloaded after import = 2
========================================================================
Received Import Request.
  Time since last request: 0.000081 seconds.
  path: Assets/Third Party Assets/Automobiles/avro-cf-105-arrow-jet/source/CF-105_Pack/CF-105_Pack/Pt Export-CF105/CF-105output0331_Main body text_BaseColor.1002.png
  artifactKey: Guid(430c8d35975431242b9f14331554f574) Importer(815301076,1909f56bfc062723c751e8b465ee728b)
Start importing Assets/Third Party Assets/Automobiles/avro-cf-105-arrow-jet/source/CF-105_Pack/CF-105_Pack/Pt Export-CF105/CF-105output0331_Main body text_BaseColor.1002.png using Guid(430c8d35975431242b9f14331554f574) Importer(815301076,1909f56bfc062723c751e8b465ee728b)  -> (artifact id: '1bd47e0b82293da090a182cd712a8df2') in 0.081599 seconds
Number of updated asset objects reloaded before import = 0
Number of asset objects unloaded after import = 2
========================================================================
Received Import Request.
  Time since last request: 0.000090 seconds.
  path: Assets/Third Party Assets/Automobiles/avro-cf-105-arrow-jet/source/CF-105_Pack/CF-105_Pack/Pt Export-CF105/CF-105output0331_front flaps text_Height.1001.png
  artifactKey: Guid(8f2292f98db2ce44f9e09aca4e069294) Importer(815301076,1909f56bfc062723c751e8b465ee728b)
Start importing Assets/Third Party Assets/Automobiles/avro-cf-105-arrow-jet/source/CF-105_Pack/CF-105_Pack/Pt Export-CF105/CF-105output0331_front flaps text_Height.1001.png using Guid(8f2292f98db2ce44f9e09aca4e069294) Importer(815301076,1909f56bfc062723c751e8b465ee728b)  -> (artifact id: '7bf358fe88fdafcc708e39d397d77f27') in 0.070646 seconds
Number of updated asset objects reloaded before import = 0
Number of asset objects unloaded after import = 2
========================================================================
Received Import Request.
  Time since last request: 0.000058 seconds.
  path: Assets/Third Party Assets/Automobiles/avro-cf-105-arrow-jet/source/CF-105_Pack/CF-105_Pack/Pt Export-CF105/CF-105output0331_Main cockpit text_BaseColor.1001.png
  artifactKey: Guid(d3ff575c82334cf4abd85efb02e8d4a4) Importer(815301076,1909f56bfc062723c751e8b465ee728b)
Start importing Assets/Third Party Assets/Automobiles/avro-cf-105-arrow-jet/source/CF-105_Pack/CF-105_Pack/Pt Export-CF105/CF-105output0331_Main cockpit text_BaseColor.1001.png using Guid(d3ff575c82334cf4abd85efb02e8d4a4) Importer(815301076,1909f56bfc062723c751e8b465ee728b)  -> (artifact id: 'a0e429c4f2a72d239b648684cee7bfb8') in 0.066510 seconds
Number of updated asset objects reloaded before import = 0
Number of asset objects unloaded after import = 2
========================================================================
Received Import Request.
  Time since last request: 0.000058 seconds.
  path: Assets/Third Party Assets/Automobiles/avro-cf-105-arrow-jet/source/CF-105_Pack/CF-105_Pack/Pt Export-CF105/CF-105output0331_engine text_Roughness.1001.png
  artifactKey: Guid(25bf1b50365657d4f909e852fde62c26) Importer(815301076,1909f56bfc062723c751e8b465ee728b)
Start importing Assets/Third Party Assets/Automobiles/avro-cf-105-arrow-jet/source/CF-105_Pack/CF-105_Pack/Pt Export-CF105/CF-105output0331_engine text_Roughness.1001.png using Guid(25bf1b50365657d4f909e852fde62c26) Importer(815301076,1909f56bfc062723c751e8b465ee728b)  -> (artifact id: '09a11d0df60da955db67e53322b39195') in 0.075165 seconds
Number of updated asset objects reloaded before import = 0
Number of asset objects unloaded after import = 2
========================================================================
Received Import Request.
  Time since last request: 0.000044 seconds.
  path: Assets/Third Party Assets/Automobiles/avro-cf-105-arrow-jet/source/CF-105_Pack/CF-105_Pack/Pt Export-CF105/CF-105output0331_cabin text_Metallic.1001.png
  artifactKey: Guid(e09d1ae022bfb4a4aafe7e961aa7fc85) Importer(815301076,1909f56bfc062723c751e8b465ee728b)
Start importing Assets/Third Party Assets/Automobiles/avro-cf-105-arrow-jet/source/CF-105_Pack/CF-105_Pack/Pt Export-CF105/CF-105output0331_cabin text_Metallic.1001.png using Guid(e09d1ae022bfb4a4aafe7e961aa7fc85) Importer(815301076,1909f56bfc062723c751e8b465ee728b)  -> (artifact id: '8af78ebefbbfa44aa14549399b6ae0c0') in 0.075262 seconds
Number of updated asset objects reloaded before import = 0
Number of asset objects unloaded after import = 2
========================================================================
Received Import Request.
  Time since last request: 0.000068 seconds.
  path: Assets/Third Party Assets/Automobiles/avro-cf-105-arrow-jet/source/CF-105_Pack/CF-105_Pack/Pt Export-CF105/CF-105output0331_glass_BaseColor.1001.png
  artifactKey: Guid(0aef0d69a1a2e8540b06a88047e786ea) Importer(815301076,1909f56bfc062723c751e8b465ee728b)
Start importing Assets/Third Party Assets/Automobiles/avro-cf-105-arrow-jet/source/CF-105_Pack/CF-105_Pack/Pt Export-CF105/CF-105output0331_glass_BaseColor.1001.png using Guid(0aef0d69a1a2e8540b06a88047e786ea) Importer(815301076,1909f56bfc062723c751e8b465ee728b)  -> (artifact id: 'e80713ea7e1e91102378c8d0768b9500') in 0.079699 seconds
Number of updated asset objects reloaded before import = 0
Number of asset objects unloaded after import = 2
========================================================================
Received Import Request.
  Time since last request: 0.000120 seconds.
  path: Assets/Third Party Assets/Automobiles/avro-cf-105-arrow-jet/source/CF-105_Pack/CF-105_Pack/Pt Export-CF105/CF-105output0331_engine text_BaseColor.1001.png
  artifactKey: Guid(720e69f06347c99449c48417546f19ad) Importer(815301076,1909f56bfc062723c751e8b465ee728b)
Start importing Assets/Third Party Assets/Automobiles/avro-cf-105-arrow-jet/source/CF-105_Pack/CF-105_Pack/Pt Export-CF105/CF-105output0331_engine text_BaseColor.1001.png using Guid(720e69f06347c99449c48417546f19ad) Importer(815301076,1909f56bfc062723c751e8b465ee728b)  -> (artifact id: 'd69041578f2b4367bfcd305329e55bd8') in 0.083971 seconds
Number of updated asset objects reloaded before import = 0
Number of asset objects unloaded after import = 2
========================================================================
Received Import Request.
  Time since last request: 0.000049 seconds.
  path: Assets/Third Party Assets/Automobiles/avro-cf-105-arrow-jet/source/CF-105_Pack/CF-105_Pack/Pt Export-CF105/CF-105output0331_cabin text_BaseColor.1001.png
  artifactKey: Guid(c7fbba68f87b70143b9da373596a1e67) Importer(815301076,1909f56bfc062723c751e8b465ee728b)
Start importing Assets/Third Party Assets/Automobiles/avro-cf-105-arrow-jet/source/CF-105_Pack/CF-105_Pack/Pt Export-CF105/CF-105output0331_cabin text_BaseColor.1001.png using Guid(c7fbba68f87b70143b9da373596a1e67) Importer(815301076,1909f56bfc062723c751e8b465ee728b)  -> (artifact id: '16e27c6a799c8c6e466a57775c2f2d83') in 0.087861 seconds
Number of updated asset objects reloaded before import = 0
Number of asset objects unloaded after import = 2
========================================================================
Received Import Request.
  Time since last request: 0.000073 seconds.
  path: Assets/Third Party Assets/Automobiles/avro-cf-105-arrow-jet/source/CF-105_Pack/CF-105_Pack/Pt Export-CF105/CF-105output0331_cabin text_Height.1001.png
  artifactKey: Guid(c4a72365006907d4c8d11cb7de2c4fae) Importer(815301076,1909f56bfc062723c751e8b465ee728b)
Start importing Assets/Third Party Assets/Automobiles/avro-cf-105-arrow-jet/source/CF-105_Pack/CF-105_Pack/Pt Export-CF105/CF-105output0331_cabin text_Height.1001.png using Guid(c4a72365006907d4c8d11cb7de2c4fae) Importer(815301076,1909f56bfc062723c751e8b465ee728b)  -> (artifact id: 'fc45ed129790c3cc416d0c43e08d8667') in 0.064043 seconds
Number of updated asset objects reloaded before import = 0
Number of asset objects unloaded after import = 2
========================================================================
Received Import Request.
  Time since last request: 0.000105 seconds.
  path: Assets/Third Party Assets/Automobiles/avro-cf-105-arrow-jet/source/CF-105_Pack/CF-105_Pack/Pt Export-CF105/CF-105output0331_engine body text_BaseColor.1001.png
  artifactKey: Guid(8ac35501813d67b4f830e7cb38c9d346) Importer(815301076,1909f56bfc062723c751e8b465ee728b)
Start importing Assets/Third Party Assets/Automobiles/avro-cf-105-arrow-jet/source/CF-105_Pack/CF-105_Pack/Pt Export-CF105/CF-105output0331_engine body text_BaseColor.1001.png using Guid(8ac35501813d67b4f830e7cb38c9d346) Importer(815301076,1909f56bfc062723c751e8b465ee728b)  -> (artifact id: 'b9d76d22cf3af114709605ae7786230d') in 0.086846 seconds
Number of updated asset objects reloaded before import = 0
Number of asset objects unloaded after import = 2
========================================================================
Received Import Request.
  Time since last request: 0.000065 seconds.
  path: Assets/Third Party Assets/Automobiles/avro-cf-105-arrow-jet/source/CF-105_Pack/CF-105_Pack/Pt Export-CF105/CF-105output0331_engine text_Height.1001.png
  artifactKey: Guid(c098923bd0abcad4bb64c74fd49f84b2) Importer(815301076,1909f56bfc062723c751e8b465ee728b)
Start importing Assets/Third Party Assets/Automobiles/avro-cf-105-arrow-jet/source/CF-105_Pack/CF-105_Pack/Pt Export-CF105/CF-105output0331_engine text_Height.1001.png using Guid(c098923bd0abcad4bb64c74fd49f84b2) Importer(815301076,1909f56bfc062723c751e8b465ee728b)  -> (artifact id: '198232ff5e1c4ef2facf429c8602c66f') in 0.083013 seconds
Number of updated asset objects reloaded before import = 0
Number of asset objects unloaded after import = 2
========================================================================
Received Import Request.
  Time since last request: 0.000058 seconds.
  path: Assets/Third Party Assets/Automobiles/avro-cf-105-arrow-jet/source/CF-105_Pack/CF-105_Pack/Pt Export-CF105/CF-105output0331_Black structure text_Roughness.1001.png
  artifactKey: Guid(21cec4577160e924285472bb09b23bf7) Importer(815301076,1909f56bfc062723c751e8b465ee728b)
Start importing Assets/Third Party Assets/Automobiles/avro-cf-105-arrow-jet/source/CF-105_Pack/CF-105_Pack/Pt Export-CF105/CF-105output0331_Black structure text_Roughness.1001.png using Guid(21cec4577160e924285472bb09b23bf7) Importer(815301076,1909f56bfc062723c751e8b465ee728b)  -> (artifact id: '4236369005100af2671acaf44c9155bc') in 0.077529 seconds
Number of updated asset objects reloaded before import = 0
Number of asset objects unloaded after import = 2
========================================================================
Received Import Request.
  Time since last request: 0.000075 seconds.
  path: Assets/Third Party Assets/Automobiles/avro-cf-105-arrow-jet/source/CF-105_Pack/CF-105_Pack/Pt Export-CF105/CF-105output0331_Black structure text_Height.1001.png
  artifactKey: Guid(732735eae51255b40a129a5d2aff3f85) Importer(815301076,1909f56bfc062723c751e8b465ee728b)
Start importing Assets/Third Party Assets/Automobiles/avro-cf-105-arrow-jet/source/CF-105_Pack/CF-105_Pack/Pt Export-CF105/CF-105output0331_Black structure text_Height.1001.png using Guid(732735eae51255b40a129a5d2aff3f85) Importer(815301076,1909f56bfc062723c751e8b465ee728b)  -> (artifact id: 'c40f30bc5db18d2cbed8d372e488e55e') in 0.071959 seconds
Number of updated asset objects reloaded before import = 0
Number of asset objects unloaded after import = 2
========================================================================
Received Import Request.
  Time since last request: 0.000062 seconds.
  path: Assets/Third Party Assets/Automobiles/avro-cf-105-arrow-jet/source/CF-105_Pack/CF-105_Pack/Pt Export-CF105/CF-105output0331_glass_Roughness.1001.png
  artifactKey: Guid(c0b6b5c79ea288b448bf7d9fc2604021) Importer(815301076,1909f56bfc062723c751e8b465ee728b)
Start importing Assets/Third Party Assets/Automobiles/avro-cf-105-arrow-jet/source/CF-105_Pack/CF-105_Pack/Pt Export-CF105/CF-105output0331_glass_Roughness.1001.png using Guid(c0b6b5c79ea288b448bf7d9fc2604021) Importer(815301076,1909f56bfc062723c751e8b465ee728b)  -> (artifact id: '193c1de474ed38b75e981956bc29d43d') in 0.075903 seconds
Number of updated asset objects reloaded before import = 0
Number of asset objects unloaded after import = 2
========================================================================
Received Import Request.
  Time since last request: 0.000062 seconds.
  path: Assets/Third Party Assets/Automobiles/avro-cf-105-arrow-jet/source/CF-105_Pack/CF-105_Pack/Pt Export-CF105/CF-105output0331_engine body text_Metallic.1001.png
  artifactKey: Guid(2088a38345bc3834c9838b8f0dd0257a) Importer(815301076,1909f56bfc062723c751e8b465ee728b)
Start importing Assets/Third Party Assets/Automobiles/avro-cf-105-arrow-jet/source/CF-105_Pack/CF-105_Pack/Pt Export-CF105/CF-105output0331_engine body text_Metallic.1001.png using Guid(2088a38345bc3834c9838b8f0dd0257a) Importer(815301076,1909f56bfc062723c751e8b465ee728b)  -> (artifact id: '0aa83b3d40e9a079a77db4404540ea6e') in 0.071201 seconds
Number of updated asset objects reloaded before import = 0
Number of asset objects unloaded after import = 2
========================================================================
Received Import Request.
  Time since last request: 34.375566 seconds.
  path: Assets/Third Party Assets/Automobiles/d3s-mb-vito-panel-van-w447-15/source/D3S MB Vito Panel Van (W447) '15/vitopv.FBX
  artifactKey: Guid(b3bb462c75f84bc4e98355311665e2d1) Importer(815301076,1909f56bfc062723c751e8b465ee728b)
Start importing Assets/Third Party Assets/Automobiles/d3s-mb-vito-panel-van-w447-15/source/D3S MB Vito Panel Van (W447) '15/vitopv.FBX using Guid(b3bb462c75f84bc4e98355311665e2d1) Importer(815301076,1909f56bfc062723c751e8b465ee728b)  -> (artifact id: '6d16b31cdc70b4a2dadadc26133ec1bb') in 0.089655 seconds
Number of updated asset objects reloaded before import = 0
Number of asset objects unloaded after import = 9
========================================================================
Received Import Request.
  Time since last request: 0.000057 seconds.
  path: Assets/Third Party Assets/Automobiles/d3s-mb-vito-panel-van-w447-15/source/D3S MB Vito Panel Van (W447) '15/vitopv_i.png
  artifactKey: Guid(84ffd529e4ff4494f81c194199974c58) Importer(815301076,1909f56bfc062723c751e8b465ee728b)
Start importing Assets/Third Party Assets/Automobiles/d3s-mb-vito-panel-van-w447-15/source/D3S MB Vito Panel Van (W447) '15/vitopv_i.png using Guid(84ffd529e4ff4494f81c194199974c58) Importer(815301076,1909f56bfc062723c751e8b465ee728b)  -> (artifact id: 'd0b5726863de8ab8a84c08c5ff0072b8') in 0.078852 seconds
Number of updated asset objects reloaded before import = 0
Number of asset objects unloaded after import = 2
========================================================================
Received Import Request.
  Time since last request: 0.000100 seconds.
  path: Assets/Third Party Assets/Automobiles/d3s-mb-vito-panel-van-w447-15/source/D3S MB Vito Panel Van (W447) '15/vitopv_d.png
  artifactKey: Guid(d54a738111bd69041a225ebdb8a56027) Importer(815301076,1909f56bfc062723c751e8b465ee728b)
Start importing Assets/Third Party Assets/Automobiles/d3s-mb-vito-panel-van-w447-15/source/D3S MB Vito Panel Van (W447) '15/vitopv_d.png using Guid(d54a738111bd69041a225ebdb8a56027) Importer(815301076,1909f56bfc062723c751e8b465ee728b)  -> (artifact id: '45e5c417e7df9c7572c8ec7081cdcfde') in 0.079255 seconds
Number of updated asset objects reloaded before import = 0
Number of asset objects unloaded after import = 2
========================================================================
Received Import Request.
  Time since last request: 0.000056 seconds.
  path: Assets/Third Party Assets/Automobiles/d3s-mb-vito-panel-van-w447-15/source/D3S MB Vito Panel Van (W447) '15/vitopv_lod_d.png
  artifactKey: Guid(3b7132350fa4fca4ead1b5fd64d13f7b) Importer(815301076,1909f56bfc062723c751e8b465ee728b)
Start importing Assets/Third Party Assets/Automobiles/d3s-mb-vito-panel-van-w447-15/source/D3S MB Vito Panel Van (W447) '15/vitopv_lod_d.png using Guid(3b7132350fa4fca4ead1b5fd64d13f7b) Importer(815301076,1909f56bfc062723c751e8b465ee728b)  -> (artifact id: 'b4b1dad8aae931778a5875e236af30ec') in 0.070815 seconds
Number of updated asset objects reloaded before import = 0
Number of asset objects unloaded after import = 2
========================================================================
Received Import Request.
  Time since last request: 0.000077 seconds.
  path: Assets/Third Party Assets/Automobiles/d3s-mb-vito-panel-van-w447-15/source/D3S MB Vito Panel Van (W447) '15/vitopv_lod.FBX
  artifactKey: Guid(eac5d18be1c57d842a1fd11e8fddb14d) Importer(815301076,1909f56bfc062723c751e8b465ee728b)
Start importing Assets/Third Party Assets/Automobiles/d3s-mb-vito-panel-van-w447-15/source/D3S MB Vito Panel Van (W447) '15/vitopv_lod.FBX using Guid(eac5d18be1c57d842a1fd11e8fddb14d) Importer(815301076,1909f56bfc062723c751e8b465ee728b)  -> (artifact id: '7f0935e26d1295cba770c8c2b881c5a4') in 0.133685 seconds
Number of updated asset objects reloaded before import = 0
Number of asset objects unloaded after import = 9
========================================================================
Received Import Request.
  Time since last request: 86.612004 seconds.
  path: Assets/Third Party Assets/Automobiles/free-armored-police-vehicle/source/Armored Police Vehicle.fbx
  artifactKey: Guid(7cdd660fed35de74a9067c7e02845ed9) Importer(815301076,1909f56bfc062723c751e8b465ee728b)
Start importing Assets/Third Party Assets/Automobiles/free-armored-police-vehicle/source/Armored Police Vehicle.fbx using Guid(7cdd660fed35de74a9067c7e02845ed9) Importer(815301076,1909f56bfc062723c751e8b465ee728b)  -> (artifact id: '5d1ef70beb3a37c4605d7dc3ab9eef87') in 2.602879 seconds
Number of updated asset objects reloaded before import = 0
Number of asset objects unloaded after import = 349
========================================================================
Received Import Request.
  Time since last request: 12.262424 seconds.
  path: Assets/Third Party Assets/Automobiles/free-armored-police-vehicle/textures/exterior_ao.png
  artifactKey: Guid(f1f5c87dc34260740aba958187dab97a) Importer(815301076,1909f56bfc062723c751e8b465ee728b)
Start importing Assets/Third Party Assets/Automobiles/free-armored-police-vehicle/textures/exterior_ao.png using Guid(f1f5c87dc34260740aba958187dab97a) Importer(815301076,1909f56bfc062723c751e8b465ee728b)  -> (artifact id: 'b1b3c08cb8b061684b3e9e39a8f8af7c') in 0.086976 seconds
Number of updated asset objects reloaded before import = 0
Number of asset objects unloaded after import = 2
========================================================================
Received Import Request.
  Time since last request: 0.000074 seconds.
  path: Assets/Third Party Assets/Automobiles/free-armored-police-vehicle/textures/wheel_normal.png
  artifactKey: Guid(f2aa8910a4d03534ba58c947afe97a00) Importer(815301076,1909f56bfc062723c751e8b465ee728b)
Start importing Assets/Third Party Assets/Automobiles/free-armored-police-vehicle/textures/wheel_normal.png using Guid(f2aa8910a4d03534ba58c947afe97a00) Importer(815301076,1909f56bfc062723c751e8b465ee728b)  -> (artifact id: '79c76bf39b7f69535348a34a63c59fe7') in 0.095300 seconds
Number of updated asset objects reloaded before import = 0
Number of asset objects unloaded after import = 2
========================================================================
Received Import Request.
  Time since last request: 0.000065 seconds.
  path: Assets/Third Party Assets/Automobiles/free-armored-police-vehicle/textures/exterior_basecolor.png
  artifactKey: Guid(697e4ca5f61162b49983fa9a01c0412e) Importer(815301076,1909f56bfc062723c751e8b465ee728b)
Start importing Assets/Third Party Assets/Automobiles/free-armored-police-vehicle/textures/exterior_basecolor.png using Guid(697e4ca5f61162b49983fa9a01c0412e) Importer(815301076,1909f56bfc062723c751e8b465ee728b)  -> (artifact id: '2fc339ce44c89632462086ca041f26de') in 0.077313 seconds
Number of updated asset objects reloaded before import = 0
Number of asset objects unloaded after import = 2
========================================================================
Received Import Request.
  Time since last request: 0.000084 seconds.
  path: Assets/Third Party Assets/Automobiles/free-armored-police-vehicle/textures/wheel_roughness.png
  artifactKey: Guid(cbcae8ec15a67d0409e30c3cfb0b9776) Importer(815301076,1909f56bfc062723c751e8b465ee728b)
Start importing Assets/Third Party Assets/Automobiles/free-armored-police-vehicle/textures/wheel_roughness.png using Guid(cbcae8ec15a67d0409e30c3cfb0b9776) Importer(815301076,1909f56bfc062723c751e8b465ee728b)  -> (artifact id: '6caa370e726f22ed68a6a566c1228e75') in 0.077154 seconds
Number of updated asset objects reloaded before import = 0
Number of asset objects unloaded after import = 2
========================================================================
Received Import Request.
  Time since last request: 0.000058 seconds.
  path: Assets/Third Party Assets/Automobiles/free-armored-police-vehicle/textures/interior_ao.png
  artifactKey: Guid(dab4f9342e45ae344bc4295acbcd34a4) Importer(815301076,1909f56bfc062723c751e8b465ee728b)
Start importing Assets/Third Party Assets/Automobiles/free-armored-police-vehicle/textures/interior_ao.png using Guid(dab4f9342e45ae344bc4295acbcd34a4) Importer(815301076,1909f56bfc062723c751e8b465ee728b)  -> (artifact id: 'b5d5297d8b54c45029b5c677be46cf61') in 0.077901 seconds
Number of updated asset objects reloaded before import = 0
Number of asset objects unloaded after import = 2
========================================================================
Received Import Request.
  Time since last request: 0.000060 seconds.
  path: Assets/Third Party Assets/Automobiles/free-armored-police-vehicle/textures/wheel_metallic.png
  artifactKey: Guid(ecf9f333b50553c4a884bf5b2295d8ff) Importer(815301076,1909f56bfc062723c751e8b465ee728b)
Start importing Assets/Third Party Assets/Automobiles/free-armored-police-vehicle/textures/wheel_metallic.png using Guid(ecf9f333b50553c4a884bf5b2295d8ff) Importer(815301076,1909f56bfc062723c751e8b465ee728b)  -> (artifact id: '78fc47b39834927a5a1a95a514642cb6') in 0.078426 seconds
Number of updated asset objects reloaded before import = 0
Number of asset objects unloaded after import = 2
========================================================================
Received Import Request.
  Time since last request: 0.000045 seconds.
  path: Assets/Third Party Assets/Automobiles/free-armored-police-vehicle/textures/interior_normal.png
  artifactKey: Guid(38c18c4297dfbbe4b90c229e9e51dd8c) Importer(815301076,1909f56bfc062723c751e8b465ee728b)
Start importing Assets/Third Party Assets/Automobiles/free-armored-police-vehicle/textures/interior_normal.png using Guid(38c18c4297dfbbe4b90c229e9e51dd8c) Importer(815301076,1909f56bfc062723c751e8b465ee728b)  -> (artifact id: '935e89b7fa11599bd06094b1d9cacfbe') in 0.097382 seconds
Number of updated asset objects reloaded before import = 0
Number of asset objects unloaded after import = 2
========================================================================
Received Import Request.
  Time since last request: 35.033676 seconds.
  path: Assets/Third Party Assets/Automobiles/free-armored-police-vehicle/source/Materials/exterior_basecolor.mat
  artifactKey: Guid(e90562b8ed14b5d49bfb8b2ad39cfa3c) Importer(815301076,1909f56bfc062723c751e8b465ee728b)
Start importing Assets/Third Party Assets/Automobiles/free-armored-police-vehicle/source/Materials/exterior_basecolor.mat using Guid(e90562b8ed14b5d49bfb8b2ad39cfa3c) Importer(815301076,1909f56bfc062723c751e8b465ee728b)  -> (artifact id: '82921776c872ab0b4e9b7810a5a494c5') in 0.085441 seconds
Number of updated asset objects reloaded before import = 0
Number of asset objects unloaded after import = 3
========================================================================
Received Import Request.
  Time since last request: 0.000062 seconds.
  path: Assets/Third Party Assets/Automobiles/free-armored-police-vehicle/source/Materials/lights.mat
  artifactKey: Guid(c51e4f4e9fe1e334182f25baaaca412b) Importer(815301076,1909f56bfc062723c751e8b465ee728b)
Start importing Assets/Third Party Assets/Automobiles/free-armored-police-vehicle/source/Materials/lights.mat using Guid(c51e4f4e9fe1e334182f25baaaca412b) Importer(815301076,1909f56bfc062723c751e8b465ee728b)  -> (artifact id: '6a3d75178931aff787feefde26f50352') in 0.114034 seconds
Number of updated asset objects reloaded before import = 0
Number of asset objects unloaded after import = 2
========================================================================
Received Import Request.
  Time since last request: 37.935242 seconds.
  path: Assets/Third Party Assets/Automobiles/koenigsegg-jesko/source/Koenigsegg Jesco/Fabric004_1K_NormalGL.jpg
  artifactKey: Guid(f4413cb233eddc142a082b74ff3fda12) Importer(815301076,1909f56bfc062723c751e8b465ee728b)
Start importing Assets/Third Party Assets/Automobiles/koenigsegg-jesko/source/Koenigsegg Jesco/Fabric004_1K_NormalGL.jpg using Guid(f4413cb233eddc142a082b74ff3fda12) Importer(815301076,1909f56bfc062723c751e8b465ee728b)  -> (artifact id: '98422e6b22c0a794d0678100621cadb0') in 0.075930 seconds
Number of updated asset objects reloaded before import = 0
Number of asset objects unloaded after import = 2
========================================================================
Received Import Request.
  Time since last request: 0.000057 seconds.
  path: Assets/Third Party Assets/Automobiles/koenigsegg-jesko/source/Koenigsegg Jesco/Koenigsegg Jesko.fbx
  artifactKey: Guid(b77f64b941f1455498131565d5194cfd) Importer(815301076,1909f56bfc062723c751e8b465ee728b)
Start importing Assets/Third Party Assets/Automobiles/koenigsegg-jesko/source/Koenigsegg Jesco/Koenigsegg Jesko.fbx using Guid(b77f64b941f1455498131565d5194cfd) Importer(815301076,1909f56bfc062723c751e8b465ee728b)  -> (artifact id: 'c8c24f5aaf1245c401089a4cfff94544') in 0.965520 seconds
Number of updated asset objects reloaded before import = 0
Number of asset objects unloaded after import = 141
========================================================================
Received Import Request.
  Time since last request: 20.577926 seconds.
  path: Assets/Third Party Assets/Automobiles/koenigsegg-jesko/textures/Fabric004_1K_Color.jpeg
  artifactKey: Guid(6f8f18af987a802489b3afaa9c843046) Importer(815301076,1909f56bfc062723c751e8b465ee728b)
Start importing Assets/Third Party Assets/Automobiles/koenigsegg-jesko/textures/Fabric004_1K_Color.jpeg using Guid(6f8f18af987a802489b3afaa9c843046) Importer(815301076,1909f56bfc062723c751e8b465ee728b)  -> (artifact id: '84ae6d1bf2681b02e6413964cef54cb0') in 0.063598 seconds
Number of updated asset objects reloaded before import = 0
Number of asset objects unloaded after import = 2
========================================================================
Received Import Request.
  Time since last request: 0.000062 seconds.
  path: Assets/Third Party Assets/Automobiles/koenigsegg-jesko/textures/grill.png
  artifactKey: Guid(ad96d1995892c704a86d6e997790310e) Importer(815301076,1909f56bfc062723c751e8b465ee728b)
Start importing Assets/Third Party Assets/Automobiles/koenigsegg-jesko/textures/grill.png using Guid(ad96d1995892c704a86d6e997790310e) Importer(815301076,1909f56bfc062723c751e8b465ee728b)  -> (artifact id: '44c03c925b7db01781b6a7c097638900') in 0.055867 seconds
Number of updated asset objects reloaded before import = 0
Number of asset objects unloaded after import = 2
========================================================================
Received Import Request.
  Time since last request: 52.729582 seconds.
  path: Assets/Third Party Assets/Automobiles/mclaren-senna-free/source/senna/senna.obj
  artifactKey: Guid(4e978af55a2d1714a86847d1e6933047) Importer(815301076,1909f56bfc062723c751e8b465ee728b)
Start importing Assets/Third Party Assets/Automobiles/mclaren-senna-free/source/senna/senna.obj using Guid(4e978af55a2d1714a86847d1e6933047) Importer(815301076,1909f56bfc062723c751e8b465ee728b)  -> (artifact id: 'bd59a0edbad8dbacebc9941dd1787eb8') in 1.878079 seconds
Number of updated asset objects reloaded before import = 0
Number of asset objects unloaded after import = 114
========================================================================
Received Import Request.
  Time since last request: 3.417556 seconds.
  path: Assets/Third Party Assets/Primary/Assault Rifles/AK-74u/Materials/AK-74u_mat.mat
  artifactKey: Guid(e7befdcb97e688d4b9bc5413c882432c) Importer(815301076,1909f56bfc062723c751e8b465ee728b)
Start importing Assets/Third Party Assets/Primary/Assault Rifles/AK-74u/Materials/AK-74u_mat.mat using Guid(e7befdcb97e688d4b9bc5413c882432c) Importer(815301076,1909f56bfc062723c751e8b465ee728b)  -> (artifact id: '192f8fb7da87e8dfa5ef16562d22143e') in 0.095894 seconds
Number of updated asset objects reloaded before import = 0
Number of asset objects unloaded after import = 4
========================================================================
Received Import Request.
  Time since last request: 161.037745 seconds.
  path: Assets/Third Party Assets/Automobiles/toyota-supra/textures/20160204_02_01.jpeg
  artifactKey: Guid(e711b8024ea36964e8fc16cac7dadef8) Importer(815301076,1909f56bfc062723c751e8b465ee728b)
Start importing Assets/Third Party Assets/Automobiles/toyota-supra/textures/20160204_02_01.jpeg using Guid(e711b8024ea36964e8fc16cac7dadef8) Importer(815301076,1909f56bfc062723c751e8b465ee728b)  -> (artifact id: '6324832068fd405aefb87362767e4ea2') in 0.079619 seconds
Number of updated asset objects reloaded before import = 0
Number of asset objects unloaded after import = 2
========================================================================
Received Import Request.
  Time since last request: 0.000076 seconds.
  path: Assets/Third Party Assets/Automobiles/toyota-supra/textures/Interior.png
  artifactKey: Guid(0fca3d7a5a02b2b45bac5e32a47cde16) Importer(815301076,1909f56bfc062723c751e8b465ee728b)
Start importing Assets/Third Party Assets/Automobiles/toyota-supra/textures/Interior.png using Guid(0fca3d7a5a02b2b45bac5e32a47cde16) Importer(815301076,1909f56bfc062723c751e8b465ee728b)  -> (artifact id: '7fb654bb34de454da3607876577fda32') in 0.114013 seconds
Number of updated asset objects reloaded before import = 0
Number of asset objects unloaded after import = 2
========================================================================
Received Import Request.
  Time since last request: 0.000078 seconds.
  path: Assets/Third Party Assets/Automobiles/toyota-supra/textures/Taillight.png
  artifactKey: Guid(23f31125cd25151419bd19075947a6a5) Importer(815301076,1909f56bfc062723c751e8b465ee728b)
Start importing Assets/Third Party Assets/Automobiles/toyota-supra/textures/Taillight.png using Guid(23f31125cd25151419bd19075947a6a5) Importer(815301076,1909f56bfc062723c751e8b465ee728b)  -> (artifact id: '6b68c6b5f60b7e42bfad2f3e2f6f1bfc') in 0.103915 seconds
Number of updated asset objects reloaded before import = 0
Number of asset objects unloaded after import = 2
========================================================================
Received Import Request.
  Time since last request: 8.217270 seconds.
  path: Assets/Third Party Assets/Automobiles/terradyne-gurkha-military-truck-game-model/source/Military Truck Textured.fbx
  artifactKey: Guid(f4c065105d5774a4893c042e7ed0147d) Importer(815301076,1909f56bfc062723c751e8b465ee728b)
Start importing Assets/Third Party Assets/Automobiles/terradyne-gurkha-military-truck-game-model/source/Military Truck Textured.fbx using Guid(f4c065105d5774a4893c042e7ed0147d) Importer(815301076,1909f56bfc062723c751e8b465ee728b)  -> (artifact id: 'feb35703e59f13a8160a03f3d3dea534') in 1.027337 seconds
Number of updated asset objects reloaded before import = 0
Number of asset objects unloaded after import = 79
========================================================================
Received Import Request.
  Time since last request: 55.704048 seconds.
  path: Assets/Third Party Assets/Automobiles/porsche-gt3-rs/textures/carbon.png
  artifactKey: Guid(cf2c29a6fd2f08248bd63628b703a6ca) Importer(815301076,1909f56bfc062723c751e8b465ee728b)
Start importing Assets/Third Party Assets/Automobiles/porsche-gt3-rs/textures/carbon.png using Guid(cf2c29a6fd2f08248bd63628b703a6ca) Importer(815301076,1909f56bfc062723c751e8b465ee728b)  -> (artifact id: 'd0e28ce9c20dfd178b9c9400a5671031') in 0.071875 seconds
Number of updated asset objects reloaded before import = 0
Number of asset objects unloaded after import = 2
========================================================================
Received Import Request.
  Time since last request: 0.000082 seconds.
  path: Assets/Third Party Assets/Automobiles/porsche-gt3-rs/textures/ptn_grillround_002_opac.png
  artifactKey: Guid(f2c9efc7a8138ea4c90bc24405b87ef6) Importer(815301076,1909f56bfc062723c751e8b465ee728b)
Start importing Assets/Third Party Assets/Automobiles/porsche-gt3-rs/textures/ptn_grillround_002_opac.png using Guid(f2c9efc7a8138ea4c90bc24405b87ef6) Importer(815301076,1909f56bfc062723c751e8b465ee728b)  -> (artifact id: '18580bd889291adee71e41a3b4c3ae1c') in 0.063943 seconds
Number of updated asset objects reloaded before import = 0
Number of asset objects unloaded after import = 2
========================================================================
Received Import Request.
  Time since last request: 0.000072 seconds.
  path: Assets/Third Party Assets/Automobiles/porsche-gt3-rs/textures/internal_ground_ao_texture.jpeg
  artifactKey: Guid(d6e97c00f2692fb4cac316d1c620dc50) Importer(815301076,1909f56bfc062723c751e8b465ee728b)
Start importing Assets/Third Party Assets/Automobiles/porsche-gt3-rs/textures/internal_ground_ao_texture.jpeg using Guid(d6e97c00f2692fb4cac316d1c620dc50) Importer(815301076,1909f56bfc062723c751e8b465ee728b)  -> (artifact id: '1d9ceaaad3b6d3cd60161e482ca87901') in 0.066241 seconds
Number of updated asset objects reloaded before import = 0
Number of asset objects unloaded after import = 2
========================================================================
Received Import Request.
  Time since last request: 0.000059 seconds.
  path: Assets/Third Party Assets/Automobiles/porsche-gt3-rs/textures/Porsche Emblem.png.001.png
  artifactKey: Guid(9f15260ed724b83418a39cb04aac63f7) Importer(815301076,1909f56bfc062723c751e8b465ee728b)
Start importing Assets/Third Party Assets/Automobiles/porsche-gt3-rs/textures/Porsche Emblem.png.001.png using Guid(9f15260ed724b83418a39cb04aac63f7) Importer(815301076,1909f56bfc062723c751e8b465ee728b)  -> (artifact id: '0f75485cb1d1cdb7683ced18e7f6a3ea') in 0.061022 seconds
Number of updated asset objects reloaded before import = 0
Number of asset objects unloaded after import = 2
Editor requested this worker to shutdown with reason: Scaling down because of idle timeout
TcpMessagingSession - receive error: operation aborted. errorcode: 995, details: The I/O operation has been aborted because of either a thread exit or an application request.
AssetImportWorker is now disconnected from the server
Process exiting
Exiting without the bug reporter. Application will terminate with return code 0